[0m==> preprocessing data: colorspace RGB -> YUV[0m	
[0m==> preprocessing data: normalize each feature (channel) globally[0m	
[0m==> normalize labels in 0..1[0m	
[0m==> preprocessing data: normalize all three channels locally[0m	
[0m==> verify statistics[0m	
[0mtraining data, y-channel, mean: 0.0056640856316631[0m	
[0mtraining data, y-channel, standard deviation: 0.48846147980229[0m	
[0mtraining data, u-channel, mean: 0.0076240640583131[0m	
[0mtraining data, u-channel, standard deviation: 0.62027075664532[0m	
[0mtraining data, v-channel, mean: -0.0012524346347775[0m	
[0mtraining data, v-channel, standard deviation: 0.37740295298808[0m	
[0m==> defining test procedure[0m	
------------epoch 1------------
current loss tr = 0.038062475786343
current loss ts = 0.15129747572955
------------epoch 2------------
current loss tr = 0.005373769197271
current loss ts = 0.20073504372724
------------epoch 3------------
current loss tr = 0.0016850825681456
current loss ts = 0.17817734392189
------------epoch 4------------
current loss tr = 0.0011058350327207
current loss ts = 0.21248032057364
------------epoch 5------------
current loss tr = 0.0007767717087039
current loss ts = 0.1809460870703
------------epoch 6------------
current loss tr = 0.00060056417494406
current loss ts = 0.14412293682656
------------epoch 7------------
current loss tr = 0.00048693164053369
current loss ts = 0.13165168511787
------------epoch 8------------
current loss tr = 0.00040839256229167
current loss ts = 0.12679261910494
------------epoch 9------------
current loss tr = 0.00034934021311744
current loss ts = 0.12128597225928
------------epoch 10------------
current loss tr = 0.0002966299187206
current loss ts = 0.1171932083577
------------epoch 11------------
current loss tr = 0.00025158711719456
current loss ts = 0.11657280786541
------------epoch 12------------
current loss tr = 0.00021640085043532
current loss ts = 0.11876031599556
------------epoch 13------------
current loss tr = 0.00018914658542709
current loss ts = 0.12257614169159
------------epoch 14------------
current loss tr = 0.00016796546302608
current loss ts = 0.12735737471467
------------epoch 15------------
current loss tr = 0.0001512411708102
current loss ts = 0.13292596978809
------------epoch 16------------
current loss tr = 0.00013773033639762
current loss ts = 0.13921469230481
------------epoch 17------------
current loss tr = 0.00012654568038922
current loss ts = 0.14577998095902
------------epoch 18------------
current loss tr = 0.0001170782350896
current loss ts = 0.15173196232964
------------epoch 19------------
current loss tr = 0.00010892033478964
current loss ts = 0.15663171483827
------------epoch 20------------
current loss tr = 0.00010179542934048
current loss ts = 0.16068032028579
------------epoch 21------------
current loss tr = 9.5510426780836e-05
current loss ts = 0.16394492606753
------------epoch 22------------
current loss tr = 8.9926471979072e-05
current loss ts = 0.16633127029616
------------epoch 23------------
current loss tr = 8.4936199602116e-05
current loss ts = 0.16794353169774
------------epoch 24------------
current loss tr = 8.0449884516671e-05
current loss ts = 0.16898476748635
------------epoch 25------------
current loss tr = 7.6395771757746e-05
current loss ts = 0.16965927439778
------------epoch 26------------
current loss tr = 7.2720075215638e-05
current loss ts = 0.17009169819847
------------epoch 27------------
current loss tr = 6.9381228018419e-05
current loss ts = 0.17036520586875
------------epoch 28------------
current loss tr = 6.6341643678604e-05
current loss ts = 0.17055108679323
------------epoch 29------------
current loss tr = 6.3562796005311e-05
current loss ts = 0.1707015865185
------------epoch 30------------
current loss tr = 6.1007888474328e-05
current loss ts = 0.17084570037745
------------epoch 31------------
current loss tr = 5.8645477738868e-05
current loss ts = 0.17099415453287
------------epoch 32------------
current loss tr = 5.6450267485163e-05
current loss ts = 0.17114694949643
------------epoch 33------------
current loss tr = 5.4402277982896e-05
current loss ts = 0.17129954929829
------------epoch 34------------
current loss tr = 5.2485647617699e-05
current loss ts = 0.17144655373893
------------epoch 35------------
current loss tr = 5.0687548553391e-05
current loss ts = 0.17158331760527
------------epoch 36------------
current loss tr = 4.8997330176166e-05
current loss ts = 0.1717063871413
------------epoch 37------------
current loss tr = 4.740589264499e-05
current loss ts = 0.17181341453992
------------epoch 38------------
current loss tr = 4.5905260979135e-05
current loss ts = 0.17190292172052
------------epoch 39------------
current loss tr = 4.4488314369237e-05
current loss ts = 0.17197408240753
------------epoch 40------------
current loss tr = 4.3148620710403e-05
current loss ts = 0.17202657410609
------------epoch 41------------
current loss tr = 4.1880334067823e-05
current loss ts = 0.17206049312913
------------epoch 42------------
current loss tr = 4.0678126806421e-05
current loss ts = 0.17207630595087
------------epoch 43------------
current loss tr = 3.953714063305e-05
current loss ts = 0.17207481142116
------------epoch 44------------
current loss tr = 3.8452948218812e-05
current loss ts = 0.17205709724821
------------epoch 45------------
current loss tr = 3.7421520226509e-05
current loss ts = 0.17202448287997
------------epoch 46------------
current loss tr = 3.6439194030264e-05
current loss ts = 0.17197844692899
------------epoch 47------------
current loss tr = 3.5502642101619e-05
current loss ts = 0.17192054123316
------------epoch 48------------
current loss tr = 3.4608840269669e-05
current loss ts = 0.17185229712132
------------epoch 49------------
current loss tr = 3.375503791237e-05
current loss ts = 0.17177513316821
------------epoch 50------------
current loss tr = 3.2938732498693e-05
current loss ts = 0.1716902766978
------------epoch 51------------
current loss tr = 3.2157649523554e-05
current loss ts = 0.17159871153009
------------epoch 52------------
current loss tr = 3.1409726638915e-05
current loss ts = 0.17150116059982
------------epoch 53------------
current loss tr = 3.0693099088868e-05
current loss ts = 0.17139810472291
------------epoch 54------------
current loss tr = 3.0006083371844e-05
current loss ts = 0.17128983048171
------------epoch 55------------
current loss tr = 2.9347157364229e-05
current loss ts = 0.1711764940633
------------epoch 56------------
current loss tr = 2.8714937128354e-05
current loss ts = 0.17105818603522
------------epoch 57------------
current loss tr = 2.8108152284488e-05
current loss ts = 0.17093498472232
------------epoch 58------------
current loss tr = 2.7525622507145e-05
current loss ts = 0.17080699152308
------------epoch 59------------
current loss tr = 2.6966237352037e-05
current loss ts = 0.17067434772723
------------epoch 60------------
current loss tr = 2.6428940631371e-05
current loss ts = 0.17053723698832
------------epoch 61------------
current loss tr = 2.5912719475304e-05
current loss ts = 0.17039587952258
------------epoch 62------------
current loss tr = 2.5416597441225e-05
current loss ts = 0.17025052361065
------------epoch 63------------
current loss tr = 2.4939630687172e-05
current loss ts = 0.17010143812128
------------epoch 64------------
current loss tr = 2.4480906226917e-05
current loss ts = 0.16994890767993
------------epoch 65------------
current loss tr = 2.403954146895e-05
current loss ts = 0.16979323049886
------------epoch 66------------
current loss tr = 2.3614684470805e-05
current loss ts = 0.16963471800785
------------epoch 67------------
current loss tr = 2.32055145374e-05
current loss ts = 0.16947369518154
------------epoch 68------------
current loss tr = 2.2811242934143e-05
current loss ts = 0.16931050061723
------------epoch 69------------
current loss tr = 2.2431113578091e-05
current loss ts = 0.16914548575118
------------epoch 70------------
current loss tr = 2.2064403628352e-05
current loss ts = 0.16897901295238
------------epoch 71------------
current loss tr = 2.171042393325e-05
current loss ts = 0.16881145251528
------------epoch 72------------
current loss tr = 2.1368519315292e-05
current loss ts = 0.16864317875811
------------epoch 73------------
current loss tr = 2.1038068689931e-05
current loss ts = 0.16847456552443
------------epoch 74------------
current loss tr = 2.071848502234e-05
current loss ts = 0.16830598140318
------------epoch 75------------
current loss tr = 2.0409215128212e-05
current loss ts = 0.16813778495009
------------epoch 76------------
current loss tr = 2.0109739320614e-05
current loss ts = 0.16797032013356
------------epoch 77------------
current loss tr = 1.9819570896084e-05
current loss ts = 0.16780391215946
------------epoch 78------------
current loss tr = 1.9538255441673e-05
current loss ts = 0.1676388637649
------------epoch 79------------
current loss tr = 1.9265369933672e-05
current loss ts = 0.16747545202054
------------epoch 80------------
current loss tr = 1.9000521592358e-05
current loss ts = 0.16731392564962
------------epoch 81------------
current loss tr = 1.8743346459122e-05
current loss ts = 0.16715450286003
------------epoch 82------------
current loss tr = 1.8493507675597e-05
current loss ts = 0.16699736969245
------------epoch 83------------
current loss tr = 1.8250693469274e-05
current loss ts = 0.1668426789045
------------epoch 84------------
current loss tr = 1.8014614883551e-05
current loss ts = 0.16669054943174
------------epoch 85------------
current loss tr = 1.7785003326223e-05
current loss ts = 0.1665410664796
------------epoch 86------------
current loss tr = 1.756160804094e-05
current loss ts = 0.16639428229938
------------epoch 87------------
current loss tr = 1.7344193623654e-05
current loss ts = 0.16625021768164
------------epoch 88------------
current loss tr = 1.7132537705569e-05
current loss ts = 0.16610886416219
------------epoch 89------------
current loss tr = 1.6926428905409e-05
current loss ts = 0.16597018688712
------------epoch 90------------
current loss tr = 1.6725665121007e-05
current loss ts = 0.16583412803137
------------epoch 91------------
current loss tr = 1.6530052190623e-05
current loss ts = 0.16570061062224
------------epoch 92------------
current loss tr = 1.6339402915945e-05
current loss ts = 0.16556954259135
------------epoch 93------------
current loss tr = 1.615353640785e-05
current loss ts = 0.16544082087066
------------epoch 94------------
current loss tr = 1.5972277696226e-05
current loss ts = 0.16531433535913
------------epoch 95------------
current loss tr = 1.5795457537035e-05
current loss ts = 0.16518997261315
------------epoch 96------------
current loss tr = 1.5622912351352e-05
current loss ts = 0.1650676191494
------------epoch 97------------
current loss tr = 1.5454484239522e-05
current loss ts = 0.1649471642881
------------epoch 98------------
current loss tr = 1.5290021025328e-05
current loss ts = 0.16482850250184
------------epoch 99------------
current loss tr = 1.512937629775e-05
current loss ts = 0.16471153526735
------------epoch 100------------
current loss tr = 1.4972409429487e-05
current loss ts = 0.16459617244228
------------epoch 101------------
current loss tr = 1.4818985560941e-05
current loss ts = 0.16448233320693
------------epoch 102------------
current loss tr = 1.466897554562e-05
current loss ts = 0.1643699466209
------------epoch 103------------
current loss tr = 1.4522255857812e-05
current loss ts = 0.16425895184972
------------epoch 104------------
current loss tr = 1.437870846647e-05
current loss ts = 0.16414929811675
------------epoch 105------------
