[0m------original labels-----[0m	
[0m------log1p labels-----[0m	
[0m------log labels-----[0m	
[0mtorch.FloatTensor[0m	
[0m==> preprocessing data: normalize each feature (channel) globally[0m	

 128
   3
  32
  32
[torch.LongStorage of size 4]

[0mlast labels[0m	
[0;36m0[0m	
[0;36m4.6151205168413[0m	
 0.0108  0.0013  0.0026  0.0042
 3.3036  3.4078  3.2644  3.3320
 0.0069  0.0074  0.0068  0.0071
 0.0127  0.0055  0.0082  0.0052
 3.8357  4.1486  3.8774  3.7759
 0.8659  0.8338  1.0121  0.8116
 0.0109  0.0140  0.0139  0.0154
 0.0009  0.0009  0.0010  0.0010
 0.4767  0.4907  0.5651  0.9369
 0.0018  0.0022  0.0013  0.0016
 0.0211  0.0204  0.0224  0.0187
 0.0010  0.0008  0.0020  0.0009
 0.2210  0.2013  0.2587  0.2643
 0.0000  0.0000  0.0000  0.0000
 0.0004  0.0004  0.0004  0.0004
 0.2539  0.2571  0.2840  0.2554
 0.0090  0.0112  0.0099  0.0100
 3.2595  3.5641  3.8717  3.4761
 0.0103  0.0129  0.0089  0.0094
 0.0009  0.0008  0.0014  0.0009
 4.0583  4.0420  4.0201  4.1417
 3.3751  3.3638  3.5154  3.3345
 0.0077  0.0083  0.0080  0.0082
 0.3238  0.3581  0.3100  0.2951
 4.2726  4.3168  4.3501  4.2857
 0.0002  0.0002  0.0002  0.0002
 4.3109  4.2442  4.2133  4.2327
 2.4030  2.2841  2.2383  2.9461
 2.6427  3.2310  2.3139  2.6717
 0.0001  0.0001  0.0001  0.0002
 3.9630  3.9349  3.9537  4.0347
 0.1112  0.1004  0.1091  0.1133
 1.2067  1.3401  1.2353  1.3257
 4.1502  4.0131  4.3452  4.1403
 0.0002  0.0002  0.0002  0.0002
 3.4901  3.0834  2.8641  2.8920
 1.4457  1.6696  1.5848  1.5190
 3.9407  4.0080  3.9298  3.9032
 0.0037  0.0033  0.0038  0.0031
 0.0155  0.0150  0.0129  0.0138
 0.0389  0.0390  0.0340  0.0288
 1.0340  1.0615  0.8450  0.9724
 0.0005  0.0005  0.0005  0.0005
 3.7068  3.6178  3.6117  3.5639
 0.0002  0.0003  0.0002  0.0002
 0.0822  0.0760  0.1727  0.0669
 4.5195  4.5070  4.5643  4.4984
 0.0078  0.0082  0.0082  0.0082
 0.0005  0.0009  0.0005  0.0008
 0.0026  0.0026  0.0034  0.0026
 4.5136  4.4466  4.4582  4.4221
 0.0007  0.0006  0.0008  0.0007
 4.0293  3.7298  3.6759  3.7517
 0.0004  0.0005  0.0005  0.0004
 0.0009  0.0010  0.0008  0.0010
 1.2148  1.2261  1.2553  1.2646
 3.2522  3.2766  3.3583  3.2621
 1.3724  1.5495  1.7691  1.2309
 0.0053  0.0064  0.0064  0.0053
 3.5813  3.5666  3.5628  3.6568
 3.5072  3.4033  3.3673  3.4120
 1.9454  2.2489  2.4219  2.0157
 3.0772  3.4545  2.8827  2.6016
 1.6434  1.4009  2.2835  1.4234
 0.0165  0.0162  0.0145  0.0154
 0.0001  0.0002  0.0001  0.0002
 0.0005  0.0004  0.0005  0.0004
 4.1862  4.1177  4.1095  4.3097
 0.0006  0.0005  0.0007  0.0004
 0.0003  0.0003  0.0003  0.0003
 0.0909  0.0948  0.1055  0.1119
 3.3088  3.2127  3.2145  3.1732
 2.0398  2.0610  2.2206  2.1154
 0.7869  0.7616  0.7817  0.6739
 0.0061  0.0040  0.0075  0.0053
 4.1576  4.1641  4.2429  4.1688
 0.0006  0.0006  0.0005  0.0004
 2.5959  2.4531  2.4910  2.1270
 0.0025  0.0024  0.0029  0.0023
 0.0004  0.0004  0.0004  0.0003
 0.0025  0.0025  0.0028  0.0027
 1.7943  2.1211  1.7540  1.4862
 4.1088  4.0321  4.0249  4.0106
 0.0016  0.0019  0.0018  0.0013
 0.0105  0.0151  0.0163  0.0131
 4.5916  4.6151  4.5523  4.5382
 0.0125  0.0267  0.0133  0.0269
 4.4297  4.3895  4.4565  4.3818
 3.9074  3.8344  3.8295  3.7960
 0.4599  0.1049  0.2693  0.1454
 3.8828  3.8938  3.9577  3.8640
 3.5169  3.6068  3.4938  3.5298
 4.4950  4.3390  4.3294  4.3878
 3.8379  3.8640  3.8276  3.9337
 4.5180  4.4760  4.5019  4.5568
 3.1539  3.0634  3.0265  3.3103
 4.3455  4.4122  4.3193  4.3333
 0.0262  0.0221  0.0199  0.0189
 3.7739  3.7770  3.8571  3.7580
 3.2645  3.4480  3.1927  3.6637
 0.0054  0.0046  0.0038  0.0043
 0.0002  0.0002  0.0002  0.0002
 3.4648  3.4508  3.4412  3.5570
 0.0836  0.0709  0.1248  0.1020
 4.3998  4.4026  4.4150  4.4629
 0.0003  0.0004  0.0004  0.0003
 3.3640  3.5981  3.3222  3.8383
 4.0916  4.0762  4.1593  4.0872
 0.4050  0.4689  0.4831  0.4179
 1.4056  1.1344  1.0033  1.2539
 0.0013  0.0008  0.0009  0.0010
 0.0003  0.0003  0.0003  0.0004
 1.9283  1.8943  2.5496  2.1578
 0.0070  0.0115  0.0080  0.0092
 0.0005  0.0005  0.0005  0.0005
 0.0507  0.0685  0.0578  0.0559
 0.0003  0.0003  0.0004  0.0003
 1.7007  1.8214  1.5140  1.9989
 0.0989  0.1452  0.1275  0.0874
 1.0183  2.0389  1.1285  0.8394
 3.1111  3.2409  3.1550  3.4894
 3.1051  2.3753  2.1536  2.2811
 1.7916  2.0970  1.6487  2.4952
 0.1417  0.1059  0.1391  0.1642
 0.0164  0.0159  0.0302  0.0086
 0.0367  0.0798  0.0406  0.0261
 3.6643  3.6779  3.7568  3.6036
 3.5416  3.4685  3.6753  3.6159
[torch.DoubleTensor of size 128x4]

[0mnorm bet 0 1[0m	
 0.0023  0.0003  0.0006  0.0009
 0.7158  0.7384  0.7073  0.7220
 0.0015  0.0016  0.0015  0.0015
 0.0028  0.0012  0.0018  0.0011
 0.8311  0.8989  0.8401  0.8182
 0.1876  0.1807  0.2193  0.1759
 0.0024  0.0030  0.0030  0.0033
 0.0002  0.0002  0.0002  0.0002
 0.1033  0.1063  0.1224  0.2030
 0.0004  0.0005  0.0003  0.0003
 0.0046  0.0044  0.0049  0.0041
 0.0002  0.0002  0.0004  0.0002
 0.0479  0.0436  0.0561  0.0573
 0.0000  0.0000  0.0000  0.0000
 0.0001  0.0001  0.0001  0.0001
 0.0550  0.0557  0.0615  0.0553
 0.0019  0.0024  0.0021  0.0022
 0.7063  0.7723  0.8389  0.7532
 0.0022  0.0028  0.0019  0.0020
 0.0002  0.0002  0.0003  0.0002
 0.8793  0.8758  0.8711  0.8974
 0.7313  0.7289  0.7617  0.7225
 0.0017  0.0018  0.0017  0.0018
 0.0702  0.0776  0.0672  0.0639
 0.9258  0.9354  0.9426  0.9286
 0.0000  0.0000  0.0000  0.0000
 0.9341  0.9196  0.9129  0.9171
 0.5207  0.4949  0.4850  0.6384
 0.5726  0.7001  0.5014  0.5789
 0.0000  0.0000  0.0000  0.0000
 0.8587  0.8526  0.8567  0.8742
 0.0241  0.0217  0.0236  0.0246
 0.2615  0.2904  0.2677  0.2873
 0.8993  0.8696  0.9415  0.8971
 0.0000  0.0001  0.0001  0.0000
 0.7562  0.6681  0.6206  0.6266
 0.3133  0.3618  0.3434  0.3291
 0.8539  0.8684  0.8515  0.8457
 0.0008  0.0007  0.0008  0.0007
 0.0034  0.0032  0.0028  0.0030
 0.0084  0.0085  0.0074  0.0062
 0.2240  0.2300  0.1831  0.2107
 0.0001  0.0001  0.0001  0.0001
 0.8032  0.7839  0.7826  0.7722
 0.0000  0.0001  0.0000  0.0000
 0.0178  0.0165  0.0374  0.0145
 0.9793  0.9766  0.9890  0.9747
 0.0017  0.0018  0.0018  0.0018
 0.0001  0.0002  0.0001  0.0002
 0.0006  0.0006  0.0007  0.0006
 0.9780  0.9635  0.9660  0.9582
 0.0002  0.0001  0.0002  0.0001
 0.8731  0.8082  0.7965  0.8129
 0.0001  0.0001  0.0001  0.0001
 0.0002  0.0002  0.0002  0.0002
 0.2632  0.2657  0.2720  0.2740
 0.7047  0.7100  0.7277  0.7068
 0.2974  0.3357  0.3833  0.2667
 0.0012  0.0014  0.0014  0.0011
 0.7760  0.7728  0.7720  0.7923
 0.7599  0.7374  0.7296  0.7393
 0.4215  0.4873  0.5248  0.4368
 0.6668  0.7485  0.6246  0.5637
 0.3561  0.3035  0.4948  0.3084
 0.0036  0.0035  0.0032  0.0033
 0.0000  0.0000  0.0000  0.0000
 0.0001  0.0001  0.0001  0.0001
 0.9071  0.8922  0.8904  0.9338
 0.0001  0.0001  0.0002  0.0001
 0.0001  0.0001  0.0001  0.0001
 0.0197  0.0205  0.0229  0.0242
 0.7169  0.6961  0.6965  0.6876
 0.4420  0.4466  0.4812  0.4584
 0.1705  0.1650  0.1694  0.1460
 0.0013  0.0009  0.0016  0.0011
 0.9009  0.9023  0.9193  0.9033
 0.0001  0.0001  0.0001  0.0001
 0.5625  0.5315  0.5397  0.4609
 0.0005  0.0005  0.0006  0.0005
 0.0001  0.0001  0.0001  0.0001
 0.0005  0.0005  0.0006  0.0006
 0.3888  0.4596  0.3800  0.3220
 0.8903  0.8737  0.8721  0.8690
 0.0003  0.0004  0.0004  0.0003
 0.0023  0.0033  0.0035  0.0028
 0.9949  1.0000  0.9864  0.9833
 0.0027  0.0058  0.0029  0.0058
 0.9598  0.9511  0.9656  0.9494
 0.8466  0.8308  0.8298  0.8225
 0.0996  0.0227  0.0583  0.0315
 0.8413  0.8437  0.8575  0.8372
 0.7620  0.7815  0.7570  0.7648
 0.9740  0.9402  0.9381  0.9507
 0.8316  0.8372  0.8294  0.8524
 0.9790  0.9698  0.9755  0.9874
 0.6834  0.6638  0.6558  0.7173
 0.9416  0.9560  0.9359  0.9389
 0.0057  0.0048  0.0043  0.0041
 0.8177  0.8184  0.8358  0.8143
 0.7074  0.7471  0.6918  0.7938
 0.0012  0.0010  0.0008  0.0009
 0.0000  0.0000  0.0000  0.0000
 0.7508  0.7477  0.7456  0.7707
 0.0181  0.0154  0.0270  0.0221
 0.9533  0.9540  0.9566  0.9670
 0.0001  0.0001  0.0001  0.0001
 0.7289  0.7796  0.7198  0.8317
 0.8866  0.8832  0.9012  0.8856
 0.0878  0.1016  0.1047  0.0905
 0.3046  0.2458  0.2174  0.2717
 0.0003  0.0002  0.0002  0.0002
 0.0001  0.0001  0.0001  0.0001
 0.4178  0.4104  0.5524  0.4675
 0.0015  0.0025  0.0017  0.0020
 0.0001  0.0001  0.0001  0.0001
 0.0110  0.0148  0.0125  0.0121
 0.0001  0.0001  0.0001  0.0001
 0.3685  0.3946  0.3281  0.4331
 0.0214  0.0315  0.0276  0.0189
 0.2207  0.4418  0.2445  0.1819
 0.6741  0.7022  0.6836  0.7561
 0.6728  0.5147  0.4666  0.4943
 0.3882  0.4544  0.3572  0.5407
 0.0307  0.0229  0.0301  0.0356
 0.0036  0.0035  0.0066  0.0019
 0.0080  0.0173  0.0088  0.0057
 0.7940  0.7969  0.8140  0.7808
 0.7674  0.7516  0.7964  0.7835
[torch.DoubleTensor of size 128x4]

[0m==> preprocessing data: normalize all three channels locally[0m	
[0m==> verify statistics[0m	
[0mtraining data, y-channel, mean: 0.01316095693295[0m	
[0mtraining data, y-channel, standard deviation: 0.42759845020972[0m	
[0mtest data, y-channel, mean: 0.013308695640717[0m	
[0mtest data, y-channel, standard deviation: 0.42792116642213[0m	
[0mtraining data, u-channel, mean: 0.020587146784635[0m	
[0mtraining data, u-channel, standard deviation: 0.6253327780771[0m	
[0mtest data, u-channel, mean: 0.020357540605346[0m	
[0mtest data, u-channel, standard deviation: 0.62463396532212[0m	
[0mtraining data, v-channel, mean: 0.014425503812447[0m	
[0mtraining data, v-channel, standard deviation: 0.76797973425494[0m	
[0mtest data, v-channel, mean: 0.014254000501523[0m	
[0mtest data, v-channel, standard deviation: 0.76868486906859[0m	
[0m==> visualizing data[0m	
[0m1 - current loss = 0.15046880516585[0m	
[0m2 - current loss = 0.14007715337169[0m	
[0m3 - current loss = 0.1377145740214[0m	
[0m4 - current loss = 0.13541299472137[0m	
[0m5 - current loss = 0.13326026757686[0m	
[0m6 - current loss = 0.13115082992572[0m	
[0m7 - current loss = 0.12905126266988[0m	
[0m8 - current loss = 0.12692016841177[0m	
[0m9 - current loss = 0.1247452493177[0m	
[0m10 - current loss = 0.1225210727444[0m	
[0m11 - current loss = 0.12024366287356[0m	
[0m12 - current loss = 0.11791578428863[0m	
[0m13 - current loss = 0.11553566064101[0m	
[0m14 - current loss = 0.11310246865438[0m	
[0m15 - current loss = 0.11061877925279[0m	
[0m16 - current loss = 0.10808941797808[0m	
[0m17 - current loss = 0.10552043904366[0m	
[0m18 - current loss = 0.10291845554799[0m	
[0m19 - current loss = 0.10029047323766[0m	
[0m20 - current loss = 0.097643826298012[0m	
[0m21 - current loss = 0.094985814421181[0m	
[0m22 - current loss = 0.092323564430321[0m	
[0m23 - current loss = 0.089664489934963[0m	
[0m24 - current loss = 0.087016357131801[0m	
[0m25 - current loss = 0.084385947127972[0m	
[0m26 - current loss = 0.081778195193705[0m	
[0m27 - current loss = 0.07919736038036[0m	
[0m28 - current loss = 0.076647960024587[0m	
[0m29 - current loss = 0.074134570499139[0m	
[0m30 - current loss = 0.071661487937919[0m	
[0m31 - current loss = 0.069232672838586[0m	
[0m32 - current loss = 0.066852626204948[0m	
[0m33 - current loss = 0.064526384871935[0m	
[0m34 - current loss = 0.062257023603025[0m	
[0m35 - current loss = 0.06004764015779[0m	
[0m36 - current loss = 0.05790147273237[0m	
[0m37 - current loss = 0.055821677515322[0m	
[0m38 - current loss = 0.05381123506447[0m	
[0m39 - current loss = 0.051872883624214[0m	
[0m40 - current loss = 0.050009089733337[0m	
[0m41 - current loss = 0.048221964325296[0m	
[0m42 - current loss = 0.046513155865598[0m	
[0m43 - current loss = 0.044883818197557[0m	
[0m44 - current loss = 0.043334641413023[0m	
[0m45 - current loss = 0.041865976464227[0m	
[0m46 - current loss = 0.040477754178896[0m	
[0m47 - current loss = 0.039169353492177[0m	
[0m48 - current loss = 0.037939600481133[0m	
[0m49 - current loss = 0.036786700163097[0m	
[0m50 - current loss = 0.035708277527294[0m	
[0m51 - current loss = 0.034701522435034[0m	
[0m52 - current loss = 0.033763344332441[0m	
[0m53 - current loss = 0.032890471255918[0m	
[0m54 - current loss = 0.032079501060687[0m	
[0m55 - current loss = 0.031326936475578[0m	
[0m56 - current loss = 0.030629226126305[0m	
[0m57 - current loss = 0.029982814690646[0m	
[0m58 - current loss = 0.029384193594521[0m	
[0m59 - current loss = 0.028829944005657[0m	
[0m60 - current loss = 0.028316770401697[0m	
[0m61 - current loss = 0.027841527757655[0m	
[0m62 - current loss = 0.027401243703105[0m	
[0m63 - current loss = 0.026993123576442[0m	
[0m64 - current loss = 0.026614525307143[0m	
[0m65 - current loss = 0.026262948820153[0m	
[0m66 - current loss = 0.025936057232182[0m	
[0m67 - current loss = 0.025631689438262[0m	
[0m68 - current loss = 0.025347860743471[0m	
[0m69 - current loss = 0.02508275466507[0m	
[0m70 - current loss = 0.024834712214238[0m	
[0m71 - current loss = 0.024602221985014[0m	
[0m72 - current loss = 0.024383910360703[0m	
[0m73 - current loss = 0.024178531115489[0m	
[0m74 - current loss = 0.023984954919754[0m	
[0m75 - current loss = 0.023802159310618[0m	
[0m76 - current loss = 0.023629219327262[0m	
[0m77 - current loss = 0.0234652989171[0m	
[0m78 - current loss = 0.023309643003956[0m	
[0m79 - current loss = 0.023161572344938[0m	
[0m80 - current loss = 0.023020474941667[0m	
[0m81 - current loss = 0.022885792785751[0m	
[0m82 - current loss = 0.022757022333219[0m	
[0m83 - current loss = 0.022633702894736[0m	
[0m84 - current loss = 0.022515414342087[0m	
[0m85 - current loss = 0.022401776239701[0m	
[0m86 - current loss = 0.022292443854697[0m	
[0m87 - current loss = 0.022187104254896[0m	
[0m88 - current loss = 0.022085472900989[0m	
[0m89 - current loss = 0.021987290676218[0m	
[0m90 - current loss = 0.021892321338758[0m	
[0m91 - current loss = 0.02180034933191[0m	
[0m92 - current loss = 0.021711177868879[0m	
[0m93 - current loss = 0.021624627231586[0m	
[0m94 - current loss = 0.021540533244898[0m	
[0m95 - current loss = 0.021458745892849[0m	
[0m96 - current loss = 0.021379128045728[0m	
[0m97 - current loss = 0.021301554276947[0m	
[0m98 - current loss = 0.02122590976136[0m	
[0m99 - current loss = 0.02115208925381[0m	
[0m100 - current loss = 0.021079996148706[0m	
[0m101 - current loss = 0.021009541622592[0m	
[0m102 - current loss = 0.0209406438618[0m	
[0m103 - current loss = 0.0208732273743[0m	
[0m104 - current loss = 0.020807222380159[0m	
[0m105 - current loss = 0.020742564271359[0m	
[0m106 - current loss = 0.020679193130593[0m	
[0m107 - current loss = 0.02061705329956[0m	
[0m108 - current loss = 0.020556092988968[0m	
[0m109 - current loss = 0.020496263924401[0m	
[0m110 - current loss = 0.020437521023844[0m	
[0m111 - current loss = 0.020379822103767[0m	
[0m112 - current loss = 0.020323127611326[0m	
[0m113 - current loss = 0.020267400380501[0m	
[0m114 - current loss = 0.020212605410062[0m	
[0m115 - current loss = 0.02015870966116[0m	
[0m116 - current loss = 0.0201056818719[0m	
[0m117 - current loss = 0.020053492384959[0m	
[0m118 - current loss = 0.020002112981413[0m	
[0m119 - current loss = 0.01995151671056[0m	
[0m120 - current loss = 0.01990167771196[0m	
[0m121 - current loss = 0.019852571074552[0m	
[0m122 - current loss = 0.019804172870326[0m	
[0m123 - current loss = 0.019756460396821[0m	
[0m124 - current loss = 0.019709412209501[0m	
[0m125 - current loss = 0.019663007732375[0m	
[0m126 - current loss = 0.019617227034701[0m	
[0m127 - current loss = 0.019572050918423[0m	
[0m128 - current loss = 0.019527460911751[0m	
[0m129 - current loss = 0.019483439113083[0m	
[0m130 - current loss = 0.019439968089105[0m	
[0m131 - current loss = 0.019397030896043[0m	
[0m132 - current loss = 0.019354611148916[0m	
[0m133 - current loss = 0.019312693082428[0m	
[0m134 - current loss = 0.019271261605844[0m	
[0m135 - current loss = 0.019230302366313[0m	
[0m136 - current loss = 0.019189801818826[0m	
[0m137 - current loss = 0.01914974728569[0m	
[0m138 - current loss = 0.019110126983883[0m	
[0m139 - current loss = 0.019070930005893[0m	
[0m140 - current loss = 0.019032146256186[0m	
[0m141 - current loss = 0.018993766366814[0m	
[0m142 - current loss = 0.018955781635409[0m	
[0m143 - current loss = 0.018918184033969[0m	
[0m144 - current loss = 0.01888096630935[0m	
[0m145 - current loss = 0.018844122136297[0m	
[0m146 - current loss = 0.018807646221524[0m	
[0m147 - current loss = 0.01877153420996[0m	
[0m148 - current loss = 0.018735782252297[0m	
[0m149 - current loss = 0.018700386280975[0m	
[0m150 - current loss = 0.018665341335659[0m	
[0m151 - current loss = 0.018630641301955[0m	
[0m152 - current loss = 0.018596279093093[0m	
[0m153 - current loss = 0.018562247030432[0m	
[0m154 - current loss = 0.018528537208843[0m	
[0m155 - current loss = 0.0184951417711[0m	
[0m156 - current loss = 0.018462053084122[0m	
[0m157 - current loss = 0.018429263829685[0m	
[0m158 - current loss = 0.01839676703343[0m	
[0m159 - current loss = 0.018364556057871[0m	
[0m160 - current loss = 0.01833262457783[0m	
[0m161 - current loss = 0.018300966548587[0m	
[0m162 - current loss = 0.018269576172392[0m	
[0m163 - current loss = 0.018238447866912[0m	
[0m164 - current loss = 0.018207576237893[0m	
[0m165 - current loss = 0.018176956057285[0m	
[0m166 - current loss = 0.018146582247273[0m	
[0m167 - current loss = 0.018116449870208[0m	
[0m168 - current loss = 0.01808655412424[0m	
[0m169 - current loss = 0.018056890344266[0m	
[0m170 - current loss = 0.018027454007677[0m	
[0m171 - current loss = 0.017998240744049[0m	
[0m172 - current loss = 0.017969246347564[0m	
[0m173 - current loss = 0.017940466790592[0m	
[0m174 - current loss = 0.017911898236623[0m	
[0m175 - current loss = 0.01788353705063[0m	
[0m176 - current loss = 0.017855379804986[0m	
[0m177 - current loss = 0.017827423279038[0m	
[0m178 - current loss = 0.017799664450157[0m	
[0m179 - current loss = 0.017772100473581[0m	
[0m180 - current loss = 0.017744728648403[0m	
[0m181 - current loss = 0.017717546368974[0m	
[0m182 - current loss = 0.017690551065969[0m	
[0m183 - current loss = 0.01766374014796[0m	
[0m184 - current loss = 0.017637110957964[0m	
[0m185 - current loss = 0.017610660755963[0m	
[0m186 - current loss = 0.017584386728932[0m	
[0m187 - current loss = 0.017558286020538[0m	
[0m188 - current loss = 0.017532355768586[0m	
[0m189 - current loss = 0.017506593140018[0m	
[0m190 - current loss = 0.017480995357848[0m	
[0m191 - current loss = 0.017455559718669[0m	
[0m192 - current loss = 0.017430283601841[0m	
[0m193 - current loss = 0.017405164472405[0m	
[0m194 - current loss = 0.017380199879753[0m	
[0m195 - current loss = 0.017355387453697[0m	
[0m196 - current loss = 0.017330724899136[0m	
[0m197 - current loss = 0.017306209990132[0m	
[0m198 - current loss = 0.017281840563912[0m	
[0m199 - current loss = 0.017257614515135[0m	
[0m200 - current loss = 0.017233529790658[0m	
[0m201 - current loss = 0.017209584384946[0m	
[0m202 - current loss = 0.017185776336211[0m	
[0m203 - current loss = 0.017162103723301[0m	
[0m204 - current loss = 0.017138564663334[0m	
[0m205 - current loss = 0.017115157309986[0m	
[0m206 - current loss = 0.017091879852346[0m	
[0m207 - current loss = 0.017068730514224[0m	
[0m208 - current loss = 0.017045707553784[0m	
[0m209 - current loss = 0.017022809263396[0m	
[0m210 - current loss = 0.0170000339696[0m	
[0m211 - current loss = 0.016977380033117[0m	
[0m212 - current loss = 0.016954845848824[0m	
[0m213 - current loss = 0.016932429845679[0m	
[0m214 - current loss = 0.016910130486549[0m	
[0m215 - current loss = 0.016887946267937[0m	
[0m216 - current loss = 0.016865875719615[0m	
[0m217 - current loss = 0.016843917404151[0m	
[0m218 - current loss = 0.016822069916355[0m	
[0m219 - current loss = 0.016800331882648[0m	
[0m220 - current loss = 0.016778701960366[0m	
[0m221 - current loss = 0.016757178837024[0m	
[0m222 - current loss = 0.016735761229528[0m	
[0m223 - current loss = 0.01671444788338[0m	
[0m224 - current loss = 0.016693237571852[0m	
[0m225 - current loss = 0.016672129095159[0m	
[0m226 - current loss = 0.016651121279638[0m	
[0m227 - current loss = 0.016630212976925[0m	
[0m228 - current loss = 0.016609403063148[0m	
[0m229 - current loss = 0.01658869043814[0m	
[0m230 - current loss = 0.016568074024662[0m	
[0m231 - current loss = 0.016547552767658[0m	
[0m232 - current loss = 0.016527125633526[0m	
[0m233 - current loss = 0.016506791609412[0m	
[0m234 - current loss = 0.016486549702531[0m	
[0m235 - current loss = 0.016466398939503[0m	
[0m236 - current loss = 0.016446338365707[0m	
[0m237 - current loss = 0.016426367044653[0m	
[0m238 - current loss = 0.016406484057357[0m	
[0m239 - current loss = 0.016386688501727[0m	
[0m240 - current loss = 0.016366979491945[0m	
[0m241 - current loss = 0.016347356157858[0m	
[0m242 - current loss = 0.016327817644362[0m	
[0m243 - current loss = 0.016308363110788[0m	
[0m244 - current loss = 0.016288991730303[0m	
[0m245 - current loss = 0.016269702689314[0m	
[0m246 - current loss = 0.016250495186903[0m	
[0m247 - current loss = 0.016231368434299[0m	
[0m248 - current loss = 0.016212321654407[0m	
[0m249 - current loss = 0.016193354081435[0m	
[0m250 - current loss = 0.016174464960651[0m	
[0m251 - current loss = 0.01615565354834[0m	
[0m252 - current loss = 0.016136919112005[0m	
[0m253 - current loss = 0.01611826093085[0m	
[0m254 - current loss = 0.0160996782965[0m	
[0m255 - current loss = 0.016081170513845[0m	
[0m256 - current loss = 0.016062736901841[0m	
[0m257 - current loss = 0.016044376794143[0m	
[0m258 - current loss = 0.016026089539653[0m	
[0m259 - current loss = 0.016007874503112[0m	
[0m260 - current loss = 0.015989731065562[0m	
[0m261 - current loss = 0.015971658623754[0m	
[0m262 - current loss = 0.015953656586865[0m	
[0m263 - current loss = 0.015935724369556[0m	
[0m264 - current loss = 0.015917861382919[0m	
[0m265 - current loss = 0.015900067028084[0m	
[0m266 - current loss = 0.015882340697229[0m	
[0m267 - current loss = 0.015864681781999[0m	
[0m268 - current loss = 0.015847089683981[0m	
[0m269 - current loss = 0.015829563821499[0m	
[0m270 - current loss = 0.015812103630986[0m	
[0m271 - current loss = 0.015794708564737[0m	
[0m272 - current loss = 0.015777378087537[0m	
[0m273 - current loss = 0.015760111673685[0m	
[0m274 - current loss = 0.01574290880486[0m	
[0m275 - current loss = 0.01572576896874[0m	
[0m276 - current loss = 0.015708691658149[0m	
[0m277 - current loss = 0.015691676370529[0m	
[0m278 - current loss = 0.015674722607615[0m	
[0m279 - current loss = 0.015657829875245[0m	
[0m280 - current loss = 0.01564099768326[0m	
[0m281 - current loss = 0.015624225545477[0m	
[0m282 - current loss = 0.015607512979718[0m	
[0m283 - current loss = 0.01559085950788[0m	
[0m284 - current loss = 0.015574264656046[0m	
[0m285 - current loss = 0.015557727954614[0m	
[0m286 - current loss = 0.015541248938451[0m	
[0m287 - current loss = 0.015524827147062[0m	
[0m288 - current loss = 0.015508462124774[0m	
[0m289 - current loss = 0.015492153420927[0m	
[0m290 - current loss = 0.015475900590081[0m	
[0m291 - current loss = 0.01545970319222[0m	
[0m292 - current loss = 0.015443560792959[0m	
[0m293 - current loss = 0.015427472963741[0m	
[0m294 - current loss = 0.015411439282028[0m	
[0m295 - current loss = 0.015395459331465[0m	
[0m296 - current loss = 0.015379532702033[0m	
[0m297 - current loss = 0.015363658990184[0m	
[0m298 - current loss = 0.01534783779897[0m	
[0m299 - current loss = 0.015332068738182[0m	
[0m300 - current loss = 0.015316351424498[0m	
[0m301 - current loss = 0.01530068548167[0m	
[0m302 - current loss = 0.01528507054072[0m	
[0m303 - current loss = 0.015269506240158[0m	
[0m304 - current loss = 0.015253992226157[0m	
[0m305 - current loss = 0.015238528152659[0m	
[0m306 - current loss = 0.015223113681361[0m	
[0m307 - current loss = 0.015207748481538[0m	
[0m308 - current loss = 0.015192432229726[0m	
[0m309 - current loss = 0.015177164609278[0m	
[0m310 - current loss = 0.015161945309858[0m	
[0m311 - current loss = 0.015146774026933[0m	
[0m312 - current loss = 0.015131650461316[0m	
[0m313 - current loss = 0.015116574318758[0m	
[0m314 - current loss = 0.015101545309612[0m	
[0m315 - current loss = 0.015086563148541[0m	
[0m316 - current loss = 0.015071627554251[0m	
[0m317 - current loss = 0.015056738249251[0m	
[0m318 - current loss = 0.015041894959624[0m	
[0m319 - current loss = 0.015027097414803[0m	
[0m320 - current loss = 0.015012345347368[0m	
[0m321 - current loss = 0.014997638492852[0m	
[0m322 - current loss = 0.014982976589557[0m	
[0m323 - current loss = 0.014968359378392[0m	
[0m324 - current loss = 0.014953786602719[0m	
[0m325 - current loss = 0.014939258008217[0m	
[0m326 - current loss = 0.01492477334276[0m	
[0m327 - current loss = 0.014910332356307[0m	
[0m328 - current loss = 0.014895934800813[0m	
[0m329 - current loss = 0.014881580430152[0m	
[0m330 - current loss = 0.014867269000061[0m	
[0m331 - current loss = 0.014853000268099[0m	
[0m332 - current loss = 0.014838773993625[0m	
[0m333 - current loss = 0.014824589937794[0m	
[0m334 - current loss = 0.01481044786357[0m	
[0m335 - current loss = 0.014796347535753[0m	
[0m336 - current loss = 0.014782288721018[0m	
[0m337 - current loss = 0.014768271187963[0m	
[0m338 - current loss = 0.014754294707168[0m	
[0m339 - current loss = 0.014740359051245[0m	
[0m340 - current loss = 0.014726463994898[0m	
[0m341 - current loss = 0.014712609314971[0m	
[0m342 - current loss = 0.01469879479049[0m	
[0m343 - current loss = 0.014685020202694[0m	
[0m344 - current loss = 0.014671285335048[0m	
[0m345 - current loss = 0.014657589973241[0m	
[0m346 - current loss = 0.014643933905174[0m	
[0m347 - current loss = 0.014630316920919[0m	
[0m348 - current loss = 0.014616738812675[0m	
[0m349 - current loss = 0.014603199374706[0m	
[0m350 - current loss = 0.014589698403267[0m	
[0m351 - current loss = 0.014576235696535[0m	
[0m352 - current loss = 0.014562811054531[0m	
[0m353 - current loss = 0.014549424279062[0m	
[0m354 - current loss = 0.01453607517366[0m	
[0m355 - current loss = 0.014522763543551[0m	
[0m356 - current loss = 0.014509489195638[0m	
[0m357 - current loss = 0.014496251938501[0m	
[0m358 - current loss = 0.014483051582426[0m	
[0m359 - current loss = 0.014469887939444[0m	
[0m360 - current loss = 0.014456760823391[0m	
[0m361 - current loss = 0.01444367004998[0m	
[0m362 - current loss = 0.014430615436879[0m	
[0m363 - current loss = 0.014417596803798[0m	
[0m364 - current loss = 0.01440461397258[0m	
[0m365 - current loss = 0.014391666767292[0m	
[0m366 - current loss = 0.014378755014327[0m	
[0m367 - current loss = 0.014365878542495[0m	
[0m368 - current loss = 0.014353037183139[0m	
[0m369 - current loss = 0.014340230770243[0m	
[0m370 - current loss = 0.014327459140558[0m	
[0m371 - current loss = 0.014314722133745[0m	
[0m372 - current loss = 0.014302019592528[0m	
[0m373 - current loss = 0.014289351362877[0m	
[0m374 - current loss = 0.014276717294212[0m	
[0m375 - current loss = 0.014264117239633[0m	
[0m376 - current loss = 0.014251551056184[0m	
[0m377 - current loss = 0.014239018605153[0m	
[0m378 - current loss = 0.014226519752403[0m	
[0m379 - current loss = 0.014214054368743[0m	
[0m380 - current loss = 0.014201622330334[0m	
[0m381 - current loss = 0.014189223519132[0m	
[0m382 - current loss = 0.014176857823359[0m	
[0m383 - current loss = 0.014164525138006[0m	
[0m384 - current loss = 0.014152225365349[0m	
[0m385 - current loss = 0.014139958415473[0m	
[0m386 - current loss = 0.014127724206791[0m	
[0m387 - current loss = 0.014115522666538[0m	
[0m388 - current loss = 0.01410335373122[0m	
[0m389 - current loss = 0.014091217346989[0m	
[0m390 - current loss = 0.014079113469937[0m	
[0m391 - current loss = 0.014067042066249[0m	
[0m392 - current loss = 0.014055003112224[0m	
[0m393 - current loss = 0.014042996594107[0m	
[0m394 - current loss = 0.01403102250773[0m	
[0m395 - current loss = 0.014019080857924[0m	
[0m396 - current loss = 0.014007171657706[0m	
[0m397 - current loss = 0.013995294927234[0m	
[0m398 - current loss = 0.013983450692526[0m	
[0m399 - current loss = 0.013971638983969[0m	
[0m400 - current loss = 0.013959859834649[0m	
[0m401 - current loss = 0.013948113278528[0m	
[0m402 - current loss = 0.013936399348528[0m	
[0m403 - current loss = 0.013924718074567[0m	
[0m404 - current loss = 0.013913069481614[0m	
[0m405 - current loss = 0.013901453587816[0m	
[0m406 - current loss = 0.013889870402763[0m	
[0m407 - current loss = 0.013878319925938[0m	
[0m408 - current loss = 0.013866802145404[0m	
[0m409 - current loss = 0.013855317036766[0m	
[0m410 - current loss = 0.013843864562417[0m	
[0m411 - current loss = 0.013832444671109[0m	
[0m412 - current loss = 0.013821057297815[0m	
[0m413 - current loss = 0.013809702363898[0m	
[0m414 - current loss = 0.013798379777546[0m	
[0m415 - current loss = 0.013787089434452[0m	
[0m416 - current loss = 0.013775831218694[0m	
[0m417 - current loss = 0.013764605003779[0m	
[0m418 - current loss = 0.013753410653804[0m	
[0m419 - current loss = 0.013742248024695[0m	
[0m420 - current loss = 0.013731116965476[0m	
[0m421 - current loss = 0.013720017319539[0m	
[0m422 - current loss = 0.013708948925878[0m	
[0m423 - current loss = 0.013697911620259[0m	
[0m424 - current loss = 0.013686905236304[0m	
[0m425 - current loss = 0.013675929606481[0m	
[0m426 - current loss = 0.01366498456297[0m	
[0m427 - current loss = 0.013654069938421[0m	
[0m428 - current loss = 0.013643185566583[0m	
[0m429 - current loss = 0.013632331282807[0m	
[0m430 - current loss = 0.01362150692445[0m	
[0m431 - current loss = 0.013610712331138[0m	
[0m432 - current loss = 0.013599947344961[0m	
[0m433 - current loss = 0.013589211810519[0m	
[0m434 - current loss = 0.013578505574987[0m	
[0m435 - current loss = 0.01356782848791[0m	
[0m436 - current loss = 0.013557180401326[0m	
[0m437 - current loss = 0.013546561169069[0m	
[0m438 - current loss = 0.013535970647635[0m	
[0m439 - current loss = 0.013525408693693[0m	
[0m440 - current loss = 0.013514875168753[0m	
[0m441 - current loss = 0.013504369928124[0m	
[0m442 - current loss = 0.013493892845464[0m	
[0m443 - current loss = 0.013483443754604[0m	
[0m444 - current loss = 0.01347302258991[0m	
[0m445 - current loss = 0.013462629036385[0m	
[0m446 - current loss = 0.013452263429194[0m	
[0m447 - current loss = 0.013441924371489[0m	
[0m448 - current loss = 0.013431615272436[0m	
[0m449 - current loss = 0.01342132603593[0m	
[0m450 - current loss = 0.013411087773975[0m	
[0m451 - current loss = 0.013400823858273[0m	
[0m452 - current loss = 0.013390733936468[0m	
[0m453 - current loss = 0.013380444489902[0m	
[0m454 - current loss = 0.013370380672059[0m	
[0m455 - current loss = 0.013360175655871[0m	
[0m456 - current loss = 0.013350180471786[0m	
[0m457 - current loss = 0.013340008834689[0m	
[0m458 - current loss = 0.013330049982783[0m	
[0m459 - current loss = 0.013319948284046[0m	
[0m460 - current loss = 0.013310049733303[0m	
[0m461 - current loss = 0.013299991351152[0m	
[0m462 - current loss = 0.013290135191246[0m	
[0m463 - current loss = 0.013280138822951[0m	
[0m464 - current loss = 0.01327033918102[0m	
[0m465 - current loss = 0.013260389872984[0m	
[0m466 - current loss = 0.013250635117695[0m	
[0m467 - current loss = 0.013240744668814[0m	
[0m468 - current loss = 0.013231044605156[0m	
[0m469 - current loss = 0.01322120304585[0m	
[0m470 - current loss = 0.013211549129468[0m	
[0m471 - current loss = 0.013201764993812[0m	
[0m472 - current loss = 0.013192164946015[0m	
[0m473 - current loss = 0.013182430619162[0m	
[0m474 - current loss = 0.013172877276371[0m	
[0m475 - current loss = 0.013163199695863[0m	
[0m476 - current loss = 0.013153699881092[0m	
[0m477 - current loss = 0.013144072364613[0m	
[0m478 - current loss = 0.013134619182346[0m	
[0m479 - current loss = 0.013125048053947[0m	
[0m480 - current loss = 0.013115648302603[0m	
[0m481 - current loss = 0.013106126841866[0m	
[0m482 - current loss = 0.013096772942679[0m	
[0m483 - current loss = 0.013087307700366[0m	
[0m484 - current loss = 0.013078007415908[0m	
[0m485 - current loss = 0.013068590724822[0m	
[0m486 - current loss = 0.013059334628027[0m	
[0m487 - current loss = 0.013049974330457[0m	
[0m488 - current loss = 0.013040772702728[0m	
[0m489 - current loss = 0.013031458925281[0m	
[0m490 - current loss = 0.013022298511815[0m	
[0m491 - current loss = 0.013013042151324[0m	
[0m492 - current loss = 0.013003938703621[0m	
[0m493 - current loss = 0.012994725334148[0m	
[0m494 - current loss = 0.012985657741035[0m	
[0m495 - current loss = 0.012976504736201[0m	
[0m496 - current loss = 0.012967500392278[0m	
[0m497 - current loss = 0.012958383740613[0m	
[0m498 - current loss = 0.012949405266041[0m	
[0m499 - current loss = 0.012940355963275[0m	
[0m500 - current loss = 0.012931454262914[0m	
[0m(-----------------------------------------)[0m	
0.01 *
 1.7065
-0.1890
-0.5307
 0.4091
[torch.DoubleTensor of size 4]

0.001 *
 2.3416
 0.2872
 0.5527
 0.9102
[torch.DoubleTensor of size 4]

[0m(-----------------------------------------)[0m	
 0.6583
 0.6204
 0.6401
 0.6351
[torch.DoubleTensor of size 4]

 0.7158
 0.7384
 0.7073
 0.7220
[torch.DoubleTensor of size 4]

[0m(-----------------------------------------)[0m	
 0.1466
 0.1759
 0.1304
 0.1408
[torch.DoubleTensor of size 4]

0.001 *
 1.4913
 1.6062
 1.4793
 1.5355
[torch.DoubleTensor of size 4]

[0m(-----------------------------------------)[0m	
0.01 *
 4.9846
 3.6236
 5.1949
 3.3915
[torch.DoubleTensor of size 4]

0.001 *
 2.7530
 1.1877
 1.7816
 1.1203
[torch.DoubleTensor of size 4]

[0m(-----------------------------------------)[0m	
 0.7748
 0.7857
 0.7807
 0.7836
[torch.DoubleTensor of size 4]

 0.8311
 0.8989
 0.8401
 0.8182
[torch.DoubleTensor of size 4]

[0m(-----------------------------------------)[0m	
 0.2633
 0.2712
 0.2528
 0.2434
[torch.DoubleTensor of size 4]

 0.1876
 0.1807
 0.2193
 0.1759
[torch.DoubleTensor of size 4]

[0m(-----------------------------------------)[0m	
0.01 *
 3.3507
 2.4760
 4.3088
 3.5935
[torch.DoubleTensor of size 4]

0.001 *
 2.3670
 3.0425
 3.0222
 3.3405
[torch.DoubleTensor of size 4]

[0m(-----------------------------------------)[0m	
0.01 *
-2.3694
-1.2701
-1.2943
 0.4729
[torch.DoubleTensor of size 4]

0.0001 *
 1.9986
 1.9318
 2.2509
 2.0695
[torch.DoubleTensor of size 4]

[0m(-----------------------------------------)[0m	
 0.3324
 0.3465
 0.3303
 0.3537
[torch.DoubleTensor of size 4]

 0.1033
 0.1063
 0.1224
 0.2030
[torch.DoubleTensor of size 4]

[0m(-----------------------------------------)[0m	
0.01 *
 0.9353
 1.5543
 1.4739
 0.1064
[torch.DoubleTensor of size 4]

0.0001 *
 3.8716
 4.8326
 2.8621
 3.3649
[torch.DoubleTensor of size 4]

[0m(-----------------------------------------)[0m	
0.01 *
-1.8465
-3.2421
-0.6731
-1.2771
[torch.DoubleTensor of size 4]

0.001 *
 4.5611
 4.4127
 4.8614
 4.0538
[torch.DoubleTensor of size 4]

[0m(-----------------------------------------)[0m	
0.01 *
 7.6697
 6.2104
 4.6195
 5.7084
[torch.DoubleTensor of size 4]

0.0001 *
 2.1703
 1.7190
 4.4184
 1.8998
[torch.DoubleTensor of size 4]

[0m(-----------------------------------------)[0m	
0.01 *
 2.7172
 4.3190
 3.2504
 4.7425
[torch.DoubleTensor of size 4]

0.01 *
 4.7891
 4.3610
 5.6055
 5.7259
[torch.DoubleTensor of size 4]

[0m(-----------------------------------------)[0m	
 0.3696
 0.3642
 0.3432
 0.3547
[torch.DoubleTensor of size 4]

 0
 0
 0
 0
[torch.DoubleTensor of size 4]

[0m(-----------------------------------------)[0m	
0.01 *
-1.3026
-0.5797
-3.1947
-0.9211
[torch.DoubleTensor of size 4]

1e-05 *
 8.5413
 9.4550
 9.3808
 9.0107
[torch.DoubleTensor of size 4]

[0m(-----------------------------------------)[0m	
0.01 *
 4.1816
 5.6382
 3.9468
 4.5267
[torch.DoubleTensor of size 4]

0.01 *
 5.5009
 5.5718
 6.1534
 5.5344
[torch.DoubleTensor of size 4]

[0m(-----------------------------------------)[0m	
 0.0955
 0.1195
 0.1306
 0.1195
[torch.DoubleTensor of size 4]

0.001 *
 1.9451
 2.4208
 2.1419
 2.1614
[torch.DoubleTensor of size 4]

[0m(-----------------------------------------)[0m	
 0.7616
 0.7717
 0.7664
 0.7678
[torch.DoubleTensor of size 4]

 0.7063
 0.7723
 0.8389
 0.7532
[torch.DoubleTensor of size 4]

[0m(-----------------------------------------)[0m	
0.01 *
 8.7485
 9.8602
 6.7848
 9.5546
[torch.DoubleTensor of size 4]

0.001 *
 2.2350
 2.8002
 1.9374
 2.0409
[torch.DoubleTensor of size 4]

[0m(-----------------------------------------)[0m	
0.01 *
-0.8424
-0.5480
 1.1801
 1.9736
[torch.DoubleTensor of size 4]

0.0001 *
 2.0181
 1.8412
 2.9956
 1.8472
[torch.DoubleTensor of size 4]

[0m(-----------------------------------------)[0m	
 0.8484
 0.8469
 0.8528
 0.8487
[torch.DoubleTensor of size 4]

 0.8793
 0.8758
 0.8711
 0.8974
[torch.DoubleTensor of size 4]

[0m(-----------------------------------------)[0m	
 0.4873
 0.5066
 0.5012
 0.4992
[torch.DoubleTensor of size 4]

 0.7313
 0.7289
 0.7617
 0.7225
[torch.DoubleTensor of size 4]

[0m(-----------------------------------------)[0m	
 0.1100
 0.1324
 0.1374
 0.1173
[torch.DoubleTensor of size 4]

0.001 *
 1.6747
 1.7941
 1.7361
 1.7863
[torch.DoubleTensor of size 4]

[0m(-----------------------------------------)[0m	
0.01 *
 7.3763
 9.1680
 7.4884
 8.4650
[torch.DoubleTensor of size 4]

0.01 *
 7.0164
 7.7595
 6.7177
 6.3936
[torch.DoubleTensor of size 4]

[0m(-----------------------------------------)[0m	
 0.6143
 0.6137
 0.6157
 0.6244
[torch.DoubleTensor of size 4]

 0.9258
 0.9354
 0.9426
 0.9286
[torch.DoubleTensor of size 4]

[0m(-----------------------------------------)[0m	
0.01 *
 5.1652
 4.6413
 5.3695
 7.8065
[torch.DoubleTensor of size 4]

1e-05 *
 3.5594
 4.2883
 3.9851
 3.8446
[torch.DoubleTensor of size 4]

[0m(-----------------------------------------)[0m	
 0.8498
 0.8496
 0.8526
 0.8504
[torch.DoubleTensor of size 4]

 0.9341
 0.9196
 0.9129
 0.9171
[torch.DoubleTensor of size 4]

[0m(-----------------------------------------)[0m	
 0.6704
 0.6783
 0.6759
 0.6732
[torch.DoubleTensor of size 4]

 0.5207
 0.4949
 0.4850
 0.6384
[torch.DoubleTensor of size 4]

[0m(-----------------------------------------)[0m	
 0.4654
 0.5013
 0.4487
 0.4669
[torch.DoubleTensor of size 4]

 0.5726
 0.7001
 0.5014
 0.5789
[torch.DoubleTensor of size 4]

[0m(-----------------------------------------)[0m	
0.01 *
 2.1283
 3.0628
 3.0219
 3.3883
[torch.DoubleTensor of size 4]

1e-05 *
 2.6183
 3.0829
 2.9086
 3.2593
[torch.DoubleTensor of size 4]

[0m(-----------------------------------------)[0m	
 0.8525
 0.8538
 0.8492
 0.8484
[torch.DoubleTensor of size 4]

 0.8587
 0.8526
 0.8567
 0.8742
[torch.DoubleTensor of size 4]

[0m(-----------------------------------------)[0m	
-0.1164
-0.1272
-0.1175
-0.1076
[torch.DoubleTensor of size 4]

0.01 *
 2.4101
 2.1747
 2.3638
 2.4553
[torch.DoubleTensor of size 4]

[0m(-----------------------------------------)[0m	
 0.1344
 0.1504
 0.1566
 0.1433
[torch.DoubleTensor of size 4]

 0.2615
 0.2904
 0.2677
 0.2873
[torch.DoubleTensor of size 4]

[0m(-----------------------------------------)[0m	
 0.8284
 0.8315
 0.8298
 0.8350
[torch.DoubleTensor of size 4]

 0.8993
 0.8696
 0.9415
 0.8971
[torch.DoubleTensor of size 4]

[0m(-----------------------------------------)[0m	
0.01 *
 1.9032
 5.3505
 2.0254
 3.2979
[torch.DoubleTensor of size 4]

1e-05 *
 4.4076
 5.4068
 5.0597
 4.5168
[torch.DoubleTensor of size 4]

[0m(-----------------------------------------)[0m	
 0.7020
 0.7114
 0.7029
 0.7012
[torch.DoubleTensor of size 4]

 0.7562
 0.6681
 0.6206
 0.6266
[torch.DoubleTensor of size 4]

[0m(-----------------------------------------)[0m	
 0.1800
 0.1976
 0.1977
 0.1796
[torch.DoubleTensor of size 4]

 0.3133
 0.3618
 0.3434
 0.3291
[torch.DoubleTensor of size 4]

[0m(-----------------------------------------)[0m	
 0.7889
 0.8011
 0.7864
 0.7923
[torch.DoubleTensor of size 4]

 0.8539
 0.8684
 0.8515
 0.8457
[torch.DoubleTensor of size 4]

[0m(-----------------------------------------)[0m	
0.01 *
 1.7493
 2.0947
 0.8329
 0.1990
[torch.DoubleTensor of size 4]

0.0001 *
 7.9817
 7.2306
 8.2310
 6.7572
[torch.DoubleTensor of size 4]

[0m(-----------------------------------------)[0m	
0.01 *
 1.0801
 1.2600
-0.4918
-0.9397
[torch.DoubleTensor of size 4]

0.001 *
 3.3516
 3.2496
 2.8016
 2.9815
[torch.DoubleTensor of size 4]

[0m(-----------------------------------------)[0m	
0.01 *
-2.6350
-0.8045
-3.5778
-3.4592
[torch.DoubleTensor of size 4]

0.001 *
 8.4248
 8.4532
 7.3603
 6.2430
[torch.DoubleTensor of size 4]

[0m(-----------------------------------------)[0m	
 0.2143
 0.2175
 0.2056
 0.1970
[torch.DoubleTensor of size 4]

 0.2240
 0.2300
 0.1831
 0.2107
[torch.DoubleTensor of size 4]

[0m(-----------------------------------------)[0m	
0.01 *
-3.6730
-5.0703
-5.4003
-4.2635
[torch.DoubleTensor of size 4]

0.0001 *
 1.0918
 1.1226
 1.1578
 1.0668
[torch.DoubleTensor of size 4]

[0m(-----------------------------------------)[0m	
 0.7200
 0.7161
 0.7278
 0.7208
[torch.DoubleTensor of size 4]

 0.8032
 0.7839
 0.7826
 0.7722
[torch.DoubleTensor of size 4]

[0m(-----------------------------------------)[0m	
 0.1112
 0.1247
 0.1166
 0.1236
[torch.DoubleTensor of size 4]

1e-05 *
 4.9584
 5.5455
 4.8934
 4.3762
[torch.DoubleTensor of size 4]

[0m(-----------------------------------------)[0m	
0.01 *
-3.4915
-2.5889
-3.4754
-4.2994
[torch.DoubleTensor of size 4]

0.01 *
 1.7808
 1.6477
 3.7422
 1.4495
[torch.DoubleTensor of size 4]

[0m(-----------------------------------------)[0m	
 0.8405
 0.8492
 0.8416
 0.8557
[torch.DoubleTensor of size 4]

 0.9793
 0.9766
 0.9890
 0.9747
[torch.DoubleTensor of size 4]

[0m(-----------------------------------------)[0m	
 0.1415
 0.1671
 0.1721
 0.1562
[torch.DoubleTensor of size 4]

0.001 *
 1.6963
 1.7760
 1.7827
 1.7717
[torch.DoubleTensor of size 4]

[0m(-----------------------------------------)[0m	
0.01 *
 4.1380
 5.0978
 5.0148
 4.0677
[torch.DoubleTensor of size 4]

0.0001 *
 1.1728
 1.9169
 1.1744
 1.6303
[torch.DoubleTensor of size 4]

[0m(-----------------------------------------)[0m	
0.01 *
 0.9699
 1.4069
 0.6666
-0.2354
[torch.DoubleTensor of size 4]

0.0001 *
 5.5899
 5.5539
 7.3856
 5.5289
[torch.DoubleTensor of size 4]

[0m(-----------------------------------------)[0m	
 0.8422
 0.8469
 0.8399
 0.8505
[torch.DoubleTensor of size 4]

 0.9780
 0.9635
 0.9660
 0.9582
[torch.DoubleTensor of size 4]

[0m(-----------------------------------------)[0m	
-0.0962
-0.1143
-0.1052
-0.0954
[torch.DoubleTensor of size 4]

0.0001 *
 1.5478
 1.2763
 1.8127
 1.4167
[torch.DoubleTensor of size 4]

[0m(-----------------------------------------)[0m	
 0.7815
 0.7819
 0.7807
 0.7861
[torch.DoubleTensor of size 4]

 0.8731
 0.8082
 0.7965
 0.8129
[torch.DoubleTensor of size 4]

[0m(-----------------------------------------)[0m	
0.01 *
-5.9856
-5.4459
-7.4353
-4.6762
[torch.DoubleTensor of size 4]

0.0001 *
 0.9386
 1.0421
 1.0887
 0.9369
[torch.DoubleTensor of size 4]

[0m(-----------------------------------------)[0m	
0.01 *
-3.4936
-0.2229
-4.2045
-3.2565
[torch.DoubleTensor of size 4]

0.0001 *
 1.8941
 2.2096
 1.6780
 2.1159
[torch.DoubleTensor of size 4]

[0m(-----------------------------------------)[0m	
 0.1488
 0.1633
 0.1634
 0.1410
[torch.DoubleTensor of size 4]

 0.2632
 0.2657
 0.2720
 0.2740
[torch.DoubleTensor of size 4]

[0m(-----------------------------------------)[0m	
 0.6626
 0.6379
 0.6477
 0.6555
[torch.DoubleTensor of size 4]

 0.7047
 0.7100
 0.7277
 0.7068
[torch.DoubleTensor of size 4]

[0m(-----------------------------------------)[0m	
 0.4134
 0.4063
 0.4224
 0.3924
[torch.DoubleTensor of size 4]

 0.2974
 0.3357
 0.3833
 0.2667
[torch.DoubleTensor of size 4]

[0m(-----------------------------------------)[0m	
 0.0644
 0.1055
 0.0693
 0.0858
[torch.DoubleTensor of size 4]

0.001 *
 1.1559
 1.3944
 1.3840
 1.1417
[torch.DoubleTensor of size 4]

[0m(-----------------------------------------)[0m	
 0.7441
 0.7428
 0.7504
 0.7434
[torch.DoubleTensor of size 4]

 0.7760
 0.7728
 0.7720
 0.7923
[torch.DoubleTensor of size 4]

[0m(-----------------------------------------)[0m	
 0.6634
 0.6372
 0.6517
 0.6464
[torch.DoubleTensor of size 4]

 0.7599
 0.7374
 0.7296
 0.7393
[torch.DoubleTensor of size 4]

[0m(-----------------------------------------)[0m	
 0.4618
 0.4572
 0.4734
 0.4377
[torch.DoubleTensor of size 4]

 0.4215
 0.4873
 0.5248
 0.4368
[torch.DoubleTensor of size 4]

[0m(-----------------------------------------)[0m	
 0.7495
 0.7655
 0.7612
 0.7587
[torch.DoubleTensor of size 4]

 0.6668
 0.7485
 0.6246
 0.5637
[torch.DoubleTensor of size 4]

[0m(-----------------------------------------)[0m	
 0.5973
 0.5531
 0.5730
 0.5690
[torch.DoubleTensor of size 4]

 0.3561
 0.3035
 0.4948
 0.3084
[torch.DoubleTensor of size 4]

[0m(-----------------------------------------)[0m	
0.01 *
-4.8918
-5.1418
-5.6403
-6.2389
[torch.DoubleTensor of size 4]

0.001 *
 3.5833
 3.5121
 3.1522
 3.3430
[torch.DoubleTensor of size 4]

[0m(-----------------------------------------)[0m	
0.01 *
-1.0779
-0.4860
-0.5256
-0.5747
[torch.DoubleTensor of size 4]

1e-05 *
 2.5638
 3.4635
 2.8044
 3.3587
[torch.DoubleTensor of size 4]

[0m(-----------------------------------------)[0m	
0.01 *
 5.3365
 4.7843
 3.9793
 1.6641
[torch.DoubleTensor of size 4]

0.0001 *
 1.1539
 0.9675
 1.0363
 0.9198
[torch.DoubleTensor of size 4]

[0m(-----------------------------------------)[0m	
 0.8462
 0.8503
 0.8452
 0.8503
[torch.DoubleTensor of size 4]

 0.9071
 0.8922
 0.8904
 0.9338
[torch.DoubleTensor of size 4]

[0m(-----------------------------------------)[0m	
0.01 *
 0.3538
-0.6587
 1.5240
 0.5394
[torch.DoubleTensor of size 4]

0.0001 *
 1.3379
 1.1327
 1.5258
 0.9313
[torch.DoubleTensor of size 4]

[0m(-----------------------------------------)[0m	
0.01 *
-0.4263
-1.3461
 1.3572
 0.1055
[torch.DoubleTensor of size 4]

1e-05 *
 6.7686
 7.5099
 6.6183
 6.6015
[torch.DoubleTensor of size 4]

[0m(-----------------------------------------)[0m	
0.01 *
-5.7146
-6.3710
-6.6442
-5.4907
[torch.DoubleTensor of size 4]

0.01 *
 1.9696
 2.0532
 2.2859
 2.4241
[torch.DoubleTensor of size 4]

[0m(-----------------------------------------)[0m	
 0.6439
 0.6351
 0.6173
 0.6286
[torch.DoubleTensor of size 4]

 0.7169
 0.6961
 0.6965
 0.6876
[torch.DoubleTensor of size 4]

[0m(-----------------------------------------)[0m	
 0.4199
 0.4108
 0.4338
 0.3975
[torch.DoubleTensor of size 4]

 0.4420
 0.4466
 0.4812
 0.4584
[torch.DoubleTensor of size 4]

[0m(-----------------------------------------)[0m	
 0.3577
 0.3610
 0.3496
 0.3421
[torch.DoubleTensor of size 4]

 0.1705
 0.1650
 0.1694
 0.1460
[torch.DoubleTensor of size 4]

[0m(-----------------------------------------)[0m	
0.01 *
 5.7622
 4.3087
 5.3605
 3.8250
[torch.DoubleTensor of size 4]

0.001 *
 1.3135
 0.8703
 1.6354
 1.1467
[torch.DoubleTensor of size 4]

[0m(-----------------------------------------)[0m	
 0.8347
 0.8329
 0.8384
 0.8364
[torch.DoubleTensor of size 4]

 0.9009
 0.9023
 0.9193
 0.9033
[torch.DoubleTensor of size 4]

[0m(-----------------------------------------)[0m	
0.01 *
-0.7329
-1.2236
-0.7058
-0.5954
[torch.DoubleTensor of size 4]

0.0001 *
 1.2073
 1.2460
 1.1038
 0.9307
[torch.DoubleTensor of size 4]

[0m(-----------------------------------------)[0m	
 0.4679
 0.4626
 0.4747
 0.4412
[torch.DoubleTensor of size 4]

 0.5625
 0.5315
 0.5397
 0.4609
[torch.DoubleTensor of size 4]

[0m(-----------------------------------------)[0m	
0.01 *
-1.0964
-1.4215
-0.3085
 0.2524
[torch.DoubleTensor of size 4]

0.0001 *
 5.3196
 5.2516
 6.3635
 5.0017
[torch.DoubleTensor of size 4]

[0m(-----------------------------------------)[0m	
0.01 *
-6.6976
-7.6170
-5.8578
-5.8975
[torch.DoubleTensor of size 4]

1e-05 *
 8.5595
 7.8329
 7.7839
 7.4004
[torch.DoubleTensor of size 4]

[0m(-----------------------------------------)[0m	
0.01 *
 4.8747
 4.9825
 4.8469
 5.5558
[torch.DoubleTensor of size 4]

0.0001 *
 5.4994
 5.3389
 6.0214
 5.8153
[torch.DoubleTensor of size 4]

[0m(-----------------------------------------)[0m	
 0.4105
 0.4386
 0.4094
 0.3905
[torch.DoubleTensor of size 4]

 0.3888
 0.4596
 0.3800
 0.3220
[torch.DoubleTensor of size 4]

[0m(-----------------------------------------)[0m	
 0.8504
 0.8520
 0.8488
 0.8472
[torch.DoubleTensor of size 4]

 0.8903
 0.8737
 0.8721
 0.8690
[torch.DoubleTensor of size 4]

[0m(-----------------------------------------)[0m	
0.01 *
-3.1379
-4.1643
-2.6440
-3.0297
[torch.DoubleTensor of size 4]

0.0001 *
 3.4293
 4.1239
 3.8468
 2.8267
[torch.DoubleTensor of size 4]

[0m(-----------------------------------------)[0m	
0.01 *
 4.1296
 3.1626
 4.4751
 4.0267
[torch.DoubleTensor of size 4]

0.001 *
 2.2835
 3.2791
 3.5332
 2.8340
[torch.DoubleTensor of size 4]

[0m(-----------------------------------------)[0m	
 0.8382
 0.8409
 0.8377
 0.8461
[torch.DoubleTensor of size 4]

 0.9949
 1.0000
 0.9864
 0.9833
[torch.DoubleTensor of size 4]

[0m(-----------------------------------------)[0m	
0.01 *
 8.3844
 6.3783
 8.9292
 7.0416
[torch.DoubleTensor of size 4]

0.001 *
 2.6992
 5.7923
 2.8832
 5.8343
[torch.DoubleTensor of size 4]

[0m(-----------------------------------------)[0m	
 0.8399
 0.8449
 0.8394
 0.8493
[torch.DoubleTensor of size 4]

 0.9598
 0.9511
 0.9656
 0.9494
[torch.DoubleTensor of size 4]

[0m(-----------------------------------------)[0m	
 0.7629
 0.7617
 0.7521
 0.7567
[torch.DoubleTensor of size 4]

 0.8466
 0.8308
 0.8298
 0.8225
[torch.DoubleTensor of size 4]

[0m(-----------------------------------------)[0m	
0.01 *
-9.4415
-8.9696
-8.6043
-9.5781
[torch.DoubleTensor of size 4]

0.01 *
 9.9643
 2.2735
 5.8346
 3.1507
[torch.DoubleTensor of size 4]

[0m(-----------------------------------------)[0m	
 0.7765
 0.7881
 0.7726
 0.7772
[torch.DoubleTensor of size 4]

 0.8413
 0.8437
 0.8575
 0.8372
[torch.DoubleTensor of size 4]

[0m(-----------------------------------------)[0m	
 0.4135
 0.4513
 0.4251
 0.4275
[torch.DoubleTensor of size 4]

 0.7620
 0.7815
 0.7570
 0.7648
[torch.DoubleTensor of size 4]

[0m(-----------------------------------------)[0m	
 0.8440
 0.8483
 0.8447
 0.8491
[torch.DoubleTensor of size 4]

 0.9740
 0.9402
 0.9381
 0.9507
[torch.DoubleTensor of size 4]

[0m(-----------------------------------------)[0m	
 0.7706
 0.7830
 0.7695
 0.7779
[torch.DoubleTensor of size 4]

 0.8316
 0.8372
 0.8294
 0.8524
[torch.DoubleTensor of size 4]

[0m(-----------------------------------------)[0m	
 0.8371
 0.8521
 0.8330
 0.8455
[torch.DoubleTensor of size 4]

 0.9790
 0.9698
 0.9755
 0.9874
[torch.DoubleTensor of size 4]

[0m(-----------------------------------------)[0m	
 0.6563
 0.6441
 0.6306
 0.6338
[torch.DoubleTensor of size 4]

 0.6834
 0.6638
 0.6558
 0.7173
[torch.DoubleTensor of size 4]

[0m(-----------------------------------------)[0m	
 0.6503
 0.6606
 0.6536
 0.6517
[torch.DoubleTensor of size 4]

 0.9416
 0.9560
 0.9359
 0.9389
[torch.DoubleTensor of size 4]

[0m(-----------------------------------------)[0m	
0.01 *
 0.3012
 0.5723
-0.6577
-1.3736
[torch.DoubleTensor of size 4]

0.001 *
 5.6705
 4.7930
 4.3181
 4.1011
[torch.DoubleTensor of size 4]

[0m(-----------------------------------------)[0m	
 0.7596
 0.7588
 0.7513
 0.7549
[torch.DoubleTensor of size 4]

 0.8177
 0.8184
 0.8358
 0.8143
[torch.DoubleTensor of size 4]

[0m(-----------------------------------------)[0m	
 0.8009
 0.8032
 0.7994
 0.8041
[torch.DoubleTensor of size 4]

 0.7074
 0.7471
 0.6918
 0.7938
[torch.DoubleTensor of size 4]

[0m(-----------------------------------------)[0m	
0.01 *
-4.2241
-4.3092
-4.3199
-5.1041
[torch.DoubleTensor of size 4]

0.001 *
 1.1727
 0.9884
 0.8182
 0.9300
[torch.DoubleTensor of size 4]

[0m(-----------------------------------------)[0m	
0.01 *
-2.5428
-1.8043
-1.2231
-0.3530
[torch.DoubleTensor of size 4]

1e-05 *
 3.8571
 4.6247
 3.6240
 3.8640
[torch.DoubleTensor of size 4]

[0m(-----------------------------------------)[0m	
 0.4403
 0.4456
 0.4521
 0.4638
[torch.DoubleTensor of size 4]

 0.7508
 0.7477
 0.7456
 0.7707
[torch.DoubleTensor of size 4]

[0m(-----------------------------------------)[0m	
0.01 *
-4.2682
-3.2738
-3.6414
-4.7322
[torch.DoubleTensor of size 4]

0.01 *
 1.8121
 1.5368
 2.7040
 2.2101
[torch.DoubleTensor of size 4]

[0m(-----------------------------------------)[0m	
 0.8239
 0.8277
 0.8240
 0.8351
[torch.DoubleTensor of size 4]

 0.9533
 0.9540
 0.9566
 0.9670
[torch.DoubleTensor of size 4]

[0m(-----------------------------------------)[0m	
0.01 *
-1.5132
-1.9134
-0.8729
-1.0306
[torch.DoubleTensor of size 4]

1e-05 *
 6.6718
 7.9352
 9.0306
 6.4111
[torch.DoubleTensor of size 4]

[0m(-----------------------------------------)[0m	
 0.7554
 0.7663
 0.7635
 0.7687
[torch.DoubleTensor of size 4]

 0.7289
 0.7796
 0.7198
 0.8317
[torch.DoubleTensor of size 4]

[0m(-----------------------------------------)[0m	
 0.8474
 0.8576
 0.8485
 0.8481
[torch.DoubleTensor of size 4]

 0.8866
 0.8832
 0.9012
 0.8856
[torch.DoubleTensor of size 4]

[0m(-----------------------------------------)[0m	
 0.3045
 0.3041
 0.3037
 0.2944
[torch.DoubleTensor of size 4]

 0.0878
 0.1016
 0.1047
 0.0905
[torch.DoubleTensor of size 4]

[0m(-----------------------------------------)[0m	
 0.2706
 0.2776
 0.2544
 0.2474
[torch.DoubleTensor of size 4]

 0.3046
 0.2458
 0.2174
 0.2717
[torch.DoubleTensor of size 4]

[0m(-----------------------------------------)[0m	
0.01 *
 6.8936
 5.5254
 4.4529
 5.2760
[torch.DoubleTensor of size 4]

0.0001 *
 2.7353
 1.7277
 1.8814
 2.1006
[torch.DoubleTensor of size 4]

[0m(-----------------------------------------)[0m	
0.01 *
 6.1098
 5.4759
 4.1592
 2.1135
[torch.DoubleTensor of size 4]

1e-05 *
 7.5316
 6.0474
 7.2399
 8.0784
[torch.DoubleTensor of size 4]

[0m(-----------------------------------------)[0m	
 0.7430
 0.7600
 0.7582
 0.7597
[torch.DoubleTensor of size 4]

 0.4178
 0.4104
 0.5524
 0.4675
[torch.DoubleTensor of size 4]

[0m(-----------------------------------------)[0m	
 0.0969
 0.0985
 0.1026
 0.1305
[torch.DoubleTensor of size 4]

0.001 *
 1.5169
 2.4890
 1.7382
 1.9858
[torch.DoubleTensor of size 4]

[0m(-----------------------------------------)[0m	
0.01 *
-4.4524
-5.7570
-5.5675
-4.6964
[torch.DoubleTensor of size 4]

0.0001 *
 1.0877
 1.0433
 1.0704
 1.0781
[torch.DoubleTensor of size 4]

[0m(-----------------------------------------)[0m	
0.01 *
-1.5113
-1.8477
-0.6979
 0.2445
[torch.DoubleTensor of size 4]

0.01 *
 1.0981
 1.4843
 1.2520
 1.2113
[torch.DoubleTensor of size 4]

[0m(-----------------------------------------)[0m	
0.01 *
 0.1518
-0.9332
-0.9953
-3.1812
[torch.DoubleTensor of size 4]

1e-05 *
 7.4503
 6.3018
 7.8717
 6.9570
[torch.DoubleTensor of size 4]

[0m(-----------------------------------------)[0m	
 0.5349
 0.5532
 0.5226
 0.5352
[torch.DoubleTensor of size 4]

 0.3685
 0.3946
 0.3281
 0.4331
[torch.DoubleTensor of size 4]

[0m(-----------------------------------------)[0m	
 0.3743
 0.4033
 0.3689
 0.3755
[torch.DoubleTensor of size 4]

0.01 *
 2.1434
 3.1461
 2.7616
 1.8932
[torch.DoubleTensor of size 4]

[0m(-----------------------------------------)[0m	
 0.3030
 0.3527
 0.3002
 0.3134
[torch.DoubleTensor of size 4]

 0.2207
 0.4418
 0.2445
 0.1819
[torch.DoubleTensor of size 4]

[0m(-----------------------------------------)[0m	
 0.6118
 0.6305
 0.6124
 0.6044
[torch.DoubleTensor of size 4]

 0.6741
 0.7022
 0.6836
 0.7561
[torch.DoubleTensor of size 4]

[0m(-----------------------------------------)[0m	
 0.6297
 0.5916
 0.6055
 0.6010
[torch.DoubleTensor of size 4]

 0.6728
 0.5147
 0.4666
 0.4943
[torch.DoubleTensor of size 4]

[0m(-----------------------------------------)[0m	
 0.4907
 0.4961
 0.4750
 0.5016
[torch.DoubleTensor of size 4]

 0.3882
 0.4544
 0.3572
 0.5407
[torch.DoubleTensor of size 4]

[0m(-----------------------------------------)[0m	
0.01 *
-6.4892
-7.0541
-6.8102
-5.9223
[torch.DoubleTensor of size 4]

0.01 *
 3.0701
 2.2937
 3.0147
 3.5580
[torch.DoubleTensor of size 4]

[0m(-----------------------------------------)[0m	
 0.0803
 0.1029
 0.0737
 0.0682
[torch.DoubleTensor of size 4]

0.001 *
 3.5592
 3.4515
 6.5542
 1.8634
[torch.DoubleTensor of size 4]

[0m(-----------------------------------------)[0m	
 0.0915
 0.0926
 0.1022
 0.1050
[torch.DoubleTensor of size 4]

0.01 *
 0.7952
 1.7291
 0.8801
 0.5652
[torch.DoubleTensor of size 4]

[0m(-----------------------------------------)[0m	
 0.7527
 0.7438
 0.7546
 0.7487
[torch.DoubleTensor of size 4]

 0.7940
 0.7969
 0.8140
 0.7808
[torch.DoubleTensor of size 4]

[0m(-----------------------------------------)[0m	
 0.7560
 0.7564
 0.7601
 0.7636
[torch.DoubleTensor of size 4]

 0.7674
 0.7516
 0.7964
 0.7835
[torch.DoubleTensor of size 4]

