Normalized labels

 0.8587  0.8526  0.8567  0.8742
 0.0000  0.0000  0.0000  0.0000
 0.8316  0.8372  0.8294  0.8524
 0.0001  0.0001  0.0001  0.0001
 0.0002  0.0002  0.0004  0.0002
 0.0197  0.0205  0.0229  0.0242
 0.8068  0.8249  0.7975  0.7993
 0.0000  0.0000  0.0000  0.0000
 0.2355  0.2686  0.3061  0.2544
 0.1876  0.1807  0.2193  0.1759
 0.0024  0.0030  0.0030  0.0033
 0.0001  0.0002  0.0001  0.0002
 0.7562  0.6681  0.6206  0.6266
 0.0023  0.0033  0.0035  0.0028
 0.6728  0.5147  0.4666  0.4943
 0.0005  0.0005  0.0006  0.0005
 0.6987  0.7117  0.7358  0.7588
 0.3561  0.3035  0.4948  0.3084
 0.8539  0.8684  0.8515  0.8457
 0.0550  0.0557  0.0615  0.0553
 0.7313  0.7289  0.7617  0.7225
 0.9949  1.0000  0.9864  0.9833
 0.9128  0.9064  0.9051  0.9231
 0.0001  0.0001  0.0001  0.0001
 0.7063  0.7723  0.8389  0.7532
 0.0001  0.0001  0.0001  0.0001
 0.0214  0.0315  0.0276  0.0189
 0.3888  0.4596  0.3800  0.3220
 0.7169  0.6961  0.6965  0.6876
 0.9276  0.9309  0.9287  0.9451
 0.3046  0.2458  0.2174  0.2717
 0.7674  0.7516  0.7964  0.7835
 0.6741  0.7022  0.6836  0.7561
 0.0015  0.0025  0.0017  0.0020
 0.7289  0.7796  0.7198  0.8317
 0.3882  0.4544  0.3572  0.5407
 0.0002  0.0002  0.0003  0.0002
 0.5625  0.5315  0.5397  0.4609
 0.8177  0.8184  0.8358  0.8143
 0.0878  0.1016  0.1047  0.0905
 0.6312  0.6544  0.6440  0.6933
 0.0001  0.0001  0.0001  0.0001
 0.0001  0.0001  0.0001  0.0001
 0.8989  0.9122  0.8894  0.8966
 0.9009  0.9023  0.9193  0.9033
 0.0080  0.0173  0.0088  0.0057
 0.1081  0.1028  0.2009  0.0838
 0.0001  0.0001  0.0002  0.0001
 0.0008  0.0007  0.0008  0.0007
 0.8150  0.8036  0.8058  0.8297
 0.7047  0.7100  0.7277  0.7068
 0.0057  0.0048  0.0043  0.0041
 0.8793  0.8758  0.8711  0.8974
 0.9598  0.9511  0.9656  0.9494
 0.0012  0.0014  0.0014  0.0011
 0.7267  0.7273  0.7232  0.7492
 0.1705  0.1650  0.1694  0.1460
 0.0066  0.0113  0.0170  0.0521
 0.6529  0.6528  0.6926  0.6407
 0.0023  0.0003  0.0006  0.0009
 0.0022  0.0028  0.0019  0.0020
 0.0004  0.0004  0.0004  0.0003
 0.9341  0.9196  0.9129  0.9171
 0.0000  0.0000  0.0000  0.0000
 0.5726  0.7001  0.5014  0.5789
 0.2974  0.3357  0.3833  0.2667
 0.7599  0.7374  0.7296  0.7393
 0.7760  0.7728  0.7720  0.7923
 0.0046  0.0044  0.0049  0.0041
 0.0003  0.0002  0.0002  0.0002
 0.5185  0.4494  0.6275  0.4816
 0.0015  0.0016  0.0015  0.0015
 0.2468  0.3401  0.2738  0.5009
 0.0037  0.0035  0.0018  0.0065
 0.4618  0.5115  0.3997  0.6050
 0.0013  0.0016  0.0013  0.0018
 0.9533  0.9540  0.9566  0.9670
 0.0307  0.0229  0.0301  0.0356
 0.7783  0.8666  0.7668  0.7411
 0.8311  0.8989  0.8401  0.8182
 0.0001  0.0001  0.0001  0.0001
 0.9790  0.9698  0.9755  0.9874
 0.0028  0.0012  0.0018  0.0011
 0.0001  0.0001  0.0002  0.0001
 0.0027  0.0058  0.0029  0.0058
 0.2240  0.2300  0.1831  0.2107
 0.0110  0.0148  0.0125  0.0121
 0.8466  0.8308  0.8298  0.8225
 0.9740  0.9402  0.9381  0.9507
 0.1033  0.1063  0.1224  0.2030
 0.9780  0.9635  0.9660  0.9582
 0.9793  0.9766  0.9890  0.9747
 0.0000  0.0001  0.0001  0.0000
 0.0181  0.0154  0.0270  0.0221
 0.9258  0.9354  0.9426  0.9286
 0.0006  0.0006  0.0007  0.0006
 0.0001  0.0001  0.0001  0.0001
 0.7940  0.7969  0.8140  0.7808
 0.0702  0.0776  0.0672  0.0639
 0.2615  0.2904  0.2677  0.2873
 0.6834  0.6638  0.6558  0.7173
 0.4178  0.4104  0.5524  0.4675
 0.0178  0.0165  0.0374  0.0145
 0.0071  0.0097  0.0080  0.0082
 0.7158  0.7384  0.7073  0.7220
 0.0002  0.0002  0.0003  0.0002
 0.7074  0.7471  0.6918  0.7938
 0.0036  0.0035  0.0032  0.0033
 0.3133  0.3618  0.3434  0.3291
 0.7620  0.7815  0.7570  0.7648
 0.0002  0.0002  0.0002  0.0002
 0.0001  0.0001  0.0001  0.0001
 0.0000  0.0000  0.0000  0.0000
 0.8413  0.8437  0.8575  0.8372
 0.8903  0.8737  0.8721  0.8690
 0.0019  0.0024  0.0021  0.0022
 0.6668  0.7485  0.6246  0.5637
 0.0010  0.0009  0.0008  0.0008
 0.2207  0.4418  0.2445  0.1819
 0.0000  0.0000  0.0000  0.0000
 0.0084  0.0085  0.0074  0.0062
 0.0996  0.0227  0.0583  0.0315
 0.9416  0.9560  0.9359  0.9389
 0.0241  0.0217  0.0236  0.0246
 0.1080  0.1153  0.1259  0.1027
 0.7215  0.7052  0.7397  0.7124
 0.0036  0.0035  0.0066  0.0019
 0.0479  0.0436  0.0561  0.0573
[torch.DoubleTensor of size 128x4]

output-ul de la retea
label-ul initial

(-----------------------------------------)
 0.9242
 0.9311
 0.9025
 0.9331
[torch.DoubleTensor of size 4]

 0.8587
 0.8526
 0.8567
 0.8742
[torch.DoubleTensor of size 4]

(-----------------------------------------)
 0.1282
 0.1466
 0.1203
 0.1436
[torch.DoubleTensor of size 4]

1e-05 *
 2.6183
 3.0829
 2.9086
 3.2593
[torch.DoubleTensor of size 4]

(-----------------------------------------)
 0.7773
 0.7798
 0.7881
 0.8111
[torch.DoubleTensor of size 4]

 0.8316
 0.8372
 0.8294
 0.8524
[torch.DoubleTensor of size 4]

(-----------------------------------------)
0.01 *
-0.8640
-2.9212
-1.1582
-2.4439
[torch.DoubleTensor of size 4]

1e-05 *
 6.7686
 7.5099
 6.6183
 6.6015
[torch.DoubleTensor of size 4]

(-----------------------------------------)
0.01 *
 2.0076
 1.8514
-0.4559
 1.4258
[torch.DoubleTensor of size 4]

0.0001 *
 2.1703
 1.7190
 4.4184
 1.8998
[torch.DoubleTensor of size 4]

(-----------------------------------------)
0.01 *
-6.1541
-7.5447
-5.8547
-7.1550
[torch.DoubleTensor of size 4]

0.01 *
 1.9696
 2.0532
 2.2859
 2.4241
[torch.DoubleTensor of size 4]

(-----------------------------------------)
 0.7579
 0.7564
 0.7401
 0.7483
[torch.DoubleTensor of size 4]

 0.8068
 0.8249
 0.7975
 0.7993
[torch.DoubleTensor of size 4]

(-----------------------------------------)
 0.1640
 0.1374
 0.1121
 0.1936
[torch.DoubleTensor of size 4]

 0
 0
 0
 0
[torch.DoubleTensor of size 4]

(-----------------------------------------)
 0.4125
 0.4269
 0.4306
 0.4078
[torch.DoubleTensor of size 4]

 0.2355
 0.2686
 0.3061
 0.2544
[torch.DoubleTensor of size 4]

(-----------------------------------------)
 0.2625
 0.2757
 0.2706
 0.2702
[torch.DoubleTensor of size 4]

 0.1876
 0.1807
 0.2193
 0.1759
[torch.DoubleTensor of size 4]

(-----------------------------------------)
0.01 *
 5.2763
 5.8502
 7.7723
 4.3246
[torch.DoubleTensor of size 4]

0.001 *
 2.3670
 3.0425
 3.0222
 3.3405
[torch.DoubleTensor of size 4]

(-----------------------------------------)
0.01 *
 5.4140
 7.8610
 3.8875
 5.8385
[torch.DoubleTensor of size 4]

0.0001 *
 1.1728
 1.9169
 1.1744
 1.6303
[torch.DoubleTensor of size 4]

(-----------------------------------------)
 0.6137
 0.5971
 0.6183
 0.6140
[torch.DoubleTensor of size 4]

 0.7562
 0.6681
 0.6206
 0.6266
[torch.DoubleTensor of size 4]

(-----------------------------------------)
0.01 *
 6.0372
 7.1983
 7.7385
 6.0112
[torch.DoubleTensor of size 4]

0.001 *
 2.2835
 3.2791
 3.5332
 2.8340
[torch.DoubleTensor of size 4]

(-----------------------------------------)
 0.5332
 0.5195
 0.5356
 0.5381
[torch.DoubleTensor of size 4]

 0.6728
 0.5147
 0.4666
 0.4943
[torch.DoubleTensor of size 4]

(-----------------------------------------)
0.01 *
-1.0173
-2.7869
-1.9235
-1.9911
[torch.DoubleTensor of size 4]

0.0001 *
 5.3196
 5.2516
 6.3635
 5.0017
[torch.DoubleTensor of size 4]

(-----------------------------------------)
 0.7285
 0.7424
 0.7113
 0.7490
[torch.DoubleTensor of size 4]

 0.6987
 0.7117
 0.7358
 0.7588
[torch.DoubleTensor of size 4]

(-----------------------------------------)
 0.5022
 0.4870
 0.5064
 0.5109
[torch.DoubleTensor of size 4]

 0.3561
 0.3035
 0.4948
 0.3084
[torch.DoubleTensor of size 4]

(-----------------------------------------)
 0.8258
 0.8432
 0.8194
 0.8480
[torch.DoubleTensor of size 4]

 0.8539
 0.8684
 0.8515
 0.8457
[torch.DoubleTensor of size 4]

(-----------------------------------------)
0.01 *
-1.0218
 0.7933
-0.7605
-4.3302
[torch.DoubleTensor of size 4]

0.01 *
 5.5009
 5.5718
 6.1534
 5.5344
[torch.DoubleTensor of size 4]

(-----------------------------------------)
 0.4556
 0.4667
 0.4841
 0.4446
[torch.DoubleTensor of size 4]

 0.7313
 0.7289
 0.7617
 0.7225
[torch.DoubleTensor of size 4]

(-----------------------------------------)
 0.9648
 0.9709
 0.9712
 0.9597
[torch.DoubleTensor of size 4]

 0.9949
 1.0000
 0.9864
 0.9833
[torch.DoubleTensor of size 4]

(-----------------------------------------)
 0.9333
 0.9434
 0.9212
 0.9341
[torch.DoubleTensor of size 4]

 0.9128
 0.9064
 0.9051
 0.9231
[torch.DoubleTensor of size 4]

(-----------------------------------------)
0.01 *
-3.9661
-6.1714
-4.0762
-5.1669
[torch.DoubleTensor of size 4]

1e-05 *
 7.4733
 7.4922
 5.9157
 6.8380
[torch.DoubleTensor of size 4]

(-----------------------------------------)
 0.7459
 0.7897
 0.7751
 0.7532
[torch.DoubleTensor of size 4]

 0.7063
 0.7723
 0.8389
 0.7532
[torch.DoubleTensor of size 4]

(-----------------------------------------)
0.01 *
 0.8453
 1.0555
 4.3909
 0.5306
[torch.DoubleTensor of size 4]

1e-05 *
 7.4503
 6.3018
 7.8717
 6.9570
[torch.DoubleTensor of size 4]

(-----------------------------------------)
 0.3081
 0.3483
 0.2973
 0.3129
[torch.DoubleTensor of size 4]

0.01 *
 2.1434
 3.1461
 2.7616
 1.8932
[torch.DoubleTensor of size 4]

(-----------------------------------------)
 0.4394
 0.4625
 0.4325
 0.4192
[torch.DoubleTensor of size 4]

 0.3888
 0.4596
 0.3800
 0.3220
[torch.DoubleTensor of size 4]

(-----------------------------------------)
 0.6848
 0.6885
 0.6770
 0.6866
[torch.DoubleTensor of size 4]

 0.7169
 0.6961
 0.6965
 0.6876
[torch.DoubleTensor of size 4]

(-----------------------------------------)
 0.7446
 0.7956
 0.7417
 0.7613
[torch.DoubleTensor of size 4]

 0.9276
 0.9309
 0.9287
 0.9451
[torch.DoubleTensor of size 4]

(-----------------------------------------)
 0.2701
 0.2892
 0.2703
 0.2871
[torch.DoubleTensor of size 4]

 0.3046
 0.2458
 0.2174
 0.2717
[torch.DoubleTensor of size 4]

(-----------------------------------------)
 0.7310
 0.7208
 0.7381
 0.7369
[torch.DoubleTensor of size 4]

 0.7674
 0.7516
 0.7964
 0.7835
[torch.DoubleTensor of size 4]

(-----------------------------------------)
 0.6620
 0.7072
 0.6510
 0.6601
[torch.DoubleTensor of size 4]

 0.6741
 0.7022
 0.6836
 0.7561
[torch.DoubleTensor of size 4]

(-----------------------------------------)
0.01 *
 3.3829
 4.5333
 5.0820
 5.9575
[torch.DoubleTensor of size 4]

0.001 *
 1.5169
 2.4890
 1.7382
 1.9858
[torch.DoubleTensor of size 4]

(-----------------------------------------)
 0.7338
 0.7505
 0.7564
 0.7682
[torch.DoubleTensor of size 4]

 0.7289
 0.7796
 0.7198
 0.8317
[torch.DoubleTensor of size 4]

(-----------------------------------------)
 0.4627
 0.4911
 0.4732
 0.5171
[torch.DoubleTensor of size 4]

 0.3882
 0.4544
 0.3572
 0.5407
[torch.DoubleTensor of size 4]

(-----------------------------------------)
0.01 *
-7.5771
-8.7598
-6.3842
-7.7738
[torch.DoubleTensor of size 4]

0.0001 *
 2.0181
 1.8412
 2.9956
 1.8472
[torch.DoubleTensor of size 4]

(-----------------------------------------)
 0.4279
 0.4413
 0.4321
 0.4119
[torch.DoubleTensor of size 4]

 0.5625
 0.5315
 0.5397
 0.4609
[torch.DoubleTensor of size 4]

(-----------------------------------------)
 0.8240
 0.7913
 0.8128
 0.8129
[torch.DoubleTensor of size 4]

 0.8177
 0.8184
 0.8358
 0.8143
[torch.DoubleTensor of size 4]

(-----------------------------------------)
 0.2730
 0.2529
 0.2572
 0.2419
[torch.DoubleTensor of size 4]

 0.0878
 0.1016
 0.1047
 0.0905
[torch.DoubleTensor of size 4]

(-----------------------------------------)
 0.6461
 0.6424
 0.6482
 0.6425
[torch.DoubleTensor of size 4]

 0.6312
 0.6544
 0.6440
 0.6933
[torch.DoubleTensor of size 4]

(-----------------------------------------)
0.01 *
-2.5053
 0.5849
-3.9649
-0.8444
[torch.DoubleTensor of size 4]

1e-05 *
 8.5413
 9.4550
 9.3808
 9.0107
[torch.DoubleTensor of size 4]

(-----------------------------------------)
0.01 *
 0.8014
-0.0286
-0.6138
 1.4842
[torch.DoubleTensor of size 4]

0.0001 *
 1.2073
 1.2460
 1.1038
 0.9307
[torch.DoubleTensor of size 4]

(-----------------------------------------)
 0.8747
 0.8885
 0.8789
 0.8772
[torch.DoubleTensor of size 4]

 0.8989
 0.9122
 0.8894
 0.8966
[torch.DoubleTensor of size 4]

(-----------------------------------------)
 0.8947
 0.8975
 0.8923
 0.8900
[torch.DoubleTensor of size 4]

 0.9009
 0.9023
 0.9193
 0.9033
[torch.DoubleTensor of size 4]

(-----------------------------------------)
 0.1171
 0.1120
 0.1215
 0.1140
[torch.DoubleTensor of size 4]

0.01 *
 0.7952
 1.7291
 0.8801
 0.5652
[torch.DoubleTensor of size 4]

(-----------------------------------------)
 0.2922
 0.3028
 0.3227
 0.2895
[torch.DoubleTensor of size 4]

 0.1081
 0.1028
 0.2009
 0.0838
[torch.DoubleTensor of size 4]

(-----------------------------------------)
0.01 *
-0.1033
-1.5731
-1.1920
-0.7574
[torch.DoubleTensor of size 4]

0.0001 *
 1.3379
 1.1327
 1.5258
 0.9313
[torch.DoubleTensor of size 4]

(-----------------------------------------)
0.01 *
-1.0651
-3.1650
-3.6427
-1.3929
[torch.DoubleTensor of size 4]

0.0001 *
 7.9817
 7.2306
 8.2310
 6.7572
[torch.DoubleTensor of size 4]

(-----------------------------------------)
 0.7930
 0.7588
 0.7836
 0.7857
[torch.DoubleTensor of size 4]

 0.8150
 0.8036
 0.8058
 0.8297
[torch.DoubleTensor of size 4]

(-----------------------------------------)
 0.6605
 0.6603
 0.6800
 0.6816
[torch.DoubleTensor of size 4]

 0.7047
 0.7100
 0.7277
 0.7068
[torch.DoubleTensor of size 4]

(-----------------------------------------)
0.01 *
 3.7878
 3.8872
 4.5383
 4.0938
[torch.DoubleTensor of size 4]

0.001 *
 5.6705
 4.7930
 4.3181
 4.1011
[torch.DoubleTensor of size 4]

(-----------------------------------------)
 0.8925
 0.9112
 0.8917
 0.8880
[torch.DoubleTensor of size 4]

 0.8793
 0.8758
 0.8711
 0.8974
[torch.DoubleTensor of size 4]

(-----------------------------------------)
 0.9976
 0.9893
 0.9975
 0.9893
[torch.DoubleTensor of size 4]

 0.9598
 0.9511
 0.9656
 0.9494
[torch.DoubleTensor of size 4]

(-----------------------------------------)
 0.1139
 0.1559
 0.1189
 0.1242
[torch.DoubleTensor of size 4]

0.001 *
 1.1559
 1.3944
 1.3840
 1.1417
[torch.DoubleTensor of size 4]

(-----------------------------------------)
 0.6586
 0.6431
 0.6744
 0.6637
[torch.DoubleTensor of size 4]

 0.7267
 0.7273
 0.7232
 0.7492
[torch.DoubleTensor of size 4]

(-----------------------------------------)
 0.3116
 0.2989
 0.2860
 0.2860
[torch.DoubleTensor of size 4]

 0.1705
 0.1650
 0.1694
 0.1460
[torch.DoubleTensor of size 4]

(-----------------------------------------)
 0.2970
 0.3108
 0.3140
 0.2947
[torch.DoubleTensor of size 4]

0.01 *
 0.6638
 1.1344
 1.6975
 5.2094
[torch.DoubleTensor of size 4]

(-----------------------------------------)
 0.6771
 0.6748
 0.6774
 0.6698
[torch.DoubleTensor of size 4]

 0.6529
 0.6528
 0.6926
 0.6407
[torch.DoubleTensor of size 4]

(-----------------------------------------)
0.01 *
-1.8562
-2.7458
-3.3431
-2.9866
[torch.DoubleTensor of size 4]

0.001 *
 2.3416
 0.2872
 0.5527
 0.9102
[torch.DoubleTensor of size 4]

(-----------------------------------------)
0.01 *
 2.6988
 3.4380
 2.1013
 6.3977
[torch.DoubleTensor of size 4]

0.001 *
 2.2350
 2.8002
 1.9374
 2.0409
[torch.DoubleTensor of size 4]

(-----------------------------------------)
0.01 *
-4.8877
-5.2036
-6.1907
-6.6341
[torch.DoubleTensor of size 4]

0.0001 *
 3.8829
 3.7512
 4.2317
 2.6240
[torch.DoubleTensor of size 4]

(-----------------------------------------)
 0.9257
 0.9300
 0.9215
 0.9172
[torch.DoubleTensor of size 4]

 0.9341
 0.9196
 0.9129
 0.9171
[torch.DoubleTensor of size 4]

(-----------------------------------------)
 0.0795
 0.0833
 0.0889
 0.1068
[torch.DoubleTensor of size 4]

1e-05 *
 3.8571
 4.6247
 3.6240
 3.8640
[torch.DoubleTensor of size 4]

(-----------------------------------------)
 0.5427
 0.6017
 0.5412
 0.5818
[torch.DoubleTensor of size 4]

 0.5726
 0.7001
 0.5014
 0.5789
[torch.DoubleTensor of size 4]

(-----------------------------------------)
 0.4303
 0.4495
 0.4434
 0.4186
[torch.DoubleTensor of size 4]

 0.2974
 0.3357
 0.3833
 0.2667
[torch.DoubleTensor of size 4]

(-----------------------------------------)
 0.6973
 0.6891
 0.7032
 0.7078
[torch.DoubleTensor of size 4]

 0.7599
 0.7374
 0.7296
 0.7393
[torch.DoubleTensor of size 4]

(-----------------------------------------)
 0.7089
 0.6916
 0.7045
 0.6946
[torch.DoubleTensor of size 4]

 0.7760
 0.7728
 0.7720
 0.7923
[torch.DoubleTensor of size 4]

(-----------------------------------------)
0.01 *
 2.1748
 2.6000
 4.8545
 1.6020
[torch.DoubleTensor of size 4]

0.001 *
 4.5611
 4.4127
 4.8614
 4.0538
[torch.DoubleTensor of size 4]

(-----------------------------------------)
0.01 *
 1.2483
 0.5052
-0.4218
-0.2589
[torch.DoubleTensor of size 4]

0.0001 *
 2.7353
 1.7277
 1.8814
 2.1006
[torch.DoubleTensor of size 4]

(-----------------------------------------)
 0.6061
 0.5836
 0.6187
 0.5971
[torch.DoubleTensor of size 4]

 0.5185
 0.4494
 0.6275
 0.4816
[torch.DoubleTensor of size 4]

(-----------------------------------------)
 0.0959
 0.1074
 0.1058
 0.1105
[torch.DoubleTensor of size 4]

0.001 *
 1.4913
 1.6062
 1.4793
 1.5355
[torch.DoubleTensor of size 4]

(-----------------------------------------)
 0.5409
 0.5330
 0.5352
 0.5550
[torch.DoubleTensor of size 4]

 0.2468
 0.3401
 0.2738
 0.5009
[torch.DoubleTensor of size 4]

(-----------------------------------------)
0.01 *
-1.2480
-2.9267
-2.5529
-2.9630
[torch.DoubleTensor of size 4]

0.001 *
 3.7119
 3.5419
 1.8320
 6.4936
[torch.DoubleTensor of size 4]

(-----------------------------------------)
 0.7097
 0.7422
 0.7103
 0.7214
[torch.DoubleTensor of size 4]

 0.4618
 0.5115
 0.3997
 0.6050
[torch.DoubleTensor of size 4]

(-----------------------------------------)
 0.1028
 0.1184
 0.1356
 0.1061
[torch.DoubleTensor of size 4]

0.001 *
 1.2688
 1.5930
 1.2875
 1.7853
[torch.DoubleTensor of size 4]

(-----------------------------------------)
 0.9667
 0.9568
 0.9684
 0.9621
[torch.DoubleTensor of size 4]

 0.9533
 0.9540
 0.9566
 0.9670
[torch.DoubleTensor of size 4]

(-----------------------------------------)
0.01 *
-6.9159
-8.8930
-5.8197
-8.8415
[torch.DoubleTensor of size 4]

0.01 *
 3.0701
 2.2937
 3.0147
 3.5580
[torch.DoubleTensor of size 4]

(-----------------------------------------)
 0.6510
 0.6698
 0.6678
 0.6420
[torch.DoubleTensor of size 4]

 0.7783
 0.8666
 0.7668
 0.7411
[torch.DoubleTensor of size 4]

(-----------------------------------------)
 0.7825
 0.8138
 0.7879
 0.8051
[torch.DoubleTensor of size 4]

 0.8311
 0.8989
 0.8401
 0.8182
[torch.DoubleTensor of size 4]

(-----------------------------------------)
0.01 *
 0.0380
-1.3773
-0.5780
-0.1989
[torch.DoubleTensor of size 4]

1e-05 *
 6.6718
 7.9352
 9.0306
 6.4111
[torch.DoubleTensor of size 4]

(-----------------------------------------)
 0.9738
 0.9838
 0.9603
 0.9602
[torch.DoubleTensor of size 4]

 0.9790
 0.9698
 0.9755
 0.9874
[torch.DoubleTensor of size 4]

(-----------------------------------------)
0.01 *
 1.8532
 0.3231
 0.3647
-0.2410
[torch.DoubleTensor of size 4]

0.001 *
 2.7530
 1.1877
 1.7816
 1.1203
[torch.DoubleTensor of size 4]

(-----------------------------------------)
0.01 *
 0.5465
 1.5344
 0.7455
 2.1582
[torch.DoubleTensor of size 4]

0.0001 *
 0.7525
 1.1904
 1.5489
 1.0574
[torch.DoubleTensor of size 4]

(-----------------------------------------)
 0.1349
 0.1346
 0.1343
 0.1248
[torch.DoubleTensor of size 4]

0.001 *
 2.6992
 5.7923
 2.8832
 5.8343
[torch.DoubleTensor of size 4]

(-----------------------------------------)
 0.2315
 0.2432
 0.2414
 0.2430
[torch.DoubleTensor of size 4]

 0.2240
 0.2300
 0.1831
 0.2107
[torch.DoubleTensor of size 4]

(-----------------------------------------)
0.01 *
-1.7078
 0.0953
 0.6876
-0.7911
[torch.DoubleTensor of size 4]

0.01 *
 1.0981
 1.4843
 1.2520
 1.2113
[torch.DoubleTensor of size 4]

(-----------------------------------------)
 0.8316
 0.8047
 0.8124
 0.8297
[torch.DoubleTensor of size 4]

 0.8466
 0.8308
 0.8298
 0.8225
[torch.DoubleTensor of size 4]

(-----------------------------------------)
 0.9082
 0.8983
 0.9013
 0.8822
[torch.DoubleTensor of size 4]

 0.9740
 0.9402
 0.9381
 0.9507
[torch.DoubleTensor of size 4]

(-----------------------------------------)
 0.2234
 0.2297
 0.2377
 0.2427
[torch.DoubleTensor of size 4]

 0.1033
 0.1063
 0.1224
 0.2030
[torch.DoubleTensor of size 4]

(-----------------------------------------)
 1.0053
 1.0028
 0.9972
 1.0062
[torch.DoubleTensor of size 4]

 0.9780
 0.9635
 0.9660
 0.9582
[torch.DoubleTensor of size 4]

(-----------------------------------------)
 0.9469
 0.9482
 0.9584
 0.9488
[torch.DoubleTensor of size 4]

 0.9793
 0.9766
 0.9890
 0.9747
[torch.DoubleTensor of size 4]

(-----------------------------------------)
 0.1098
 0.1556
 0.0992
 0.1255
[torch.DoubleTensor of size 4]

1e-05 *
 4.4076
 5.4068
 5.0597
 4.5168
[torch.DoubleTensor of size 4]

(-----------------------------------------)
0.01 *
-1.7923
-3.7024
-1.6533
-3.2726
[torch.DoubleTensor of size 4]

0.01 *
 1.8121
 1.5368
 2.7040
 2.2101
[torch.DoubleTensor of size 4]

(-----------------------------------------)
 0.6646
 0.6849
 0.6736
 0.6966
[torch.DoubleTensor of size 4]

 0.9258
 0.9354
 0.9426
 0.9286
[torch.DoubleTensor of size 4]

(-----------------------------------------)
0.01 *
-1.8271
-4.5127
-3.6075
-3.0772
[torch.DoubleTensor of size 4]

0.0001 *
 5.5899
 5.5539
 7.3856
 5.5289
[torch.DoubleTensor of size 4]

(-----------------------------------------)
0.01 *
 3.9517
 4.3216
 7.3179
 3.2954
[torch.DoubleTensor of size 4]

0.0001 *
 1.1539
 0.9675
 1.0363
 0.9198
[torch.DoubleTensor of size 4]

(-----------------------------------------)
 0.7488
 0.7434
 0.7509
 0.7476
[torch.DoubleTensor of size 4]

 0.7940
 0.7969
 0.8140
 0.7808
[torch.DoubleTensor of size 4]

(-----------------------------------------)
0.01 *
 2.6130
 3.2091
 0.5493
 0.8672
[torch.DoubleTensor of size 4]

0.01 *
 7.0164
 7.7595
 6.7177
 6.3936
[torch.DoubleTensor of size 4]

(-----------------------------------------)
0.01 *
 6.2528
 9.3210
 9.5485
 8.3869
[torch.DoubleTensor of size 4]

 0.2615
 0.2904
 0.2677
 0.2873
[torch.DoubleTensor of size 4]

(-----------------------------------------)
 0.6873
 0.6960
 0.6821
 0.6930
[torch.DoubleTensor of size 4]

 0.6834
 0.6638
 0.6558
 0.7173
[torch.DoubleTensor of size 4]

(-----------------------------------------)
 0.6609
 0.6788
 0.6789
 0.6845
[torch.DoubleTensor of size 4]

 0.4178
 0.4104
 0.5524
 0.4675
[torch.DoubleTensor of size 4]

(-----------------------------------------)
0.01 *
-1.0306
-2.3542
-1.6877
-1.5857
[torch.DoubleTensor of size 4]

0.01 *
 1.7808
 1.6477
 3.7422
 1.4495
[torch.DoubleTensor of size 4]

(-----------------------------------------)
0.01 *
 0.0698
 2.3538
 1.9655
 0.2847
[torch.DoubleTensor of size 4]

0.001 *
 7.1083
 9.7311
 8.0127
 8.2244
[torch.DoubleTensor of size 4]

(-----------------------------------------)
 0.6782
 0.6830
 0.6929
 0.6923
[torch.DoubleTensor of size 4]

 0.7158
 0.7384
 0.7073
 0.7220
[torch.DoubleTensor of size 4]

(-----------------------------------------)
0.01 *
-5.7992
-6.5021
-5.1067
-6.6986
[torch.DoubleTensor of size 4]

0.0001 *
 2.2429
 2.2922
 3.1646
 2.1959
[torch.DoubleTensor of size 4]

(-----------------------------------------)
 0.7209
 0.7290
 0.7117
 0.7321
[torch.DoubleTensor of size 4]

 0.7074
 0.7471
 0.6918
 0.7938
[torch.DoubleTensor of size 4]

(-----------------------------------------)
0.01 *
 0.6880
 0.6365
 1.6207
 1.3712
[torch.DoubleTensor of size 4]

0.001 *
 3.5833
 3.5121
 3.1522
 3.3430
[torch.DoubleTensor of size 4]

(-----------------------------------------)
 0.1112
 0.1564
 0.1269
 0.1207
[torch.DoubleTensor of size 4]

 0.3133
 0.3618
 0.3434
 0.3291
[torch.DoubleTensor of size 4]

(-----------------------------------------)
 0.4667
 0.5043
 0.4674
 0.4627
[torch.DoubleTensor of size 4]

 0.7620
 0.7815
 0.7570
 0.7648
[torch.DoubleTensor of size 4]

(-----------------------------------------)
0.01 *
-3.0329
-2.3288
-5.5880
-3.8258
[torch.DoubleTensor of size 4]

0.0001 *
 1.8941
 2.2096
 1.6780
 2.1159
[torch.DoubleTensor of size 4]

(-----------------------------------------)
0.01 *
-7.3742
-5.7607
-7.1100
-4.5520
[torch.DoubleTensor of size 4]

0.0001 *
 0.9386
 1.0421
 1.0887
 0.9369
[torch.DoubleTensor of size 4]

(-----------------------------------------)
 0.0916
 0.1223
 0.1075
 0.0917
[torch.DoubleTensor of size 4]

1e-05 *
 2.5638
 3.4635
 2.8044
 3.3587
[torch.DoubleTensor of size 4]

(-----------------------------------------)
 0.7894
 0.8190
 0.8067
 0.7961
[torch.DoubleTensor of size 4]

 0.8413
 0.8437
 0.8575
 0.8372
[torch.DoubleTensor of size 4]

(-----------------------------------------)
 0.9166
 0.9176
 0.9029
 0.9162
[torch.DoubleTensor of size 4]

 0.8903
 0.8737
 0.8721
 0.8690
[torch.DoubleTensor of size 4]

(-----------------------------------------)
 0.1057
 0.1192
 0.1349
 0.1119
[torch.DoubleTensor of size 4]

0.001 *
 1.9451
 2.4208
 2.1419
 2.1614
[torch.DoubleTensor of size 4]

(-----------------------------------------)
 0.6731
 0.7180
 0.6975
 0.6696
[torch.DoubleTensor of size 4]

 0.6668
 0.7485
 0.6246
 0.5637
[torch.DoubleTensor of size 4]

(-----------------------------------------)
0.01 *
 2.0799
 0.4635
 0.9924
 0.7319
[torch.DoubleTensor of size 4]

0.0001 *
 9.7344
 8.5206
 8.2632
 7.5311
[torch.DoubleTensor of size 4]

(-----------------------------------------)
 0.3033
 0.3404
 0.3059
 0.3076
[torch.DoubleTensor of size 4]

 0.2207
 0.4418
 0.2445
 0.1819
[torch.DoubleTensor of size 4]

(-----------------------------------------)
0.01 *
 2.9793
 4.5026
 3.1068
 6.0791
[torch.DoubleTensor of size 4]

1e-05 *
 3.5594
 4.2883
 3.9851
 3.8446
[torch.DoubleTensor of size 4]

(-----------------------------------------)
0.01 *
 0.9798
 3.6537
 0.8836
 0.3511
[torch.DoubleTensor of size 4]

0.001 *
 8.4248
 8.4532
 7.3603
 6.2430
[torch.DoubleTensor of size 4]

(-----------------------------------------)
0.01 *
-4.8938
-6.9525
-4.5720
-5.9955
[torch.DoubleTensor of size 4]

0.01 *
 9.9643
 2.2735
 5.8346
 3.1507
[torch.DoubleTensor of size 4]

(-----------------------------------------)
 0.7336
 0.7581
 0.7585
 0.7432
[torch.DoubleTensor of size 4]

 0.9416
 0.9560
 0.9359
 0.9389
[torch.DoubleTensor of size 4]

(-----------------------------------------)
-0.1002
-0.1214
-0.0874
-0.1156
[torch.DoubleTensor of size 4]

0.01 *
 2.4101
 2.1747
 2.3638
 2.4553
[torch.DoubleTensor of size 4]

(-----------------------------------------)
 0.3040
 0.2854
 0.2864
 0.2692
[torch.DoubleTensor of size 4]

 0.1080
 0.1153
 0.1259
 0.1027
[torch.DoubleTensor of size 4]

(-----------------------------------------)
 0.6897
 0.6756
 0.7036
 0.6909
[torch.DoubleTensor of size 4]

 0.7215
 0.7052
 0.7397
 0.7124
[torch.DoubleTensor of size 4]

(-----------------------------------------)
 0.1441
 0.1476
 0.1234
 0.1254
[torch.DoubleTensor of size 4]

0.001 *
 3.5592
 3.4515
 6.5542
 1.8634
[torch.DoubleTensor of size 4]

(-----------------------------------------)
0.01 *
-2.2469
-3.1017
-2.6061
-2.8208
[torch.DoubleTensor of size 4]

0.01 *
 4.7891
 4.3610
 5.6055
 5.7259
[torch.DoubleTensor of size 4]

