
 160
   3
  32
  32
[torch.LongStorage of size 4]

[0m------original labels-----[0m	
 9.0174e-03  1.1235e-02  9.9343e-03  1.0025e-02
 5.6990e-04  6.6100e-04  6.2796e-04  5.9059e-04
 3.5302e+01  5.3568e+01  3.3434e+01  2.9574e+01
 9.5158e-02  9.9394e-02  1.1126e-01  1.1837e-01
 2.7614e+01  2.7695e+01  2.7152e+01  3.0736e+01
 7.8595e-03  8.2300e-03  8.2614e-03  8.2103e-03
 1.2409e+01  1.0624e+01  1.1073e+01  7.3900e+00
 6.6543e+01  6.4573e+01  6.4175e+01  6.9834e+01
 4.8767e+01  4.5268e+01  4.5040e+01  4.3521e+01
 1.6562e-02  1.6057e-02  3.0711e-02  8.6368e-03
 1.0865e-02  1.3265e-03  2.5540e-03  4.2094e-03
 3.6904e-03  3.3426e-03  3.8059e-03  3.1234e-03
 3.0778e+00  2.1093e+00  1.7272e+00  2.5040e+00
 2.4847e+01  2.5485e+01  2.7739e+01  2.5104e+01
 2.4139e+01  2.5694e+01  2.8841e+01  3.2178e+01
 4.2551e+01  4.2685e+01  4.6329e+01  4.1863e+01
 2.1311e+01  9.7541e+00  7.6157e+00  8.7877e+00
 1.1833e-04  1.5986e-04  1.2943e-04  1.5502e-04
 2.7905e+01  3.5527e+01  2.6720e+01  4.5445e+01
 5.9963e+00  8.4773e+00  1.0267e+01  6.5062e+00
 5.1985e-02  7.0902e-02  5.9482e-02  5.7496e-02
 3.2353e+01  2.9063e+01  2.8000e+01  2.9327e+01
 2.1299e+01  2.5604e+01  2.7289e+01  1.8762e+01
 1.9654e+00  2.4542e+00  3.1066e+00  2.2347e+00
 4.5328e+01  6.2344e+01  4.7296e+01  4.2637e+01
 1.7936e-03  1.7327e-03  1.9549e-03  1.2117e-03
 2.2427e+01  2.0401e+01  1.9624e+01  2.6393e+01
 4.7561e+01  4.8096e+01  5.1334e+01  4.6654e+01
 3.3524e+01  3.1089e+01  3.8460e+01  3.6185e+01
 4.5026e-03  3.9401e-03  3.8209e-03  3.4817e-03
 3.1789e+01  2.0832e+01  1.6534e+01  1.7029e+01
 5.3489e-03  6.4562e-03  6.4079e-03  5.2828e-03
 3.9721e+01  3.6254e+01  3.6029e+01  3.4299e+01
 1.5222e-01  1.1167e-01  1.4928e-01  1.7845e-01
 8.5657e-02  7.9007e-02  1.8852e-01  6.9185e-02
 3.8030e+01  3.8564e+01  4.1812e+01  3.5729e+01
 5.4269e-03  4.5720e-03  3.7832e-03  4.3012e-03
 1.8122e+00  1.8906e+00  1.3280e+00  1.6443e+00
 5.0211e-04  4.8163e-04  4.9413e-04  4.9770e-04
 9.0786e+01  8.9651e+01  9.5000e+01  8.8874e+01
 4.1996e+01  3.9798e+01  4.0212e+01  4.5031e+01
 3.9647e-02  3.9784e-02  3.4552e-02  2.9232e-02
 2.4735e-01  2.2295e-01  2.9525e-01  3.0247e-01
 3.3350e-02  4.5934e-02  3.7672e-02  3.8686e-02
 2.3697e+00  2.4079e+00  2.5088e+00  2.5415e+00
 8.2908e+01  7.9597e+01  8.5189e+01  7.8983e+01
 2.5831e-03  2.5665e-03  3.4144e-03  2.5549e-03
 1.0056e+01  8.8165e+00  8.3773e+00  1.8032e+01
 1.0368e-02  1.3007e-02  8.9813e-03  9.4634e-03
 2.6938e+01  2.4912e+01  2.9380e+01  2.5788e+01
 1.5839e-03  1.9050e-03  1.7769e-03  1.3054e-03
 9.0250e+01  8.4334e+01  8.5331e+01  8.2272e+01
 1.1965e+00  1.1416e+00  1.1852e+00  9.6191e-01
 3.1109e-02  5.3747e-02  8.1494e-02  2.7178e-01
 9.3180e-04  8.5011e-04  1.3835e-03  8.5288e-04
 6.4696e-01  6.0698e-01  1.5268e+00  4.7201e-01
 9.2278e-04  8.9197e-04  1.0393e-03  9.5556e-04
 7.7590e-03  8.3144e-03  8.0444e-03  8.2781e-03
 7.1460e-04  5.8920e-04  8.3692e-04  6.5405e-04
 8.7455e-04  1.0203e-03  7.7473e-04  9.7700e-04
 4.3524e-01  1.8798e+00  3.8863e-01  4.4845e-01
 1.0356e-03  1.0584e-03  1.4616e-03  1.0139e-03
 5.8837e+01  5.7919e+01  6.3025e+01  5.8572e+01
 4.5426e+01  4.6653e+01  4.4954e+01  5.0096e+01
 1.0398e-01  1.5627e-01  1.3593e-01  9.1304e-02
 1.2632e-03  7.9768e-04  8.6867e-04  9.6994e-04
 2.3423e+00  2.8195e+00  2.4393e+00  2.7649e+00
 9.9456e+00  6.9580e+00  1.7098e+01  8.2300e+00
 5.5732e-04  5.7523e-04  5.0953e-04  4.2963e-04
 3.9511e-04  3.6157e-04  3.5930e-04  3.4160e-04
 1.7409e+01  1.9491e+01  1.8532e+01  2.3521e+01
 8.0367e-03  7.9272e-03  9.1549e-03  7.7706e-03
 3.7380e-02  8.3069e-02  4.1453e-02  2.6430e-02
 4.9934e-01  5.9818e-01  6.2111e-01  5.1876e-01
 4.1727e+00  3.0589e+00  8.8107e+00  3.1513e+00
 5.8727e-03  7.3788e-03  5.9598e-03  8.2735e-03
 4.0409e+01  4.4013e+01  3.8671e+01  3.8994e+01
 1.6429e-04  1.9793e-04  1.8394e-04  1.7745e-04
 7.3509e+01  6.8697e+01  6.6581e+01  6.7901e+01
 5.4086e+01  5.2678e+01  5.6880e+01  5.2158e+01
 9.0653e+01  8.6879e+01  8.9187e+01  9.4282e+01
 1.7278e-02  1.6481e-02  8.4907e-03  3.0422e-02
 2.2886e-04  2.5596e-04  2.2586e-04  2.0199e-04
 3.8239e-01  4.3062e-01  3.6346e-01  3.4323e-01
 5.8386e-01  1.1063e-01  3.0902e-01  1.5651e-01
 7.0253e-03  1.1553e-02  8.0544e-03  9.2069e-03
 4.4779e+00  5.1802e+00  3.5450e+00  6.3806e+00
 6.1766e-04  5.2288e-04  7.0443e-04  4.2991e-04
 6.0803e-03  4.0246e-03  7.5762e-03  5.3063e-03
 5.0155e+00  7.3402e+00  4.7774e+00  3.4203e+00
 2.6352e+01  2.3845e+01  2.3890e+01  2.2883e+01
 2.6515e-02  2.2367e-02  2.0128e-02  1.9107e-02
 2.8901e-01  2.9324e-01  3.2841e-01  2.9100e-01
 1.6675e-02  1.6341e-02  1.4654e-02  1.5548e-02
 1.0984e-02  1.4141e-02  1.4046e-02  1.5536e-02
 1.5588e-02  1.5110e-02  1.3013e-02  1.3855e-02
 5.9874e+01  5.5379e+01  5.4974e+01  5.4179e+01
 2.0344e-04  2.4956e-04  2.3354e-04  2.0848e-04
 6.9063e-03  7.4402e-03  6.8506e-03  7.1119e-03
 3.1243e-04  3.4665e-04  3.0549e-04  3.0471e-04
 7.6128e+01  8.1451e+01  7.4136e+01  7.5192e+01
 8.0431e+01  8.0665e+01  8.1684e+01  8.5737e+01
 4.3327e-04  4.8105e-04  5.0259e-04  4.3249e-04
 2.0697e+01  3.0643e+01  1.6862e+01  1.2485e+01
 5.1615e+01  5.0157e+01  5.1129e+01  5.5527e+01
 8.8569e+01  7.5631e+01  7.4902e+01  7.9463e+01
 6.4774e+01  6.0420e+01  5.9915e+01  7.3416e+01
 6.2447e+01  5.4318e+01  7.6105e+01  6.1821e+01
 6.1081e-01  6.3343e-01  7.5957e-01  1.5521e+00
 2.1446e+01  2.4556e+01  2.2452e+01  3.1767e+01
 3.2449e+00  4.3102e+00  3.8782e+00  3.5679e+00
 7.1301e+01  7.2431e+01  7.1684e+01  7.7378e+01
 3.4765e-04  2.7914e-04  3.3419e-04  3.7290e-04
 5.6874e+01  5.5938e+01  5.4705e+01  6.1912e+01
 7.0711e+01  7.3949e+01  7.6488e+01  7.1654e+01
 1.7884e-03  2.2328e-03  1.3218e-03  1.5541e-03
 6.4608e-01  7.0227e-01  7.8795e-01  6.0617e-01
 2.9538e+01  3.1108e+01  3.6330e+01  3.1517e+01
 1.7803e-04  2.1346e-04  1.6727e-04  1.7835e-04
 5.0399e-04  5.1822e-04  5.3449e-04  4.9248e-04
 3.9427e-04  4.3645e-04  4.3303e-04  4.1594e-04
 2.5035e+01  3.4309e+01  4.7024e+01  3.1333e+01
 2.5168e+01  3.0436e+01  2.3353e+01  3.8005e+01
 1.1765e-01  1.0557e-01  1.1527e-01  1.1999e-01
 1.7686e+00  6.6825e+00  2.0909e+00  1.3149e+00
 5.4143e-04  8.8506e-04  5.4216e-04  7.5269e-04
 1.3051e+01  2.4305e+01  9.1142e+00  1.3464e+01
 2.1230e+00  3.8042e+00  2.5387e+00  9.0937e+00
[torch.DoubleTensor of size 128x4]

[0m------log labels----------[0m	
-4.7086 -4.4887 -4.6118 -4.6027
-7.4700 -7.3218 -7.3730 -7.4344
 3.5639  3.9810  3.5096  3.3869
-2.3522 -2.3087 -2.1959 -2.1339
 3.3183  3.3212  3.3014  3.4254
-4.8460 -4.8000 -4.7962 -4.8024
 2.5184  2.3632  2.4045  2.0001
 4.1979  4.1678  4.1616  4.2461
 3.8871  3.8126  3.8075  3.7732
-4.1007 -4.1316 -3.4831 -4.7517
-4.5222 -6.6252 -5.9701 -5.4704
-5.6020 -5.7010 -5.5712 -5.7688
 1.1242  0.7464  0.5465  0.9179
 3.2127  3.2381  3.3228  3.2230
 3.1838  3.2463  3.3618  3.4713
 3.7507  3.7538  3.8358  3.7344
 3.0592  2.2777  2.0302  2.1734
-9.0420 -8.7412 -8.9523 -8.7720
 3.3288  3.5703  3.2854  3.8165
 1.7911  2.1374  2.3289  1.8727
-2.9568 -2.6465 -2.8221 -2.8560
 3.4767  3.3695  3.3322  3.3785
 3.0586  3.2427  3.3065  2.9318
 0.6757  0.8978  1.1335  0.8041
 3.8139  4.1327  3.8564  3.7527
-6.3235 -6.3581 -6.2374 -6.7157
 3.1103  3.0156  2.9768  3.2731
 3.8620  3.8732  3.9384  3.8428
 3.5122  3.4368  3.6496  3.5886
-5.4031 -5.5366 -5.5673 -5.6602
 3.4591  3.0365  2.8054  2.8349
-5.2309 -5.0427 -5.0502 -5.2433
 3.6819  3.5906  3.5843  3.5351
-1.8824 -2.1923 -1.9019 -1.7234
-2.4574 -2.5382 -1.6686 -2.6710
 3.6384  3.6523  3.7332  3.5760
-5.2164 -5.3878 -5.5772 -5.4489
 0.5945  0.6369  0.2836  0.4973
-7.5967 -7.6383 -7.6127 -7.6055
 4.5085  4.4959  4.5539  4.4872
 3.7376  3.6838  3.6942  3.8073
-3.2277 -3.2243 -3.3653 -3.5325
-1.3970 -1.5008 -1.2199 -1.1958
-3.4007 -3.0806 -3.2788 -3.2523
 0.8628  0.8788  0.9198  0.9328
 4.4177  4.3770  4.4449  4.3692
-5.9587 -5.9652 -5.6798 -5.9697
 2.3082  2.1766  2.1255  2.8922
-4.5690 -4.3423 -4.7126 -4.6603
 3.2935  3.2154  3.3803  3.2499
-6.4478 -6.2633 -6.3329 -6.6412
 4.5026  4.4348  4.4465  4.4100
 0.1794  0.1325  0.1699 -0.0388
-3.4703 -2.9235 -2.5072 -1.3027
-6.9784 -7.0701 -6.5832 -7.0669
-0.4355 -0.4993  0.4232 -0.7508
-6.9881 -7.0221 -6.8692 -6.9532
-4.8589 -4.7898 -4.8228 -4.7941
-7.2438 -7.4367 -7.0858 -7.3323
-7.0418 -6.8877 -7.1630 -6.9310
-0.8319  0.6311 -0.9451 -0.8020
-6.8727 -6.8510 -6.5283 -6.8939
 4.0748  4.0590  4.1435  4.0703
 3.8161  3.8427  3.8056  3.9139
-2.2635 -1.8562 -1.9956 -2.3936
-6.6741 -7.1338 -7.0485 -6.9383
 0.8511  1.0366  0.8917  1.0170
 2.2971  1.9399  2.8390  2.1078
-7.4924 -7.4607 -7.5820 -7.7526
-7.8364 -7.9251 -7.9313 -7.9819
 2.8570  2.9700  2.9195  3.1579
-4.8237 -4.8375 -4.6935 -4.8574
-3.2866 -2.4881 -3.1832 -3.6333
-0.6945 -0.5139 -0.4763 -0.6563
 1.4286  1.1180  2.1760  1.1478
-5.1374 -4.9091 -5.1227 -4.7947
 3.6991  3.7845  3.6551  3.6634
-8.7139 -8.5276 -8.6009 -8.6368
 4.2974  4.2297  4.1984  4.2181
 3.9906  3.9642  4.0409  3.9543
 4.5070  4.4645  4.4907  4.5463
-4.0583 -4.1056 -4.7688 -3.4926
-8.3824 -8.2705 -8.3956 -8.5073
-0.9613 -0.8425 -1.0121 -1.0694
-0.5381 -2.2016 -1.1744 -1.8546
-4.9582 -4.4608 -4.8215 -4.6878
 1.4992  1.6448  1.2655  1.8533
-7.3896 -7.5562 -7.2581 -7.7519
-5.1027 -5.5153 -4.8827 -5.2389
 1.6125  1.9934  1.5639  1.2297
 3.2715  3.1716  3.1734  3.1304
-3.6300 -3.8002 -3.9056 -3.9577
-1.2413 -1.2268 -1.1135 -1.2344
-4.0939 -4.1141 -4.2230 -4.1638
-4.5113 -4.2587 -4.2654 -4.1646
-4.1612 -4.1924 -4.3418 -4.2791
 4.0922  4.0142  4.0069  3.9923
-8.5002 -8.2958 -8.3622 -8.4757
-4.9753 -4.9009 -4.9834 -4.9460
-8.0711 -7.9672 -8.0936 -8.0961
 4.3324  4.4000  4.3059  4.3200
 4.3874  4.3903  4.4029  4.4513
-7.7442 -7.6395 -7.5957 -7.7459
 3.0300  3.4224  2.8251  2.5245
 3.9438  3.9152  3.9344  4.0169
 4.4838  4.3259  4.3162  4.3753
 4.1709  4.1013  4.0929  4.2961
 4.1343  3.9949  4.3321  4.1242
-0.4930 -0.4566 -0.2750  0.4396
 3.0655  3.2009  3.1114  3.4584
 1.1771  1.4610  1.3554  1.2720
 4.2669  4.2826  4.2723  4.3487
-7.9643 -8.1838 -8.0038 -7.8942
 4.0408  4.0243  4.0020  4.1257
 4.2586  4.3034  4.3371  4.2719
-6.3264 -6.1045 -6.6288 -6.4668
-0.4368 -0.3534 -0.2383 -0.5006
 3.3857  3.4375  3.5927  3.4505
-8.6336 -8.4521 -8.6959 -8.6318
-7.5930 -7.5651 -7.5342 -7.6161
-7.8385 -7.7368 -7.7447 -7.7850
 3.2203  3.5354  3.8507  3.4447
 3.2256  3.4156  3.1507  3.6377
-2.1400 -2.2484 -2.1605 -2.1204
 0.5702  1.8995  0.7376  0.2738
-7.5213 -7.0299 -7.5200 -7.1919
 2.5688  3.1907  2.2098  2.6000
 0.7528  1.3361  0.9316  2.2076
[torch.DoubleTensor of size 128x4]

[0mtorch.FloatTensor[0m	
[0m==> preprocessing data: normalize each feature (channel) globally[0m	

 128
   3
  32
  32
[torch.LongStorage of size 4]

[0mlast labels[0m	
[0;36m-9.0420415708287[0m	
[0;36m4.5538768916005[0m	
[0m--------1 to 10 labels--------[0m	
 3.5305  3.6761  3.5946  3.6007
 1.7026  1.8007  1.7668  1.7262
 9.0067  9.2827  8.9707  8.8895
 5.0904  5.1192  5.1939  5.2349
 8.8441  8.8460  8.8329  8.9150
 3.4396  3.4701  3.4726  3.4685
 8.3146  8.2118  8.2392  7.9715
 9.4263  9.4064  9.4023  9.4582
 9.2206  9.1713  9.1679  9.1452
 3.9330  3.9125  4.3417  3.5020
 3.6540  2.2618  2.6955  3.0262
 2.9391  2.8736  2.9595  2.8287
 7.3916  7.1415  7.0092  7.2551
 8.7742  8.7910  8.8471  8.7810
 8.7551  8.7964  8.8728  8.9453
 9.1303  9.1324  9.1866  9.1195
 8.6726  8.1552  7.9914  8.0861
 0.6620  0.8611  0.7213  0.8407
 8.8510  9.0109  8.8223  9.1739
 7.8331  8.0623  8.1891  7.8872
 4.6902  4.8956  4.7794  4.7569
 8.9489  8.8779  8.8533  8.8839
 8.6722  8.7940  8.8362  8.5882
 7.0948  7.2418  7.3978  7.1797
 9.1721  9.3831  9.2003  9.1316
 2.4615  2.4387  2.5185  2.2019
 8.7063  8.6437  8.6180  8.8141
 9.2040  9.2114  9.2545  9.1912
 8.9724  8.9225  9.0634  9.0230
 3.0708  2.9825  2.9621  2.9006
 8.9373  8.6575  8.5045  8.5241
 3.1848  3.3094  3.3044  3.1766
 9.0847  9.0243  9.0201  8.9876
 5.4014  5.1963  5.3884  5.5066
 5.0208  4.9673  5.5429  4.8794
 9.0559  9.0652  9.1187  9.0146
 3.1944  3.0809  2.9556  3.0405
 7.0410  7.0691  6.8352  6.9767
 1.6187  1.5912  1.6081  1.6129
 9.6319  9.6236  9.6620  9.6178
 9.1216  9.0860  9.0929  9.1678
 4.5108  4.5131  4.4198  4.3091
 5.7227  5.6540  5.8399  5.8559
 4.3963  4.6082  4.4770  4.4946
 7.2186  7.2292  7.2564  7.2649
 9.5718  9.5449  9.5898  9.5397
 2.7030  2.6987  2.8877  2.6957
 8.1754  8.0883  8.0545  8.5620
 3.6229  3.7731  3.5279  3.5625
 8.8277  8.7759  8.8851  8.7988
 2.3792  2.5014  2.4553  2.2512
 9.6280  9.5831  9.5909  9.5667
 6.7662  6.7351  6.7599  6.6218
 4.3503  4.7122  4.9878  5.7851
 2.0280  1.9673  2.2896  1.9694
 6.3592  6.3170  6.9276  6.1505
 2.0216  1.9991  2.1003  2.0447
 3.4310  3.4768  3.4550  3.4739
 1.8523  1.7246  1.9569  1.7937
 1.9860  2.0881  1.9058  2.0594
 6.0968  7.0653  6.0218  6.1166
 2.0980  2.1124  2.3260  2.0839
 9.3448  9.3344  9.3903  9.3418
 9.1736  9.1912  9.1667  9.2384
 5.1491  5.4187  5.3264  5.0630
 2.2294  1.9251  1.9816  2.0546
 7.2109  7.3336  7.2377  7.3207
 8.1681  7.9316  8.5267  8.0427
 1.6878  1.7087  1.6284  1.5155
 1.4601  1.4014  1.3972  1.3637
 8.5387  8.6135  8.5801  8.7379
 3.4543  3.4452  3.5406  3.4320
 4.4718  5.0004  4.5403  4.2424
 6.1878  6.3073  6.3322  6.2130
 7.5931  7.3876  8.0879  7.4073
 3.2467  3.3978  3.2564  3.4735
 9.0961  9.1526  9.0670  9.0725
 0.8792  1.0025  0.9540  0.9302
 9.4922  9.4474  9.4267  9.4397
 9.2891  9.2716  9.3224  9.2651
 9.6310  9.6028  9.6202  9.6569
 3.9610  3.9297  3.4907  4.3355
 1.0986  1.1727  1.0899  1.0159
 6.0111  6.0897  5.9775  5.9396
 6.2913  5.1901  5.8701  5.4198
 3.3653  3.6946  3.4558  3.5443
 7.6399  7.7363  7.4852  7.8743
 1.7558  1.6456  1.8429  1.5160
 3.2697  2.9965  3.4153  3.1795
 7.7149  7.9670  7.6827  7.4615
 8.8131  8.7469  8.7482  8.7197
 4.2445  4.1319  4.0621  4.0276
 5.8258  5.8354  5.9104  5.8303
 3.9375  3.9241  3.8520  3.8912
 3.6611  3.8284  3.8239  3.8907
 3.8929  3.8723  3.7734  3.8149
 9.3564  9.3047  9.2999  9.2902
 1.0207  1.1559  1.1120  1.0369
 3.3540  3.4033  3.3486  3.3734
 1.3047  1.3735  1.2898  1.2881
 9.5154  9.5601  9.4978  9.5072
 9.5518  9.5537  9.5620  9.5941
 1.5211  1.5904  1.6194  1.5199
 8.6532  8.9130  8.5176  8.3186
 9.2581  9.2392  9.2519  9.3065
 9.6156  9.5110  9.5046  9.5437
 9.4084  9.3624  9.3568  9.4914
 9.3842  9.2919  9.5152  9.3776
 6.3211  6.3452  6.4654  6.9385
 8.6767  8.7664  8.7071  8.9368
 7.4266  7.6146  7.5447  7.4895
 9.4720  9.4824  9.4756  9.5261
 1.3754  1.2301  1.3492  1.4218
 9.3224  9.3114  9.2966  9.3785
 9.4665  9.4961  9.5185  9.4753
 2.4596  2.6065  2.2595  2.3667
 6.3583  6.4135  6.4897  6.3161
 8.8887  8.9229  9.0257  8.9316
 0.9324  1.0525  0.8911  0.9335
 1.6212  1.6396  1.6601  1.6059
 1.4587  1.5260  1.5208  1.4941
 8.7792  8.9878  9.1965  8.9277
 8.7827  8.9085  8.7331  9.0555
 5.2308  5.1591  5.2173  5.2438
 7.0249  7.9049  7.1357  6.8287
 1.6686  1.9940  1.6695  1.8867
 8.3479  8.7596  8.1103  8.3686
 7.1458  7.5319  7.2642  8.1088
[torch.DoubleTensor of size 128x4]

[0m==> preprocessing data: normalize all three channels locally[0m	
[0m==> verify statistics[0m	
[0mtraining data, y-channel, mean: 0.013174873818286[0m	
[0mtraining data, y-channel, standard deviation: 0.42781023187691[0m	
[0mtest data, y-channel, mean: 0.013251749937353[0m	
[0mtest data, y-channel, standard deviation: 0.42695483869329[0m	
[0mtraining data, u-channel, mean: 0.020555800584191[0m	
[0mtraining data, u-channel, standard deviation: 0.62516319713962[0m	
[0mtest data, u-channel, mean: 0.020490171599079[0m	
[0mtest data, u-channel, standard deviation: 0.6254491319793[0m	
[0mtraining data, v-channel, mean: 0.01445628691954[0m	
[0mtraining data, v-channel, standard deviation: 0.76865548117202[0m	
[0mtest data, v-channel, mean: 0.014108961743204[0m	
[0mtest data, v-channel, standard deviation: 0.7657648051559[0m	
[0m==> visualizing data[0m	
[0m1 - current loss = 16.468589589761[0m	
[0m2 - current loss = 12.297448245974[0m	
[0m3 - current loss = 7.7160249396562[0m	
[0m4 - current loss = 3.2238141571396[0m	
[0m5 - current loss = 1.7256297130417[0m	
[0m6 - current loss = 1.3465179238913[0m	
[0m7 - current loss = 1.1850520167579[0m	
[0m8 - current loss = 1.088972428167[0m	
[0m9 - current loss = 1.0208561653006[0m	
[0m10 - current loss = 0.96803686492757[0m	
[0m11 - current loss = 0.92309953284003[0m	
[0m12 - current loss = 0.88354910679047[0m	
[0m13 - current loss = 0.84807089007577[0m	
[0m14 - current loss = 0.81554361080732[0m	
[0m15 - current loss = 0.78510516574762[0m	
[0m16 - current loss = 0.75620646405758[0m	
[0m17 - current loss = 0.72954511224593[0m	
[0m18 - current loss = 0.70428811570961[0m	
[0m19 - current loss = 0.680199620216[0m	
[0m20 - current loss = 0.65729931585404[0m	
[0m21 - current loss = 0.63556428144693[0m	
[0m22 - current loss = 0.61500202482763[0m	
[0m23 - current loss = 0.59558200573084[0m	
[0m24 - current loss = 0.57722866759301[0m	
[0m25 - current loss = 0.55977608383373[0m	
[0m26 - current loss = 0.54335913424399[0m	
[0m27 - current loss = 0.52772484640257[0m	
[0m28 - current loss = 0.51271173369741[0m	
[0m29 - current loss = 0.49835310955576[0m	
[0m30 - current loss = 0.48440937427944[0m	
[0m31 - current loss = 0.47085544876666[0m	
[0m32 - current loss = 0.45778393646915[0m	
[0m33 - current loss = 0.44496343363854[0m	
[0m34 - current loss = 0.4327163732158[0m	
[0m35 - current loss = 0.42050600491374[0m	
[0m36 - current loss = 0.40901372786184[0m	
[0m37 - current loss = 0.39766653218504[0m	
[0m38 - current loss = 0.38684984639434[0m	
[0m39 - current loss = 0.37624748495021[0m	
[0m40 - current loss = 0.36607214565661[0m	
[0m41 - current loss = 0.35610226834041[0m	
[0m42 - current loss = 0.34652292597391[0m	
[0m43 - current loss = 0.33727566844643[0m	
[0m44 - current loss = 0.32822905284377[0m	
[0m45 - current loss = 0.31950787032336[0m	
[0m46 - current loss = 0.31108345272091[0m	
[0m47 - current loss = 0.30286097769191[0m	
[0m48 - current loss = 0.29493453913836[0m	
[0m49 - current loss = 0.28720140895492[0m	
[0m50 - current loss = 0.27987639222795[0m	
[0m51 - current loss = 0.27274420061875[0m	
[0m52 - current loss = 0.26592198673122[0m	
[0m53 - current loss = 0.2593226270289[0m	
[0m54 - current loss = 0.25300499431723[0m	
[0m55 - current loss = 0.2468837306687[0m	
[0m56 - current loss = 0.24105312338852[0m	
[0m57 - current loss = 0.23540134980468[0m	
[0m58 - current loss = 0.23000904578743[0m	
[0m59 - current loss = 0.22479597654934[0m	
[0m60 - current loss = 0.21978107715237[0m	
[0m61 - current loss = 0.2149539282777[0m	
[0m62 - current loss = 0.21030004152213[0m	
[0m63 - current loss = 0.20581584152924[0m	
[0m64 - current loss = 0.20149328529184[0m	
[0m65 - current loss = 0.19732774015871[0m	
[0m66 - current loss = 0.19330195951279[0m	
[0m67 - current loss = 0.18941019792946[0m	
[0m68 - current loss = 0.18568466766864[0m	
[0m69 - current loss = 0.18205657331007[0m	
[0m70 - current loss = 0.17860936427758[0m	
[0m71 - current loss = 0.17525364843113[0m	
[0m72 - current loss = 0.17205692514132[0m	
[0m73 - current loss = 0.1689577597959[0m	
[0m74 - current loss = 0.16598500233962[0m	
[0m75 - current loss = 0.16314904719818[0m	
[0m76 - current loss = 0.16037838485097[0m	
[0m77 - current loss = 0.15776957668611[0m	
[0m78 - current loss = 0.15519835974357[0m	
[0m79 - current loss = 0.15277844578104[0m	
[0m80 - current loss = 0.15044939865494[0m	
[0m81 - current loss = 0.14819453633037[0m	
[0m82 - current loss = 0.14602542785469[0m	
[0m83 - current loss = 0.14396835862782[0m	
[0m84 - current loss = 0.14199412439534[0m	
[0m85 - current loss = 0.14008031961944[0m	
[0m86 - current loss = 0.13825764658106[0m	
[0m87 - current loss = 0.13652225964363[0m	
[0m88 - current loss = 0.134830100597[0m	
[0m89 - current loss = 0.13323125303294[0m	
[0m90 - current loss = 0.13166760067552[0m	
[0m91 - current loss = 0.13018637166324[0m	
[0m92 - current loss = 0.12882808591754[0m	
[0m93 - current loss = 0.12743019649309[0m	
[0m94 - current loss = 0.12609538566026[0m	
[0m95 - current loss = 0.12483691721014[0m	
[0m96 - current loss = 0.12360924302757[0m	
[0m97 - current loss = 0.12245803227133[0m	
[0m98 - current loss = 0.12131970783473[0m	
[0m99 - current loss = 0.12023301250181[0m	
[0m100 - current loss = 0.11918239955774[0m	
[0m101 - current loss = 0.11820563182407[0m	
[0m102 - current loss = 0.11718725576826[0m	
[0m103 - current loss = 0.1163333991748[0m	
[0m104 - current loss = 0.11534447207411[0m	
[0m105 - current loss = 0.1145070516471[0m	
[0m106 - current loss = 0.11362034860889[0m	
[0m107 - current loss = 0.11283470554692[0m	
[0m108 - current loss = 0.11202490513975[0m	
[0m109 - current loss = 0.11126977825866[0m	
[0m110 - current loss = 0.11048973364117[0m	
[0m111 - current loss = 0.10979499474738[0m	
[0m112 - current loss = 0.10906977536014[0m	
[0m113 - current loss = 0.10842138900247[0m	
[0m114 - current loss = 0.10771581595253[0m	
[0m115 - current loss = 0.10710839379587[0m	
[0m116 - current loss = 0.10645707305605[0m	
[0m117 - current loss = 0.10587421714941[0m	
[0m118 - current loss = 0.10525257824463[0m	
[0m119 - current loss = 0.10470424158876[0m	
[0m120 - current loss = 0.10411537183165[0m	
[0m121 - current loss = 0.10360241698559[0m	
[0m122 - current loss = 0.10304024717648[0m	
[0m123 - current loss = 0.10254724185687[0m	
[0m124 - current loss = 0.1020167040159[0m	
[0m125 - current loss = 0.10154209977497[0m	
[0m126 - current loss = 0.10104708146692[0m	
[0m127 - current loss = 0.10059242071158[0m	
[0m128 - current loss = 0.10011335863442[0m	
[0m129 - current loss = 0.099687121918471[0m	
[0m130 - current loss = 0.09923447612082[0m	
[0m131 - current loss = 0.098817884107789[0m	
[0m132 - current loss = 0.098383207582114[0m	
[0m133 - current loss = 0.097987584426019[0m	
[0m134 - current loss = 0.09757903840329[0m	
[0m135 - current loss = 0.097188869362936[0m	
[0m136 - current loss = 0.09679919608684[0m	
[0m137 - current loss = 0.096425304246304[0m	
[0m138 - current loss = 0.096051032853308[0m	
[0m139 - current loss = 0.095684106956548[0m	
[0m140 - current loss = 0.095324423410672[0m	
[0m141 - current loss = 0.094974037630531[0m	
[0m142 - current loss = 0.094626619291709[0m	
[0m143 - current loss = 0.094287023505977[0m	
[0m144 - current loss = 0.093958605445508[0m	
[0m145 - current loss = 0.09363476940648[0m	
[0m146 - current loss = 0.093321976948843[0m	
[0m147 - current loss = 0.093008318233997[0m	
[0m148 - current loss = 0.092717366424324[0m	
[0m149 - current loss = 0.09242035827186[0m	
[0m150 - current loss = 0.092142327981167[0m	
[0m151 - current loss = 0.091851062931944[0m	
[0m152 - current loss = 0.091581485601957[0m	
[0m153 - current loss = 0.091306176619988[0m	
[0m154 - current loss = 0.091047075666709[0m	
[0m155 - current loss = 0.090789948889396[0m	
[0m156 - current loss = 0.090529863986125[0m	
[0m157 - current loss = 0.090265094187473[0m	
[0m158 - current loss = 0.090023689030098[0m	
[0m159 - current loss = 0.08976651864179[0m	
[0m160 - current loss = 0.089531624989432[0m	
[0m161 - current loss = 0.089292415488808[0m	
[0m162 - current loss = 0.089075602005084[0m	
[0m163 - current loss = 0.088827554008634[0m	
[0m164 - current loss = 0.088598435908107[0m	
[0m165 - current loss = 0.088373425972549[0m	
[0m166 - current loss = 0.088175069164248[0m	
[0m167 - current loss = 0.087939929507769[0m	
[0m168 - current loss = 0.087717143279519[0m	
[0m169 - current loss = 0.08750391288678[0m	
[0m170 - current loss = 0.087351329934645[0m	
[0m171 - current loss = 0.087109567258565[0m	
[0m172 - current loss = 0.086908990122778[0m	
[0m173 - current loss = 0.086680864247217[0m	
[0m174 - current loss = 0.086512049799854[0m	
[0m175 - current loss = 0.08630957790058[0m	
[0m176 - current loss = 0.08612529702047[0m	
[0m177 - current loss = 0.08592830334215[0m	
[0m178 - current loss = 0.08575407914537[0m	
[0m179 - current loss = 0.08556137140755[0m	
[0m180 - current loss = 0.085372946039541[0m	
[0m181 - current loss = 0.085192012199704[0m	
[0m182 - current loss = 0.085040723051052[0m	
[0m183 - current loss = 0.084842076805235[0m	
[0m184 - current loss = 0.084675548960158[0m	
[0m185 - current loss = 0.084494506078952[0m	
[0m186 - current loss = 0.084357057422346[0m	
[0m187 - current loss = 0.084162056464769[0m	
[0m188 - current loss = 0.084016025977342[0m	
[0m189 - current loss = 0.083838396105487[0m	
[0m190 - current loss = 0.083718596380571[0m	
[0m191 - current loss = 0.083533566975129[0m	
[0m192 - current loss = 0.083392688344901[0m	
[0m193 - current loss = 0.083220238233316[0m	
[0m194 - current loss = 0.083113242158233[0m	
[0m195 - current loss = 0.082923528249011[0m	
[0m196 - current loss = 0.082800051563349[0m	
[0m197 - current loss = 0.082644219377164[0m	
[0m198 - current loss = 0.082527405371253[0m	
[0m199 - current loss = 0.082356160544288[0m	
[0m200 - current loss = 0.082235118132246[0m	
[0m201 - current loss = 0.082075312374153[0m	
[0m202 - current loss = 0.081977856067774[0m	
[0m203 - current loss = 0.081807064956588[0m	
[0m204 - current loss = 0.081699155387905[0m	
[0m205 - current loss = 0.081546117486268[0m	
[0m206 - current loss = 0.081445657871309[0m	
[0m207 - current loss = 0.081289169797755[0m	
[0m208 - current loss = 0.081174192205279[0m	
[0m209 - current loss = 0.081035403815642[0m	
[0m210 - current loss = 0.080935619793118[0m	
[0m211 - current loss = 0.080779442811707[0m	
[0m212 - current loss = 0.080668513588371[0m	
[0m213 - current loss = 0.080562273965476[0m	
[0m214 - current loss = 0.080467844227002[0m	
[0m215 - current loss = 0.080318272843239[0m	
[0m216 - current loss = 0.080207038666587[0m	
[0m217 - current loss = 0.080081784580245[0m	
[0m218 - current loss = 0.079983150977707[0m	
[0m219 - current loss = 0.079857106581903[0m	
[0m220 - current loss = 0.079756629986806[0m	
[0m221 - current loss = 0.079640304037854[0m	
[0m222 - current loss = 0.079549335974986[0m	
[0m223 - current loss = 0.079411810067085[0m	
[0m224 - current loss = 0.079311956875874[0m	
[0m225 - current loss = 0.079206072307969[0m	
[0m226 - current loss = 0.079121028548477[0m	
[0m227 - current loss = 0.078991278655771[0m	
[0m228 - current loss = 0.07889917526858[0m	
[0m229 - current loss = 0.078788798754416[0m	
[0m230 - current loss = 0.078708386005392[0m	
[0m231 - current loss = 0.078580604152567[0m	
[0m232 - current loss = 0.078496345260741[0m	
[0m233 - current loss = 0.078387506621118[0m	
[0m234 - current loss = 0.078316567514167[0m	
[0m235 - current loss = 0.078177880151947[0m	
[0m236 - current loss = 0.078105742336187[0m	
[0m237 - current loss = 0.077997718776971[0m	
[0m238 - current loss = 0.077931724860029[0m	
[0m239 - current loss = 0.077796057444367[0m	
[0m240 - current loss = 0.077750065176161[0m	
[0m241 - current loss = 0.077622811640409[0m	
[0m242 - current loss = 0.077558634843384[0m	
[0m243 - current loss = 0.077452071520223[0m	
[0m244 - current loss = 0.077382975265303[0m	
[0m245 - current loss = 0.077274483496301[0m	
[0m246 - current loss = 0.07719572224118[0m	
[0m247 - current loss = 0.077133875485064[0m	
[0m248 - current loss = 0.077053879727835[0m	
[0m249 - current loss = 0.07694917245662[0m	
[0m250 - current loss = 0.076849221005552[0m	
[0m251 - current loss = 0.076806902080357[0m	
[0m252 - current loss = 0.076753401831044[0m	
[0m253 - current loss = 0.076630595657892[0m	
[0m254 - current loss = 0.07654892777178[0m	
[0m255 - current loss = 0.076484561401302[0m	
[0m256 - current loss = 0.076400685598877[0m	
[0m257 - current loss = 0.076314157816255[0m	
[0m258 - current loss = 0.076268235010166[0m	
[0m259 - current loss = 0.076166977787802[0m	
[0m260 - current loss = 0.076086470129186[0m	
[0m261 - current loss = 0.076044386755968[0m	
[0m262 - current loss = 0.075976890285556[0m	
[0m263 - current loss = 0.075863263500816[0m	
[0m264 - current loss = 0.075790668015379[0m	
[0m265 - current loss = 0.075754817558215[0m	
[0m266 - current loss = 0.075677168772953[0m	
[0m267 - current loss = 0.075587909782619[0m	
[0m268 - current loss = 0.075506798192214[0m	
[0m269 - current loss = 0.07545295287274[0m	
[0m270 - current loss = 0.075412679663954[0m	
[0m271 - current loss = 0.075317602102821[0m	
[0m272 - current loss = 0.075212562681372[0m	
[0m273 - current loss = 0.075211291241681[0m	
[0m274 - current loss = 0.075141914677497[0m	
[0m275 - current loss = 0.07504534710527[0m	
[0m276 - current loss = 0.074942564242633[0m	
[0m277 - current loss = 0.074944363807972[0m	
[0m278 - current loss = 0.074875788608369[0m	
[0m279 - current loss = 0.074782465193241[0m	
[0m280 - current loss = 0.074691520290166[0m	
[0m281 - current loss = 0.074687662066831[0m	
[0m282 - current loss = 0.074616487901433[0m	
[0m283 - current loss = 0.074531744784854[0m	
[0m284 - current loss = 0.074464063243507[0m	
[0m285 - current loss = 0.074412397837605[0m	
[0m286 - current loss = 0.074364664486302[0m	
[0m287 - current loss = 0.074249445404514[0m	
[0m288 - current loss = 0.074250151697568[0m	
[0m289 - current loss = 0.074171936214835[0m	
[0m290 - current loss = 0.074119081111498[0m	
[0m291 - current loss = 0.073991152882847[0m	
[0m292 - current loss = 0.074030327065223[0m	
[0m293 - current loss = 0.07393261017434[0m	
[0m294 - current loss = 0.073877900240477[0m	
[0m295 - current loss = 0.073792726137895[0m	
[0m296 - current loss = 0.073768490176868[0m	
[0m297 - current loss = 0.073679575374295[0m	
[0m298 - current loss = 0.073638548542573[0m	
[0m299 - current loss = 0.073565389655933[0m	
[0m300 - current loss = 0.07353733805456[0m	
[0m301 - current loss = 0.073455352153927[0m	
[0m302 - current loss = 0.073389550637727[0m	
[0m303 - current loss = 0.073357970890891[0m	
[0m304 - current loss = 0.073309097698468[0m	
[0m305 - current loss = 0.073207080167122[0m	
[0m306 - current loss = 0.073196730919283[0m	
[0m307 - current loss = 0.073111690345535[0m	
[0m308 - current loss = 0.073047444230518[0m	
[0m309 - current loss = 0.073018710947681[0m	
[0m310 - current loss = 0.07297912584941[0m	
[0m311 - current loss = 0.072896629677834[0m	
[0m312 - current loss = 0.072860131351942[0m	
[0m313 - current loss = 0.072794637719165[0m	
[0m314 - current loss = 0.072765037818232[0m	
[0m315 - current loss = 0.072702432587829[0m	
[0m316 - current loss = 0.072650380481748[0m	
[0m317 - current loss = 0.07260396413471[0m	
[0m318 - current loss = 0.072573817475163[0m	
[0m319 - current loss = 0.072484234039737[0m	
[0m320 - current loss = 0.072476235441083[0m	
[0m321 - current loss = 0.07240770140137[0m	
[0m322 - current loss = 0.072356864984807[0m	
[0m323 - current loss = 0.072303476221991[0m	
[0m324 - current loss = 0.072272403587099[0m	
[0m325 - current loss = 0.072211199300583[0m	
[0m326 - current loss = 0.072151393080536[0m	
[0m327 - current loss = 0.072127965882783[0m	
[0m328 - current loss = 0.072091818354996[0m	
[0m329 - current loss = 0.07200760491707[0m	
[0m330 - current loss = 0.072003132851225[0m	
[0m331 - current loss = 0.071932454410333[0m	
[0m332 - current loss = 0.071873668701053[0m	
[0m333 - current loss = 0.071849760183479[0m	
[0m334 - current loss = 0.071816856324509[0m	
[0m335 - current loss = 0.071745321821692[0m	
[0m336 - current loss = 0.071674939337285[0m	
[0m337 - current loss = 0.07168169937757[0m	
[0m338 - current loss = 0.071638724026866[0m	
[0m339 - current loss = 0.071574282905943[0m	
[0m340 - current loss = 0.071532513349852[0m	
[0m341 - current loss = 0.071479672966154[0m	
[0m342 - current loss = 0.071428894779219[0m	
[0m343 - current loss = 0.071412126627497[0m	
[0m344 - current loss = 0.071366775916498[0m	
[0m345 - current loss = 0.071311130965246[0m	
[0m346 - current loss = 0.071240655998273[0m	
[0m347 - current loss = 0.071241928777083[0m	
[0m348 - current loss = 0.071212217516462[0m	
[0m349 - current loss = 0.071143875472251[0m	
[0m350 - current loss = 0.071088428145261[0m	
[0m351 - current loss = 0.071069368500544[0m	
[0m352 - current loss = 0.07103465769041[0m	
[0m353 - current loss = 0.070963197156009[0m	
[0m354 - current loss = 0.070943623787029[0m	
[0m355 - current loss = 0.070897015091856[0m	
[0m356 - current loss = 0.07086465785439[0m	
[0m357 - current loss = 0.070807905189789[0m	
[0m358 - current loss = 0.07077930351848[0m	
[0m359 - current loss = 0.070736912406206[0m	
[0m360 - current loss = 0.070697802688401[0m	
[0m361 - current loss = 0.070650659089174[0m	
[0m362 - current loss = 0.070617960319782[0m	
[0m363 - current loss = 0.070578639315433[0m	
[0m364 - current loss = 0.070546560540364[0m	
[0m365 - current loss = 0.070491862917428[0m	
[0m366 - current loss = 0.070466324608193[0m	
[0m367 - current loss = 0.070423588510727[0m	
[0m368 - current loss = 0.070390501295124[0m	
[0m369 - current loss = 0.070336830559122[0m	
[0m370 - current loss = 0.070313850338191[0m	
[0m371 - current loss = 0.070280406516485[0m	
[0m372 - current loss = 0.070276440612114[0m	
[0m373 - current loss = 0.070189806193723[0m	
[0m374 - current loss = 0.070166166548983[0m	
[0m375 - current loss = 0.070137817700406[0m	
[0m376 - current loss = 0.070126754659466[0m	
[0m377 - current loss = 0.070044350692649[0m	
[0m378 - current loss = 0.070031578262474[0m	
[0m379 - current loss = 0.070000386314319[0m	
[0m380 - current loss = 0.069979456964907[0m	
[0m381 - current loss = 0.069903421757252[0m	
[0m382 - current loss = 0.0699109584142[0m	
[0m383 - current loss = 0.06986402287626[0m	
[0m384 - current loss = 0.069834496912726[0m	
[0m385 - current loss = 0.069772643115318[0m	
[0m386 - current loss = 0.069765678369826[0m	
[0m387 - current loss = 0.069737513274199[0m	
[0m388 - current loss = 0.069701046200067[0m	
[0m389 - current loss = 0.069629984735133[0m	
[0m390 - current loss = 0.069648851713728[0m	
[0m391 - current loss = 0.069588830638976[0m	
[0m392 - current loss = 0.069577019562833[0m	
[0m393 - current loss = 0.069493337738262[0m	
[0m394 - current loss = 0.069525312009506[0m	
[0m395 - current loss = 0.069469475095669[0m	
[0m396 - current loss = 0.069453418880267[0m	
[0m397 - current loss = 0.06939139823053[0m	
[0m398 - current loss = 0.069391057759882[0m	
[0m399 - current loss = 0.069292185026422[0m	
[0m400 - current loss = 0.06934678488916[0m	
[0m401 - current loss = 0.069286491599014[0m	
[0m402 - current loss = 0.069264213640629[0m	
[0m403 - current loss = 0.069201741630896[0m	
[0m404 - current loss = 0.069199333586943[0m	
[0m405 - current loss = 0.069115987804793[0m	
[0m406 - current loss = 0.069158042366274[0m	
[0m407 - current loss = 0.069096661541417[0m	
[0m408 - current loss = 0.069083328453354[0m	
[0m409 - current loss = 0.069036510576131[0m	
[0m410 - current loss = 0.069013955175358[0m	
[0m411 - current loss = 0.068924782296964[0m	
[0m412 - current loss = 0.068982573466711[0m	
[0m413 - current loss = 0.068928435133326[0m	
[0m414 - current loss = 0.06889983129515[0m	
[0m415 - current loss = 0.068858179169618[0m	
[0m416 - current loss = 0.068839292341395[0m	
[0m417 - current loss = 0.068754764581863[0m	
[0m418 - current loss = 0.068803274222485[0m	
[0m419 - current loss = 0.068747926143739[0m	
[0m420 - current loss = 0.068728443582048[0m	
[0m421 - current loss = 0.068681438659763[0m	
[0m422 - current loss = 0.06866545815588[0m	
[0m423 - current loss = 0.068590876176883[0m	
[0m424 - current loss = 0.068625223510264[0m	
[0m425 - current loss = 0.068575967470641[0m	
[0m426 - current loss = 0.068556954721265[0m	
[0m427 - current loss = 0.068513941536019[0m	
[0m428 - current loss = 0.068497010476406[0m	
[0m429 - current loss = 0.068417418695674[0m	
[0m430 - current loss = 0.068462890222048[0m	
[0m431 - current loss = 0.068413153393224[0m	
[0m432 - current loss = 0.068388493172411[0m	
[0m433 - current loss = 0.068344751481753[0m	
[0m434 - current loss = 0.068332095688199[0m	
[0m435 - current loss = 0.068253083657314[0m	
[0m436 - current loss = 0.068299430689413[0m	
[0m437 - current loss = 0.068245130189245[0m	
[0m438 - current loss = 0.068223967727006[0m	
[0m439 - current loss = 0.068182921264404[0m	
[0m440 - current loss = 0.068166130751126[0m	
[0m441 - current loss = 0.06809647886181[0m	
[0m442 - current loss = 0.068135762250838[0m	
[0m443 - current loss = 0.068093840501445[0m	
[0m444 - current loss = 0.068064712666213[0m	
[0m445 - current loss = 0.068025867558515[0m	
[0m446 - current loss = 0.068008833642595[0m	
[0m447 - current loss = 0.067945688121277[0m	
[0m448 - current loss = 0.067973280559135[0m	
[0m449 - current loss = 0.067935866688685[0m	
[0m450 - current loss = 0.067909342048577[0m	
[0m451 - current loss = 0.067878838765815[0m	
[0m452 - current loss = 0.067846726305583[0m	
[0m453 - current loss = 0.067810288542568[0m	
[0m454 - current loss = 0.067819774578177[0m	
[0m455 - current loss = 0.067785916926338[0m	
[0m456 - current loss = 0.067762432960115[0m	
[0m457 - current loss = 0.067737679547259[0m	
[0m458 - current loss = 0.067709977043932[0m	
[0m459 - current loss = 0.067668331271065[0m	
[0m460 - current loss = 0.06766940277776[0m	
[0m461 - current loss = 0.067654601566642[0m	
[0m462 - current loss = 0.067617774120977[0m	
[0m463 - current loss = 0.067581613262039[0m	
[0m464 - current loss = 0.067579408804598[0m	
[0m465 - current loss = 0.067557738311537[0m	
[0m466 - current loss = 0.067519400855448[0m	
[0m467 - current loss = 0.067476914735579[0m	
[0m468 - current loss = 0.067495481588971[0m	
[0m469 - current loss = 0.067469136684392[0m	
[0m470 - current loss = 0.067438808775246[0m	
[0m471 - current loss = 0.067414647039488[0m	
[0m472 - current loss = 0.067384710448686[0m	
[0m473 - current loss = 0.067340933338796[0m	
[0m474 - current loss = 0.067356496555005[0m	
[0m475 - current loss = 0.067339967429853[0m	
[0m476 - current loss = 0.067300109230435[0m	
[0m477 - current loss = 0.067286455366869[0m	
[0m478 - current loss = 0.067248272777422[0m	
[0m479 - current loss = 0.067218503010059[0m	
[0m480 - current loss = 0.067219934638164[0m	
[0m481 - current loss = 0.067205382861238[0m	
[0m482 - current loss = 0.067163944746921[0m	
[0m483 - current loss = 0.067151881180485[0m	
[0m484 - current loss = 0.067128354081016[0m	
[0m485 - current loss = 0.0670772663233[0m	
[0m486 - current loss = 0.067096014184835[0m	
[0m487 - current loss = 0.067078665062516[0m	
[0m488 - current loss = 0.067044337510732[0m	
[0m489 - current loss = 0.067023743779691[0m	
[0m490 - current loss = 0.066998276284931[0m	
[0m491 - current loss = 0.066949665996412[0m	
[0m492 - current loss = 0.06697158097366[0m	
[0m493 - current loss = 0.066953747657925[0m	
[0m494 - current loss = 0.066916680467898[0m	
[0m495 - current loss = 0.066899031657403[0m	
[0m496 - current loss = 0.066874195399153[0m	
[0m497 - current loss = 0.066826711466419[0m	
[0m498 - current loss = 0.066846005442806[0m	
[0m499 - current loss = 0.066831852427491[0m	
[0m500 - current loss = 0.066797710121534[0m	
[0m(-----------------------------------------)[0m	
 3.3990
 3.5532
 3.4422
 3.5341
[torch.DoubleTensor of size 4]

 3.5305
 3.6761
 3.5946
 3.6007
[torch.DoubleTensor of size 4]

[0m(-----------------------------------------)[0m	
 1.6327
 1.6281
 1.5342
 1.5911
[torch.DoubleTensor of size 4]

 1.7026
 1.8007
 1.7668
 1.7262
[torch.DoubleTensor of size 4]

[0m(-----------------------------------------)[0m	
 8.5628
 8.7219
 8.7184
 8.7201
[torch.DoubleTensor of size 4]

 9.0067
 9.2827
 8.9707
 8.8895
[torch.DoubleTensor of size 4]

[0m(-----------------------------------------)[0m	
 5.2170
 5.1506
 5.2632
 5.2512
[torch.DoubleTensor of size 4]

 5.0904
 5.1192
 5.1939
 5.2349
[torch.DoubleTensor of size 4]

[0m(-----------------------------------------)[0m	
 8.8984
 8.7152
 8.8208
 8.8478
[torch.DoubleTensor of size 4]

 8.8441
 8.8460
 8.8329
 8.9150
[torch.DoubleTensor of size 4]

[0m(-----------------------------------------)[0m	
 3.4405
 3.6444
 3.4960
 3.5089
[torch.DoubleTensor of size 4]

 3.4396
 3.4701
 3.4726
 3.4685
[torch.DoubleTensor of size 4]

[0m(-----------------------------------------)[0m	
 8.0492
 8.0384
 8.1000
 7.9669
[torch.DoubleTensor of size 4]

 8.3146
 8.2118
 8.2392
 7.9715
[torch.DoubleTensor of size 4]

[0m(-----------------------------------------)[0m	
 9.4518
 9.4646
 9.4729
 9.5041
[torch.DoubleTensor of size 4]

 9.4263
 9.4064
 9.4023
 9.4582
[torch.DoubleTensor of size 4]

[0m(-----------------------------------------)[0m	
 9.1258
 9.0651
 9.1325
 9.0903
[torch.DoubleTensor of size 4]

 9.2206
 9.1713
 9.1679
 9.1452
[torch.DoubleTensor of size 4]

[0m(-----------------------------------------)[0m	
 4.3540
 4.2274
 4.3576
 4.0559
[torch.DoubleTensor of size 4]

 3.9330
 3.9125
 4.3417
 3.5020
[torch.DoubleTensor of size 4]

[0m(-----------------------------------------)[0m	
 2.8054
 2.3672
 2.5635
 2.5959
[torch.DoubleTensor of size 4]

 3.6540
 2.2618
 2.6955
 3.0262
[torch.DoubleTensor of size 4]

[0m(-----------------------------------------)[0m	
 2.9365
 2.8797
 2.9653
 2.8029
[torch.DoubleTensor of size 4]

 2.9391
 2.8736
 2.9595
 2.8287
[torch.DoubleTensor of size 4]

[0m(-----------------------------------------)[0m	
 6.9464
 6.9484
 6.7765
 6.9172
[torch.DoubleTensor of size 4]

 7.3916
 7.1415
 7.0092
 7.2551
[torch.DoubleTensor of size 4]

[0m(-----------------------------------------)[0m	
 8.6292
 8.7207
 8.7206
 8.7088
[torch.DoubleTensor of size 4]

 8.7742
 8.7910
 8.8471
 8.7810
[torch.DoubleTensor of size 4]

[0m(-----------------------------------------)[0m	
 8.8462
 8.8779
 8.7613
 8.9640
[torch.DoubleTensor of size 4]

 8.7551
 8.7964
 8.8728
 8.9453
[torch.DoubleTensor of size 4]

[0m(-----------------------------------------)[0m	
 9.0787
 9.0118
 9.0631
 9.0118
[torch.DoubleTensor of size 4]

 9.1303
 9.1324
 9.1866
 9.1195
[torch.DoubleTensor of size 4]

[0m(-----------------------------------------)[0m	
 7.6742
 7.6546
 7.6655
 7.7804
[torch.DoubleTensor of size 4]

 8.6726
 8.1552
 7.9914
 8.0861
[torch.DoubleTensor of size 4]

[0m(-----------------------------------------)[0m	
 0.8692
 0.9743
 0.9097
 0.8336
[torch.DoubleTensor of size 4]

 0.6620
 0.8611
 0.7213
 0.8407
[torch.DoubleTensor of size 4]

[0m(-----------------------------------------)[0m	
 8.8969
 9.0499
 8.9563
 9.0600
[torch.DoubleTensor of size 4]

 8.8510
 9.0109
 8.8223
 9.1739
[torch.DoubleTensor of size 4]

[0m(-----------------------------------------)[0m	
 8.0021
 7.9852
 8.0306
 7.8884
[torch.DoubleTensor of size 4]

 7.8331
 8.0623
 8.1891
 7.8872
[torch.DoubleTensor of size 4]

[0m(-----------------------------------------)[0m	
 4.1815
 4.3074
 4.2488
 4.2258
[torch.DoubleTensor of size 4]

 4.6902
 4.8956
 4.7794
 4.7569
[torch.DoubleTensor of size 4]

[0m(-----------------------------------------)[0m	
 8.8249
 8.7293
 8.8203
 8.7880
[torch.DoubleTensor of size 4]

 8.9489
 8.8779
 8.8533
 8.8839
[torch.DoubleTensor of size 4]

[0m(-----------------------------------------)[0m	
 8.7944
 9.0548
 8.8913
 8.8900
[torch.DoubleTensor of size 4]

 8.6722
 8.7940
 8.8362
 8.5882
[torch.DoubleTensor of size 4]

[0m(-----------------------------------------)[0m	
 7.5365
 7.7299
 7.6193
 7.5171
[torch.DoubleTensor of size 4]

 7.0948
 7.2418
 7.3978
 7.1797
[torch.DoubleTensor of size 4]

[0m(-----------------------------------------)[0m	
 8.9382
 9.1411
 9.0100
 9.0348
[torch.DoubleTensor of size 4]

 9.1721
 9.3831
 9.2003
 9.1316
[torch.DoubleTensor of size 4]

[0m(-----------------------------------------)[0m	
 2.4066
 2.4330
 2.5392
 2.2503
[torch.DoubleTensor of size 4]

 2.4615
 2.4387
 2.5185
 2.2019
[torch.DoubleTensor of size 4]

[0m(-----------------------------------------)[0m	
 8.6745
 8.7051
 8.6972
 8.6520
[torch.DoubleTensor of size 4]

 8.7063
 8.6437
 8.6180
 8.8141
[torch.DoubleTensor of size 4]

[0m(-----------------------------------------)[0m	
 9.1792
 9.2703
 9.2061
 9.1585
[torch.DoubleTensor of size 4]

 9.2040
 9.2114
 9.2545
 9.1912
[torch.DoubleTensor of size 4]

[0m(-----------------------------------------)[0m	
 8.9244
 9.0716
 9.0497
 9.0208
[torch.DoubleTensor of size 4]

 8.9724
 8.9225
 9.0634
 9.0230
[torch.DoubleTensor of size 4]

[0m(-----------------------------------------)[0m	
 2.9402
 2.9655
 2.9226
 2.8935
[torch.DoubleTensor of size 4]

 3.0708
 2.9825
 2.9621
 2.9006
[torch.DoubleTensor of size 4]

[0m(-----------------------------------------)[0m	
 8.3294
 8.2261
 8.3831
 8.3371
[torch.DoubleTensor of size 4]

 8.9373
 8.6575
 8.5045
 8.5241
[torch.DoubleTensor of size 4]

[0m(-----------------------------------------)[0m	
 3.0453
 3.3145
 3.1615
 3.1224
[torch.DoubleTensor of size 4]

 3.1848
 3.3094
 3.3044
 3.1766
[torch.DoubleTensor of size 4]

[0m(-----------------------------------------)[0m	
 9.0143
 8.9276
 8.9559
 8.9858
[torch.DoubleTensor of size 4]

 9.0847
 9.0243
 9.0201
 8.9876
[torch.DoubleTensor of size 4]

[0m(-----------------------------------------)[0m	
 5.1698
 5.0973
 5.1937
 5.1725
[torch.DoubleTensor of size 4]

 5.4014
 5.1963
 5.3884
 5.5066
[torch.DoubleTensor of size 4]

[0m(-----------------------------------------)[0m	
 5.5274
 5.2297
 5.5813
 5.2107
[torch.DoubleTensor of size 4]

 5.0208
 4.9673
 5.5429
 4.8794
[torch.DoubleTensor of size 4]

[0m(-----------------------------------------)[0m	
 8.9567
 9.0322
 9.0500
 9.0670
[torch.DoubleTensor of size 4]

 9.0559
 9.0652
 9.1187
 9.0146
[torch.DoubleTensor of size 4]

[0m(-----------------------------------------)[0m	
 3.0104
 2.8657
 2.9662
 2.8632
[torch.DoubleTensor of size 4]

 3.1944
 3.0809
 2.9556
 3.0405
[torch.DoubleTensor of size 4]

[0m(-----------------------------------------)[0m	
 7.0200
 6.9344
 6.7772
 6.9771
[torch.DoubleTensor of size 4]

 7.0410
 7.0691
 6.8352
 6.9767
[torch.DoubleTensor of size 4]

[0m(-----------------------------------------)[0m	
 1.6644
 1.5300
 1.6569
 1.5694
[torch.DoubleTensor of size 4]

 1.6187
 1.5912
 1.6081
 1.6129
[torch.DoubleTensor of size 4]

[0m(-----------------------------------------)[0m	
 9.4593
 9.5853
 9.5257
 9.5310
[torch.DoubleTensor of size 4]

 9.6319
 9.6236
 9.6620
 9.6178
[torch.DoubleTensor of size 4]

[0m(-----------------------------------------)[0m	
 9.1996
 9.0509
 9.1332
 9.1503
[torch.DoubleTensor of size 4]

 9.1216
 9.0860
 9.0929
 9.1678
[torch.DoubleTensor of size 4]

[0m(-----------------------------------------)[0m	
 4.2263
 4.2908
 4.2247
 4.1688
[torch.DoubleTensor of size 4]

 4.5108
 4.5131
 4.4198
 4.3091
[torch.DoubleTensor of size 4]

[0m(-----------------------------------------)[0m	
 5.7395
 5.8045
 5.8789
 5.8501
[torch.DoubleTensor of size 4]

 5.7227
 5.6540
 5.8399
 5.8559
[torch.DoubleTensor of size 4]

[0m(-----------------------------------------)[0m	
 4.2140
 4.2681
 4.2494
 4.2722
[torch.DoubleTensor of size 4]

 4.3963
 4.6082
 4.4770
 4.4946
[torch.DoubleTensor of size 4]

[0m(-----------------------------------------)[0m	
 7.2900
 7.4336
 7.4035
 7.3150
[torch.DoubleTensor of size 4]

 7.2186
 7.2292
 7.2564
 7.2649
[torch.DoubleTensor of size 4]

[0m(-----------------------------------------)[0m	
 9.6033
 9.5542
 9.5826
 9.6020
[torch.DoubleTensor of size 4]

 9.5718
 9.5449
 9.5898
 9.5397
[torch.DoubleTensor of size 4]

[0m(-----------------------------------------)[0m	
 2.8894
 2.8264
 2.8959
 2.7245
[torch.DoubleTensor of size 4]

 2.7030
 2.6987
 2.8877
 2.6957
[torch.DoubleTensor of size 4]

[0m(-----------------------------------------)[0m	
 8.4029
 8.2119
 8.3837
 8.3968
[torch.DoubleTensor of size 4]

 8.1754
 8.0883
 8.0545
 8.5620
[torch.DoubleTensor of size 4]

[0m(-----------------------------------------)[0m	
 3.5274
 3.6767
 3.5389
 3.5446
[torch.DoubleTensor of size 4]

 3.6229
 3.7731
 3.5279
 3.5625
[torch.DoubleTensor of size 4]

[0m(-----------------------------------------)[0m	
 8.7780
 8.6762
 8.7510
 8.7096
[torch.DoubleTensor of size 4]

 8.8277
 8.7759
 8.8851
 8.7988
[torch.DoubleTensor of size 4]

[0m(-----------------------------------------)[0m	
 2.1614
 2.1897
 2.1749
 2.1447
[torch.DoubleTensor of size 4]

 2.3792
 2.5014
 2.4553
 2.2512
[torch.DoubleTensor of size 4]

[0m(-----------------------------------------)[0m	
 9.6505
 9.6075
 9.6522
 9.6805
[torch.DoubleTensor of size 4]

 9.6280
 9.5831
 9.5909
 9.5667
[torch.DoubleTensor of size 4]

[0m(-----------------------------------------)[0m	
 6.4817
 6.4691
 6.5561
 6.4151
[torch.DoubleTensor of size 4]

 6.7662
 6.7351
 6.7599
 6.6218
[torch.DoubleTensor of size 4]

[0m(-----------------------------------------)[0m	
 5.1550
 5.4699
 5.3208
 5.5374
[torch.DoubleTensor of size 4]

 4.3503
 4.7122
 4.9878
 5.7851
[torch.DoubleTensor of size 4]

[0m(-----------------------------------------)[0m	
 2.3617
 2.4494
 2.5631
 2.3071
[torch.DoubleTensor of size 4]

 2.0280
 1.9673
 2.2896
 1.9694
[torch.DoubleTensor of size 4]

[0m(-----------------------------------------)[0m	
 6.4888
 6.5849
 6.6944
 6.6129
[torch.DoubleTensor of size 4]

 6.3592
 6.3170
 6.9276
 6.1505
[torch.DoubleTensor of size 4]

[0m(-----------------------------------------)[0m	
 2.1287
 2.2289
 2.1739
 2.0979
[torch.DoubleTensor of size 4]

 2.0216
 1.9991
 2.1003
 2.0447
[torch.DoubleTensor of size 4]

[0m(-----------------------------------------)[0m	
 3.4644
 3.6414
 3.5269
 3.5039
[torch.DoubleTensor of size 4]

 3.4310
 3.4768
 3.4550
 3.4739
[torch.DoubleTensor of size 4]

[0m(-----------------------------------------)[0m	
 1.7853
 1.5694
 1.7272
 1.7081
[torch.DoubleTensor of size 4]

 1.8523
 1.7246
 1.9569
 1.7937
[torch.DoubleTensor of size 4]

[0m(-----------------------------------------)[0m	
 2.1742
 2.2133
 2.1511
 2.0419
[torch.DoubleTensor of size 4]

 1.9860
 2.0881
 1.9058
 2.0594
[torch.DoubleTensor of size 4]

[0m(-----------------------------------------)[0m	
 5.3870
 5.8032
 5.4941
 5.7077
[torch.DoubleTensor of size 4]

 6.0968
 7.0653
 6.0218
 6.1166
[torch.DoubleTensor of size 4]

[0m(-----------------------------------------)[0m	
 2.3943
 2.4103
 2.5639
 2.3537
[torch.DoubleTensor of size 4]

 2.0980
 2.1124
 2.3260
 2.0839
[torch.DoubleTensor of size 4]

[0m(-----------------------------------------)[0m	
 9.3068
 9.3923
 9.3309
 9.2915
[torch.DoubleTensor of size 4]

 9.3448
 9.3344
 9.3903
 9.3418
[torch.DoubleTensor of size 4]

[0m(-----------------------------------------)[0m	
 9.1147
 9.1836
 9.1228
 9.1898
[torch.DoubleTensor of size 4]

 9.1736
 9.1912
 9.1667
 9.2384
[torch.DoubleTensor of size 4]

[0m(-----------------------------------------)[0m	
 5.3679
 5.7804
 5.4649
 5.5922
[torch.DoubleTensor of size 4]

 5.1491
 5.4187
 5.3264
 5.0630
[torch.DoubleTensor of size 4]

[0m(-----------------------------------------)[0m	
 2.6846
 2.3279
 2.4932
 2.4573
[torch.DoubleTensor of size 4]

 2.2294
 1.9251
 1.9816
 2.0546
[torch.DoubleTensor of size 4]

[0m(-----------------------------------------)[0m	
 7.2245
 7.3453
 7.3186
 7.3450
[torch.DoubleTensor of size 4]

 7.2109
 7.3336
 7.2377
 7.3207
[torch.DoubleTensor of size 4]

[0m(-----------------------------------------)[0m	
 8.2823
 8.1729
 8.3137
 8.2585
[torch.DoubleTensor of size 4]

 8.1681
 7.9316
 8.5267
 8.0427
[torch.DoubleTensor of size 4]

[0m(-----------------------------------------)[0m	
 1.5311
 1.5188
 1.4751
 1.4757
[torch.DoubleTensor of size 4]

 1.6878
 1.7087
 1.6284
 1.5155
[torch.DoubleTensor of size 4]

[0m(-----------------------------------------)[0m	
 1.6048
 1.5044
 1.4756
 1.5355
[torch.DoubleTensor of size 4]

 1.4601
 1.4014
 1.3972
 1.3637
[torch.DoubleTensor of size 4]

[0m(-----------------------------------------)[0m	
 8.6882
 8.6640
 8.6340
 8.7926
[torch.DoubleTensor of size 4]

 8.5387
 8.6135
 8.5801
 8.7379
[torch.DoubleTensor of size 4]

[0m(-----------------------------------------)[0m	
 3.5091
 3.6549
 3.5111
 3.4301
[torch.DoubleTensor of size 4]

 3.4543
 3.4452
 3.5406
 3.4320
[torch.DoubleTensor of size 4]

[0m(-----------------------------------------)[0m	
 4.3092
 4.2438
 4.3817
 4.1128
[torch.DoubleTensor of size 4]

 4.4718
 5.0004
 4.5403
 4.2424
[torch.DoubleTensor of size 4]

[0m(-----------------------------------------)[0m	
 6.5552
 6.4550
 6.5567
 6.4749
[torch.DoubleTensor of size 4]

 6.1878
 6.3073
 6.3322
 6.2130
[torch.DoubleTensor of size 4]

[0m(-----------------------------------------)[0m	
 7.7946
 7.6936
 7.7352
 7.9185
[torch.DoubleTensor of size 4]

 7.5931
 7.3876
 8.0879
 7.4073
[torch.DoubleTensor of size 4]

[0m(-----------------------------------------)[0m	
 2.8324
 3.0040
 3.0174
 3.0675
[torch.DoubleTensor of size 4]

 3.2467
 3.3978
 3.2564
 3.4735
[torch.DoubleTensor of size 4]

[0m(-----------------------------------------)[0m	
 8.9690
 9.0549
 9.0254
 8.9636
[torch.DoubleTensor of size 4]

 9.0961
 9.1526
 9.0670
 9.0725
[torch.DoubleTensor of size 4]

[0m(-----------------------------------------)[0m	
 1.2601
 1.5330
 1.3033
 1.3741
[torch.DoubleTensor of size 4]

 0.8792
 1.0025
 0.9540
 0.9302
[torch.DoubleTensor of size 4]

[0m(-----------------------------------------)[0m	
 9.4048
 9.4114
 9.4035
 9.4256
[torch.DoubleTensor of size 4]

 9.4922
 9.4474
 9.4267
 9.4397
[torch.DoubleTensor of size 4]

[0m(-----------------------------------------)[0m	
 9.3958
 9.3077
 9.3311
 9.4090
[torch.DoubleTensor of size 4]

 9.2891
 9.2716
 9.3224
 9.2651
[torch.DoubleTensor of size 4]

[0m(-----------------------------------------)[0m	
 9.5039
 9.5688
 9.5014
 9.4741
[torch.DoubleTensor of size 4]

 9.6310
 9.6028
 9.6202
 9.6569
[torch.DoubleTensor of size 4]

[0m(-----------------------------------------)[0m	
 3.6504
 3.5309
 3.5257
 3.6100
[torch.DoubleTensor of size 4]

 3.9610
 3.9297
 3.4907
 4.3355
[torch.DoubleTensor of size 4]

[0m(-----------------------------------------)[0m	
 1.0282
 1.1998
 1.1303
 1.2040
[torch.DoubleTensor of size 4]

 1.0986
 1.1727
 1.0899
 1.0159
[torch.DoubleTensor of size 4]

[0m(-----------------------------------------)[0m	
 5.7805
 5.8952
 5.9322
 5.8247
[torch.DoubleTensor of size 4]

 6.0111
 6.0897
 5.9775
 5.9396
[torch.DoubleTensor of size 4]

[0m(-----------------------------------------)[0m	
 5.6010
 5.2156
 5.5819
 5.2706
[torch.DoubleTensor of size 4]

 6.2913
 5.1901
 5.8701
 5.4198
[torch.DoubleTensor of size 4]

[0m(-----------------------------------------)[0m	
 3.0642
 3.3371
 3.1904
 3.2375
[torch.DoubleTensor of size 4]

 3.3653
 3.6946
 3.4558
 3.5443
[torch.DoubleTensor of size 4]

[0m(-----------------------------------------)[0m	
 8.0234
 8.1239
 7.9633
 8.1718
[torch.DoubleTensor of size 4]

 7.6399
 7.7363
 7.4852
 7.8743
[torch.DoubleTensor of size 4]

[0m(-----------------------------------------)[0m	
 1.1891
 1.1868
 1.2795
 1.0923
[torch.DoubleTensor of size 4]

 1.7558
 1.6456
 1.8429
 1.5160
[torch.DoubleTensor of size 4]

[0m(-----------------------------------------)[0m	
 3.5766
 3.5449
 3.5249
 3.5500
[torch.DoubleTensor of size 4]

 3.2697
 2.9965
 3.4153
 3.1795
[torch.DoubleTensor of size 4]

[0m(-----------------------------------------)[0m	
 7.5812
 7.7133
 7.5952
 7.4602
[torch.DoubleTensor of size 4]

 7.7149
 7.9670
 7.6827
 7.4615
[torch.DoubleTensor of size 4]

[0m(-----------------------------------------)[0m	
 8.6145
 8.6779
 8.6341
 8.7340
[torch.DoubleTensor of size 4]

 8.8131
 8.7469
 8.7482
 8.7197
[torch.DoubleTensor of size 4]

[0m(-----------------------------------------)[0m	
 3.8718
 3.8927
 3.7719
 3.8167
[torch.DoubleTensor of size 4]

 4.2445
 4.1319
 4.0621
 4.0276
[torch.DoubleTensor of size 4]

[0m(-----------------------------------------)[0m	
 5.8046
 5.8925
 5.9632
 5.8202
[torch.DoubleTensor of size 4]

 5.8258
 5.8354
 5.9104
 5.8303
[torch.DoubleTensor of size 4]

[0m(-----------------------------------------)[0m	
 3.9926
 3.9318
 3.8420
 3.9551
[torch.DoubleTensor of size 4]

 3.9375
 3.9241
 3.8520
 3.8912
[torch.DoubleTensor of size 4]

[0m(-----------------------------------------)[0m	
 4.4164
 4.4694
 4.4374
 4.4552
[torch.DoubleTensor of size 4]

 3.6611
 3.8284
 3.8239
 3.8907
[torch.DoubleTensor of size 4]

[0m(-----------------------------------------)[0m	
 3.9191
 3.9461
 3.8415
 3.8953
[torch.DoubleTensor of size 4]

 3.8929
 3.8723
 3.7734
 3.8149
[torch.DoubleTensor of size 4]

[0m(-----------------------------------------)[0m	
 9.2746
 9.2682
 9.2606
 9.2701
[torch.DoubleTensor of size 4]

 9.3564
 9.3047
 9.2999
 9.2902
[torch.DoubleTensor of size 4]

[0m(-----------------------------------------)[0m	
 1.2412
 1.5104
 1.2744
 1.2589
[torch.DoubleTensor of size 4]

 1.0207
 1.1559
 1.1120
 1.0369
[torch.DoubleTensor of size 4]

[0m(-----------------------------------------)[0m	
 3.2953
 3.3431
 3.3660
 3.3744
[torch.DoubleTensor of size 4]

 3.3540
 3.4033
 3.3486
 3.3734
[torch.DoubleTensor of size 4]

[0m(-----------------------------------------)[0m	
 1.1420
 1.1335
 1.2100
 1.0137
[torch.DoubleTensor of size 4]

 1.3047
 1.3735
 1.2898
 1.2881
[torch.DoubleTensor of size 4]

[0m(-----------------------------------------)[0m	
 9.2149
 9.3392
 9.3400
 9.3282
[torch.DoubleTensor of size 4]

 9.5154
 9.5601
 9.4978
 9.5072
[torch.DoubleTensor of size 4]

[0m(-----------------------------------------)[0m	
 9.7241
 9.5935
 9.6529
 9.7406
[torch.DoubleTensor of size 4]

 9.5518
 9.5537
 9.5620
 9.5941
[torch.DoubleTensor of size 4]

[0m(-----------------------------------------)[0m	
 1.5673
 1.5400
 1.4493
 1.6215
[torch.DoubleTensor of size 4]

 1.5211
 1.5904
 1.6194
 1.5199
[torch.DoubleTensor of size 4]

[0m(-----------------------------------------)[0m	
 8.5500
 8.7279
 8.5885
 8.5585
[torch.DoubleTensor of size 4]

 8.6532
 8.9130
 8.5176
 8.3186
[torch.DoubleTensor of size 4]

[0m(-----------------------------------------)[0m	
 9.3218
 9.3215
 9.3301
 9.3486
[torch.DoubleTensor of size 4]

 9.2581
 9.2392
 9.2519
 9.3065
[torch.DoubleTensor of size 4]

[0m(-----------------------------------------)[0m	
 9.3787
 9.3526
 9.3986
 9.4044
[torch.DoubleTensor of size 4]

 9.6156
 9.5110
 9.5046
 9.5437
[torch.DoubleTensor of size 4]

[0m(-----------------------------------------)[0m	
 9.4259
 9.4059
 9.4682
 9.4829
[torch.DoubleTensor of size 4]

 9.4084
 9.3624
 9.3568
 9.4914
[torch.DoubleTensor of size 4]

[0m(-----------------------------------------)[0m	
 9.4995
 9.3919
 9.4689
 9.5430
[torch.DoubleTensor of size 4]

 9.3842
 9.2919
 9.5152
 9.3776
[torch.DoubleTensor of size 4]

[0m(-----------------------------------------)[0m	
 6.7208
 6.9181
 6.8677
 6.7833
[torch.DoubleTensor of size 4]

 6.3211
 6.3452
 6.4654
 6.9385
[torch.DoubleTensor of size 4]

[0m(-----------------------------------------)[0m	
 8.7755
 9.0323
 8.8623
 8.7749
[torch.DoubleTensor of size 4]

 8.6767
 8.7664
 8.7071
 8.9368
[torch.DoubleTensor of size 4]

[0m(-----------------------------------------)[0m	
 7.2658
 7.4366
 7.3724
 7.3198
[torch.DoubleTensor of size 4]

 7.4266
 7.6146
 7.5447
 7.4895
[torch.DoubleTensor of size 4]

[0m(-----------------------------------------)[0m	
 9.4275
 9.6496
 9.4838
 9.3830
[torch.DoubleTensor of size 4]

 9.4720
 9.4824
 9.4756
 9.5261
[torch.DoubleTensor of size 4]

[0m(-----------------------------------------)[0m	
 1.3850
 1.2771
 1.3430
 1.3670
[torch.DoubleTensor of size 4]

 1.3754
 1.2301
 1.3492
 1.4218
[torch.DoubleTensor of size 4]

[0m(-----------------------------------------)[0m	
 9.2946
 9.3697
 9.3557
 9.3949
[torch.DoubleTensor of size 4]

 9.3224
 9.3114
 9.2966
 9.3785
[torch.DoubleTensor of size 4]

[0m(-----------------------------------------)[0m	
 9.4466
 9.6721
 9.5129
 9.4981
[torch.DoubleTensor of size 4]

 9.4665
 9.4961
 9.5185
 9.4753
[torch.DoubleTensor of size 4]

[0m(-----------------------------------------)[0m	
 2.0375
 2.2298
 2.0240
 2.0912
[torch.DoubleTensor of size 4]

 2.4596
 2.6065
 2.2595
 2.3667
[torch.DoubleTensor of size 4]

[0m(-----------------------------------------)[0m	
 6.4346
 6.4158
 6.4867
 6.3365
[torch.DoubleTensor of size 4]

 6.3583
 6.4135
 6.4897
 6.3161
[torch.DoubleTensor of size 4]

[0m(-----------------------------------------)[0m	
 8.9406
 8.9417
 8.9551
 8.9259
[torch.DoubleTensor of size 4]

 8.8887
 8.9229
 9.0257
 8.9316
[torch.DoubleTensor of size 4]

[0m(-----------------------------------------)[0m	
 0.8039
 0.8862
 0.8250
 0.8639
[torch.DoubleTensor of size 4]

 0.9324
 1.0525
 0.8911
 0.9335
[torch.DoubleTensor of size 4]

[0m(-----------------------------------------)[0m	
 1.7115
 1.5833
 1.7264
 1.6479
[torch.DoubleTensor of size 4]

 1.6212
 1.6396
 1.6601
 1.6059
[torch.DoubleTensor of size 4]

[0m(-----------------------------------------)[0m	
 1.6077
 1.6305
 1.5022
 1.5955
[torch.DoubleTensor of size 4]

 1.4587
 1.5260
 1.5208
 1.4941
[torch.DoubleTensor of size 4]

[0m(-----------------------------------------)[0m	
 8.9625
 9.1382
 9.0412
 9.0302
[torch.DoubleTensor of size 4]

 8.7792
 8.9878
 9.1965
 8.9277
[torch.DoubleTensor of size 4]

[0m(-----------------------------------------)[0m	
 8.7990
 8.8247
 8.6918
 8.8855
[torch.DoubleTensor of size 4]

 8.7827
 8.9085
 8.7331
 9.0555
[torch.DoubleTensor of size 4]

[0m(-----------------------------------------)[0m	
 5.2905
 5.1365
 5.2638
 5.3109
[torch.DoubleTensor of size 4]

 5.2308
 5.1591
 5.2173
 5.2438
[torch.DoubleTensor of size 4]

[0m(-----------------------------------------)[0m	
 6.7021
 6.8957
 6.8390
 6.6679
[torch.DoubleTensor of size 4]

 7.0249
 7.9049
 7.1357
 6.8287
[torch.DoubleTensor of size 4]

[0m(-----------------------------------------)[0m	
 2.0134
 2.2327
 1.9928
 2.0959
[torch.DoubleTensor of size 4]

 1.6686
 1.9940
 1.6695
 1.8867
[torch.DoubleTensor of size 4]

[0m(-----------------------------------------)[0m	
 8.2366
 8.4346
 8.1076
 8.2269
[torch.DoubleTensor of size 4]

 8.3479
 8.7596
 8.1103
 8.3686
[torch.DoubleTensor of size 4]

[0m(-----------------------------------------)[0m	
 7.7211
 7.7077
 7.7347
 7.8588
[torch.DoubleTensor of size 4]

 7.1458
 7.5319
 7.2642
 8.1088
[torch.DoubleTensor of size 4]

